make: è¿›å…¥ç›®å½•â€œ/home/own/Work Realm/test/10realm/zCore/zCoreâ€
echo Building zCore kenel
Building zCore kenel
cargo build -Z build-std=core,alloc --target x86_64.json --release --features zircon
[0m[0m[1m[36m    Building[0m [                                                         ] 0/109[0m[0m[1m[36m    Building[0m [==============>                                         ] 30/109[0m[0m[1m[36m    Building[0m [==============>                                         ] 31/109[0m[0m[1m[36m    Building[0m [==============================================>         ] 92/109[0m[0m[1m[36m    Building[0m [===============================================>        ] 94/109[0m[0m[1m[36m    Building[0m [===============================================>        ] 95/109[0m[0m[1m[36m    Building[0m [================================================>       ] 96/109[0m[0m[1m[36m    Building[0m [================================================>       ] 97/109[0m[0m[1m[36m    Building[0m [=================================================>      ] 98/109[0m[0m[1m[36m    Building[0m [=================================================>     ] 100/109[K[0m[0m[1m[32m   Compiling[0m zircon-object v0.1.0 (/home/own/Work Realm/test/10realm/zCore/zircon-object)
[0m[0m[1m[36m    Building[0m [=================================================>     ] 101/109[0m[0m[1m[36m    Building[0m [==================================================>    ] 102/109[0m[0m[1m[36m    Building[0m [==================================================>    ] 103/109[K[0m[0m[1m[32m   Compiling[0m kernel-hal-bare v0.1.0 (/home/own/Work Realm/test/10realm/zCore/kernel-hal-bare)
[0m[0m[1m[36m    Building[0m [===================================================>   ] 104/109[0m[0m[1m[36m    Building[0m [===================================================>   ] 105/109[K[0m[0m[1m[32m   Compiling[0m zircon-syscall v0.1.0 (/home/own/Work Realm/test/10realm/zCore/zircon-syscall)
[0m[0m[1m[36m    Building[0m [===================================================>   ] 105/109[K[0m[0m[1m[32m   Compiling[0m zircon-loader v0.1.0 (/home/own/Work Realm/test/10realm/zCore/zircon-loader)
[0m[0m[1m[36m    Building[0m [===================================================>   ] 105/109[0m[0m[1m[36m    Building[0m [====================================================>  ] 106/109[0m[0m[1m[36m    Building[0m [====================================================>  ] 107/109[K[0m[0m[1m[32m   Compiling[0m zcore v0.1.0 (/home/own/Work Realm/test/10realm/zCore/zCore)
[0m[0m[1m[36m    Building[0m [=====================================================> ] 108/109[K[0m[1m[33mwarning[0m[0m[1m: Linking two modules of different data layouts: '' is 'e-m:e-p270:32:32-p271:32:32-p272:64:64-i64:64-f80:128-n8:16:32:64-S128' whereas 'zcore.6ixefaor-cgu.3' is 'e-m:e-i64:64-f80:128-n8:16:32:64-S128'
[0m

[0m[0m[1m[36m    Building[0m [=====================================================> ] 108/109[K[0m[1m[33mwarning[0m[0m[1m: 1 warning emitted[0m

[0m[0m[1m[36m    Building[0m [=====================================================> ] 108/109[K[0m[0m[1m[32m    Finished[0m release [optimized] target(s) in 30.71s
cd ../rboot && make build
make[1]: è¿›å…¥ç›®å½•â€œ/home/own/Work Realm/test/10realm/zCore/rbootâ€
cargo build -Z build-std=core,alloc --target x86_64-unknown-uefi --release
[0m[0m[1m[36m    Building[0m [                                                          ] 0/35[0m[0m[1m[36m    Building[0m [==========================>                              ] 17/35[0m[0m[1m[36m    Building[0m [==============================================>          ] 29/35[0m[0m[1m[36m    Building[0m [===============================================>         ] 30/35[0m[0m[1m[36m    Building[0m [=================================================>       ] 31/35[0m[0m[1m[36m    Building[0m [===================================================>     ] 32/35[0m[0m[1m[36m    Building[0m [====================================================>    ] 33/35[0m[0m[1m[36m    Building[0m [======================================================>  ] 34/35[K[0m[0m[1m[32m    Finished[0m release [optimized] target(s) in 0.10s
make[1]: ç¦»å¼€ç›®å½•â€œ/home/own/Work Realm/test/10realm/zCore/rbootâ€
mkdir -p target/x86_64/release/esp/EFI/zCore target/x86_64/release/esp/EFI/Boot
cp ../rboot/target/x86_64-unknown-uefi/release/rboot.efi target/x86_64/release/esp/EFI/Boot/BootX64.efi
cp rboot.conf target/x86_64/release/esp/EFI/Boot/rboot.conf
cp ../prebuilt/zircon/x64/bringup.zbi target/x86_64/release/esp/EFI/zCore/fuchsia.zbi
cp target/x86_64/release/zcore target/x86_64/release/esp/EFI/zCore/zcore.elf
cp ../prebuilt/zircon/x64/core-tests.zbi target/x86_64/release/esp/EFI/zCore/fuchsia.zbi
echo 'cmdline=LOG=warn:userboot=test/core-standalone-test:userboot.shutdown:core-tests=*-Bti.NoDelayedUnpin,Bti.DecommitRace,ProcessDebugVDSO.*,HandleCloseTest.ManyDuplicateTest*,JobTest.*,JobGetInfoTest.InfoJobProcessesPartiallyUnmappedBufferIsInvalidArgs,JobGetInfoTest.InfoJobChildrenPartiallyUnmappedBufferIsInvalidArgs,PortTest.AsyncWaitInvalidOption,PortTest.Timestamp,PortStressTest.WaitSignalCancel,PortStressTest.SignalCloseWait,ProcessTest.ProcessWaitAsyncCancelSelf,Pthread.*,PThreadBarrierTest.SingleThreadWinsBarrierObjectResetsBetweenIterations,SyncMutex.NoRecursion,Threads.Reading*State,Threads.DebugRegistersValidation,Threads.NoncanonicalRipAddressIRETQ,Threads.StartSuspendedThread,Threads.X86AcFlagUserCopy,Vmar.ProtectOverDemandPagedTest,Vmar.ProtectLargeUncomittedTest,Vmar.UnmapLargeUncommittedTest,Vmar.NestedRegionPermsTest,Vmar.MapSpecificOverwriteTest,Vmar.MapOverDestroyedTest,VmoTestCase.ReadOnlyMap,VmoTestCase.NoPermMap,VmoTestCase.NoPermProtect,VmoTestCase.Commit,VmoTestCase.CacheOp,VmoTestCase.ResizeHazard,VmoTestCase.Cache*,VmoClone2TestCase.PinClonePages,VersionTest.*,BadAccessTest.*,InterruptTest.BindTriggeredIrqToPort,InterruptTest.WaitThreadFunctionsAfterSuspendResume,*Profile*,SystemEvent.*,Resource.*' >> target/x86_64/release/esp/EFI/Boot/rboot.conf
qemu-system-x86_64 -smp 1 -machine q35 -cpu Haswell,+smap,-check,-fsgsbase -drive if=pflash,format=raw,readonly,file=../rboot/OVMF.fd -drive format=raw,file=fat:rw:target/x86_64/release/esp -drive format=qcow2,file=target/x86_64/release/disk.qcow2,id=disk,if=none -device ich9-ahci,id=ahci -device ide-drive,drive=disk,bus=ahci.0 -serial mon:stdio -m 4G -nic none -device isa-debug-exit,iobase=0xf4,iosize=0x04 -display none -nographic
qemu-system-x86_64: -device ide-drive,drive=disk,bus=ahci.0: warning: 'ide-drive' is deprecated, please use 'ide-hd' or 'ide-cd' instead
[2J[01;01H[=3h[2J[01;01H[0m[35m[40m[0m[37m[40mBdsDxe: failed to load Boot0001 "UEFI QEMU HARDDISK QM00013 " from PciRoot(0x0)/Pci(0x2,0x0)/Sata(0x0,0xFFFF,0x0): Not Found
BdsDxe: loading Boot0002 "UEFI QEMU HARDDISK QM00001 " from PciRoot(0x0)/Pci(0x1F,0x2)/Sata(0x0,0xFFFF,0x0)
BdsDxe: starting Boot0002 "UEFI QEMU HARDDISK QM00001 " from PciRoot(0x0)/Pci(0x1F,0x2)/Sata(0x0,0xFFFF,0x0)
INFO: bootloader is running
INFO: opening file: \EFI\Boot\rboot.conf
INFO: loading file to memory
INFO: switching graphic mode
INFO: config: Config {
INFO:     kernel_stack_address: 0xffffff0100000000,
INFO:     kernel_stack_size: 0x200,
INFO:     physical_memory_offset: 0xffff800000000000,
INFO:     kernel_path: "\\EFI\\zCore\\zcore.elf",
INFO:     resolution: Some(
INFO:         (
INFO:             0x400,
INFO:             0x300,
INFO:         ),
INFO:     ),
INFO:     initramfs: Some(
INFO:         "\\EFI\\zCore\\fuchsia.zbi",
INFO:     ),
INFO:     cmdline: "LOG=warn:userboot=test/core-standalone-test:userboot.shutdown:core-tests=*-Bti.NoDelayedUnpin,Bti.DecommitRace,ProcessDebugVDSO.*,HandleCloseTest.ManyDuplicateTest*,JobTest.*,JobGetInfoTest.InfoJobProcessesPartiallyUnmappedBufferIsInvalidArgs,JobGetInfoTest.InfoJobChildrenPartiallyUnmappedBufferIsInvalidArgs,PortTest.AsyncWaitInvalidOption,PortTest.Timestamp,PortStressTest.WaitSignalCancel,PortStressTest.SignalCloseWait,ProcessTest.ProcessWaitAsyncCancelSelf,Pthread.*,PThreadBarrierTest.SingleThreadWinsBarrierObjectResetsBetweenIterations,SyncMutex.NoRecursion,Threads.Reading*State,Threads.DebugRegistersValidation,Threads.NoncanonicalRipAddressIRETQ,Threads.StartSuspendedThread,Threads.X86AcFlagUserCopy,Vmar.ProtectOverDemandPagedTest,Vmar.ProtectLargeUncomittedTest,Vmar.UnmapLargeUncommittedTest,Vmar.NestedRegionPermsTest,Vmar.MapSpecificOverwriteTest,Vmar.MapOverDestroyedTest,VmoTestCase.ReadOnlyMap,VmoTestCase.NoPermMap,VmoTestCase.NoPermProtect,VmoTestCase.Commit,VmoTestCase.CacheOp,VmoTestCase.ResizeHazard,VmoTestCase.Cache*,VmoClone2TestCase.PinClonePages,VersionTest.*,BadAccessTest.*,InterruptTest.BindTriggeredIrqToPort,InterruptTest.WaitThreadFunctionsAfterSuspendResume,*Profile*,SystemEvent.*,Resource.*",
INFO: }
INFO: acpi2: 0x7fbfa014
INFO: smbios: 0x7fbcc000
INFO: opening file: \EFI\zCore\zcore.elf
INFO: loading file to memory
INFO: opening file: \EFI\zCore\fuchsia.zbi
INFO: loading file to memory
INFO: mapping ELF
INFO: mapping stack at 0xffffff0100000000
INFO: mapping physical memory
INFO: exit boot services
[93m[1.716551764s  WARN 0 0:0] get_acpi_table error: RsdpIncorrectSignature
[0muserboot: option "LOG=warn"
userboot: option "userboot=test/core-standalone-test"
userboot: option "userboot.shutdown"
userboot: option "core-tests=*-Bti.NoDelayedUnpin,Bti.DecommitRace,ProcessDebugVDSO.*,HandleCloseTest.ManyDuplicateTest*,JobTest.*,JobGetInfoTest.InfoJobProcessesPartiallyUnmappedBufferIsInvalidArgs,JobGetInfoTest.InfoJobChi
userboot: decompressed BOOTFS to VMO!
userboot: searching bootfs for 'test/core-standalone-test'
userboot: 'test/core-standalone-test' has PT_INTERP "lib/ld.so.1"
userboot: searching bootfs for 'lib/ld.so.1'
userboot: userboot: loaded lib/ld.so.1 at 0x18200000000, entry point 0x1820005772c
userboot: userboot: loaded vDSO at 0x182000af000, entry point 0x182000b6e38
userboot: process test/core-standalone-test started.
userboot: waiting for loader-service requests...
[93m[3.400106023s  WARN 0 0:0] HACKED: test args = "test\u{0}-f\u{0}*-Bti.NoDelayedUnpin:Bti.DecommitRace:ProcessDebugVDSO.*:HandleCloseTest.ManyDuplicateTest*:JobTest.*:JobGetInfoTest.InfoJobProcessesPartiallyUnmappedBufferIsInvalidArgs:JobGetInfoTest.InfoJobChildrenPartiallyUnmappedBufferIsInvalidArgs:PortTest.AsyncWaitInvalidOption:PortTest.Timestamp:PortStressTest.WaitSignalCancel:PortStressTest.SignalCloseWait:ProcessTest.ProcessWaitAsyncCancelSelf:Pthread.*:PThreadBarrierTest.SingleThreadWinsBarrierObjectResetsBetweenIterations:SyncMutex.NoRecursion:Threads.Reading*State:Threads.DebugRegistersValidation:Threads.NoncanonicalRipAddressIRETQ:Threads.StartSuspendedThread:Threads.X86AcFlagUserCopy:Vmar.ProtectOverDemandPagedTest:Vmar.ProtectLargeUncomittedTest:Vmar.UnmapLargeUncommittedTest:Vmar.NestedRegionPermsTest:Vmar.MapSpecificOverwriteTest:Vmar.MapOverDestroyedTest:VmoTestCase.ReadOnlyMap:VmoTestCase.NoPermMap:VmoTestCase.NoPermProtect:VmoTestCase.Commit:VmoTestCase.CacheOp:VmoTestCase.ResizeHazard:VmoTestCase.Cache*:VmoClone2TestCase.PinClonePages:VersionTest.*:BadAccessTest.*:InterruptTest.BindTriggeredIrqToPort:InterruptTest.WaitThreadFunctionsAfterSuspendResume:*Profile*:SystemEvent.*:Resource.*\u{0}"
[0muserboot: searching bootfs for 'lib/libfdio.so'
userboot: searching bootfs for 'lib/libmini-process.so'
userboot: searching bootfs for 'lib/libinspector.so'
userboot: searching bootfs for 'lib/libtest-exceptions.so'
userboot: searching bootfs for 'lib/libsyslog.so'
userboot: searching bootfs for 'lib/libunittest.so'
userboot: searching bootfs for 'lib/libc++.so.2'
userboot: searching bootfs for 'lib/libc++abi.so.1'
userboot: searching bootfs for 'lib/libunwind.so.1'
{{{reset}}}
{{{module:0:test:elf:56cc8d497fd54e13}}}
{{{mmap:0x10200000000:0x96000:load:0:r:0}}}
{{{mmap:0x10200096000:0x3c5000:load:0:rx:0x96000}}}
{{{mmap:0x1020045b000:0x10000:load:0:rw:0x45b000}}}
{{{mmap:0x1020046b000:0x1000:load:0:rw:0x46b000}}}
dso: id=56cc8d497fd54e13 base=0x0000010200000000 name=test
{{{module:0x3:libfdio.so:elf:dafc3f065a1f5b25}}}
{{{mmap:0x182000f8000:0x16000:load:0x3:r:0}}}
{{{mmap:0x1820010e000:0x59000:load:0x3:rx:0x16000}}}
{{{mmap:0x18200167000:0x3000:load:0x3:rw:0x6f000}}}
{{{mmap:0x1820016a000:0x4000:load:0x3:rw:0x72000}}}
dso: id=dafc3f065a1f5b25 base=0x00000182000f8000 name=libfdio.so
{{{module:0x4:libmini-process.so:elf:3d7341f1bacf14c8}}}
{{{mmap:0x1820016e000:0x2000:load:0x4:r:0}}}
{{{mmap:0x18200170000:0x2000:load:0x4:rx:0x2000}}}
{{{mmap:0x18200172000:0x1000:load:0x4:rw:0x4000}}}
{{{mmap:0x18200173000:0x1000:load:0x4:rw:0x5000}}}
dso: id=3d7341f1bacf14c8 base=0x000001820016e000 name=libmini-process.so
{{{module:0x5:libinspector.so:elf:2f69b8107fa3dc4e}}}
{{{mmap:0x18200174000:0x6000:load:0x5:r:0}}}
{{{mmap:0x1820017a000:0x15000:load:0x5:rx:0x6000}}}
{{{mmap:0x1820018f000:0x1000:load:0x5:rw:0x1b000}}}
{{{mmap:0x18200190000:0xf000:load:0x5:rw:0x1c000}}}
dso: id=2f69b8107fa3dc4e base=0x0000018200174000 name=libinspector.so
{{{module:0x6:libtest-exceptions.so:elf:9b11c8f781a20eb7}}}
{{{mmap:0x1820019f000:0x1000:load:0x6:r:0}}}
{{{mmap:0x182001a0000:0x1000:load:0x6:rx:0x1000}}}
{{{mmap:0x182001a1000:0x1000:load:0x6:rw:0x2000}}}
dso: id=9b11c8f781a20eb7 base=0x000001820019f000 name=libtest-exceptions.so
{{{module:0x7:libsyslog.so:elf:3064f8b7abc34a74}}}
{{{mmap:0x182001a2000:0x4000:load:0x7:r:0}}}
{{{mmap:0x182001a6000:0x7000:load:0x7:rx:0x4000}}}
{{{mmap:0x182001ad000:0x1000:load:0x7:rw:0xb000}}}
{{{mmap:0x182001ae000:0x1000:load:0x7:rw:0xc000}}}
dso: id=3064f8b7abc34a74 base=0x00000182001a2000 name=libsyslog.so
{{{module:0x8:libunittest.so:elf:d607ffdf9c366a5e}}}
{{{mmap:0x182001af000:0x3000:load:0x8:r:0}}}
{{{mmap:0x182001b2000:0x2000:load:0x8:rx:0x3000}}}
{{{mmap:0x182001b4000:0x1000:load:0x8:rw:0x5000}}}
{{{mmap:0x182001b5000:0x2000:load:0x8:rw:0x6000}}}
dso: id=d607ffdf9c366a5e base=0x00000182001af000 name=libunittest.so
{{{module:0x2:<vDSO>:elf:43ee7ebb5dc809d4}}}
{{{mmap:0x182000af000:0x7000:load:0x2:r:0}}}
{{{mmap:0x182000b6000:0x2000:load:0x2:rx:0x7000}}}
dso: id=43ee7ebb5dc809d4 base=0x00000182000af000 name=<vDSO>
{{{module:0x9:libc++.so.2:elf:f0859e1ce39d0113}}}
{{{mmap:0x182001b7000:0x51000:load:0x9:r:0}}}
{{{mmap:0x18200208000:0x74000:load:0x9:rx:0x51000}}}
{{{mmap:0x1820027c000:0x6000:load:0x9:rw:0xc5000}}}
{{{mmap:0x18200282000:0x7000:load:0x9:rw:0xcb000}}}
dso: id=f0859e1ce39d0113 base=0x00000182001b7000 name=libc++.so.2
{{{module:0xa:libc++abi.so.1:elf:a5f4709b440b951e}}}
{{{mmap:0x18200289000:0x12000:load:0xa:r:0}}}
{{{mmap:0x1820029b000:0x1c000:load:0xa:rx:0x12000}}}
{{{mmap:0x182002b7000:0x4000:load:0xa:rw:0x2e000}}}
{{{mmap:0x182002bb000:0x1000:load:0xa:rw:0x32000}}}
dso: id=a5f4709b440b951e base=0x0000018200289000 name=libc++abi.so.1
{{{module:0x1:libc.so:elf:1b1e17757ec5c736}}}
{{{mmap:0x18200000000:0x4f000:load:0x1:r:0}}}
{{{mmap:0x1820004f000:0x5b000:load:0x1:rx:0x4f000}}}
{{{mmap:0x182000aa000:0x2000:load:0x1:rw:0xaa000}}}
{{{mmap:0x182000ac000:0x3000:load:0x1:rw:0xac000}}}
dso: id=1b1e17757ec5c736 base=0x0000018200000000 name=libc.so
{{{module:0xb:libunwind.so.1:elf:dc66c3d80e22e1eb}}}
{{{mmap:0x182002bc000:0x4000:load:0xb:r:0}}}
{{{mmap:0x182002c0000:0x6000:load:0xb:rx:0x4000}}}
{{{mmap:0x182002c6000:0x1000:load:0xb:rw:0xa000}}}
{{{mmap:0x182002c7000:0x1000:load:0xb:rw:0xb000}}}
dso: id=dc66c3d80e22e1eb base=0x00000182002bc000 name=libunwind.so.1
[93m[3.451493666s  WARN 0 0:0] HACKED: test args = "test\u{0}-f\u{0}*-Bti.NoDelayedUnpin:Bti.DecommitRace:ProcessDebugVDSO.*:HandleCloseTest.ManyDuplicateTest*:JobTest.*:JobGetInfoTest.InfoJobProcessesPartiallyUnmappedBufferIsInvalidArgs:JobGetInfoTest.InfoJobChildrenPartiallyUnmappedBufferIsInvalidArgs:PortTest.AsyncWaitInvalidOption:PortTest.Timestamp:PortStressTest.WaitSignalCancel:PortStressTest.SignalCloseWait:ProcessTest.ProcessWaitAsyncCancelSelf:Pthread.*:PThreadBarrierTest.SingleThreadWinsBarrierObjectResetsBetweenIterations:SyncMutex.NoRecursion:Threads.Reading*State:Threads.DebugRegistersValidation:Threads.NoncanonicalRipAddressIRETQ:Threads.StartSuspendedThread:Threads.X86AcFlagUserCopy:Vmar.ProtectOverDemandPagedTest:Vmar.ProtectLargeUncomittedTest:Vmar.UnmapLargeUncommittedTest:Vmar.NestedRegionPermsTest:Vmar.MapSpecificOverwriteTest:Vmar.MapOverDestroyedTest:VmoTestCase.ReadOnlyMap:VmoTestCase.NoPermMap:VmoTestCase.NoPermProtect:VmoTestCase.Commit:VmoTestCase.CacheOp:VmoTestCase.ResizeHazard:VmoTestCase.Cache*:VmoClone2TestCase.PinClonePages:VersionTest.*:BadAccessTest.*:InterruptTest.BindTriggeredIrqToPort:InterruptTest.WaitThreadFunctionsAfterSuspendResume:*Profile*:SystemEvent.*:Resource.*\u{0}"
[0m*** Running standalone Zircon core tests ***
[==========] Flag Values:
             --gtest_filter = *-Bti.NoDelayedUnpin:Bti.DecommitRace:ProcessDebugVDSO.*:HandleCloseTest.ManyDuplicateTest*:JobTest.*:JobGetInfoTest.InfoJobProcessesPartiallyUnmappedBufferIsInvalidArgs:JobGetInfoTest.InfoJobCh
ildrenPartiallyUnmappedBufferIsInvalidArgs:PortTest.AsyncWaitInvalidOption:PortTest.Timestamp:PortStressTest.WaitSignalCancel:PortStressTest.SignalCloseWait:ProcessTest.ProcessWaitAsyncCancelSelf:Pthread.*:PThreadBarrierTest
.SingleThreadWinsBarrierObjectResetsBetweenIterations:SyncMutex.NoRecursion:Threads.Reading*State:Threads.DebugRegistersValidation:Threads.NoncanonicalRipAddressIRETQ:Threads.StartSuspendedThread:Threads.X86AcFlagUserCopy:Vm
ar.ProtectOverDemandPagedTest:Vmar.ProtectLargeUncomittedTest:Vmar.UnmapLargeUncommittedTest:Vmar.NestedRegionPermsTest:Vmar.MapSpecificOverwriteTest:Vmar.MapOverDestroyedTest:VmoTestCase.ReadOnlyMap:VmoTestCase.NoPermMap:Vm
oTestCase.NoPermProtect:VmoTestCase.Commit:VmoTestCase.CacheOp:VmoTestCase.ResizeHazard:VmoTestCase.Cache*:VmoClone2TestCase.PinClonePages:VersionTest.*:BadAccessTest.*:InterruptTest.BindTriggeredIrqToPort:InterruptTest.Wait
ThreadFunctionsAfterSuspendResume:*Profile*:SystemEvent.*:Resource.*
             --gtest_random_seed = 3
[==========] 
[==========] Running 737 tests from 61 test cases.
[----------] Global test environment set-up.
[----------] 3 tests from ConditionalVariableTest
[ RUN      ] ConditionalVariableTest.BroadcastSignalThreadWait
[       OK ] ConditionalVariableTest.BroadcastSignalThreadWait (12 ms)
[ RUN      ] ConditionalVariableTest.SignalThreadWait
[       OK ] ConditionalVariableTest.SignalThreadWait (5 ms)
[ RUN      ] ConditionalVariableTest.ConditionalVariablesTimeout
[       OK ] ConditionalVariableTest.ConditionalVariablesTimeout (5 ms)
[----------] 3 tests from ConditionalVariableTest (25 ms total)

[----------] 5 tests from C11MutexTest
[ RUN      ] C11MutexTest.MultiThreadedContention
[       OK ] C11MutexTest.MultiThreadedContention (4209 ms)
[ RUN      ] C11MutexTest.TryMutexMultiThreadedContention
[       OK ] C11MutexTest.TryMutexMultiThreadedContention (4 ms)
[ RUN      ] C11MutexTest.InitalizeLocalMutex
[       OK ] C11MutexTest.InitalizeLocalMutex (0 ms)
[ RUN      ] C11MutexTest.StaticInitalizerSameBytesAsAuto
[       OK ] C11MutexTest.StaticInitalizerSameBytesAsAuto (0 ms)
[ RUN      ] C11MutexTest.TimeoutElapsed
[       OK ] C11MutexTest.TimeoutElapsed (536 ms)
[----------] 5 tests from C11MutexTest (4753 ms total)

[----------] 6 tests from C11ThreadTest
[ RUN      ] C11ThreadTest.ThreadLocalErrno
[       OK ] C11ThreadTest.ThreadLocalErrno (106 ms)
[ RUN      ] C11ThreadTest.NullNameThreadShouldSucceed
[       OK ] C11ThreadTest.NullNameThreadShouldSucceed (1 ms)
[ RUN      ] C11ThreadTest.CreateAndVerifyThreadHandle
[       OK ] C11ThreadTest.CreateAndVerifyThreadHandle (1 ms)
[ RUN      ] C11ThreadTest.DetachedThreadKeepsRunning
[       OK ] C11ThreadTest.DetachedThreadKeepsRunning (11 ms)
[ RUN      ] C11ThreadTest.LongNameSucceeds
[       OK ] C11ThreadTest.LongNameSucceeds (1 ms)
[ RUN      ] C11ThreadTest.SelfDetachAndFree
[       OK ] C11ThreadTest.SelfDetachAndFree (563 ms)
[----------] 6 tests from C11ThreadTest (692 ms total)

[----------] 1 test from CppThreadTest
[ RUN      ] CppThreadTest.CreateAndVerifyThreadHandle
[       OK ] CppThreadTest.CreateAndVerifyThreadHandle (1 ms)
[----------] 1 test from CppThreadTest (1 ms total)

[----------] 2 tests from ChannelInternalTest
[ RUN      ] ChannelInternalTest.CallFinishWithoutPreviouslyCallingCallReturnsBadState
[       OK ] ChannelInternalTest.CallFinishWithoutPreviouslyCallingCallReturnsBadState (0 ms)
[ RUN      ] ChannelInternalTest.TransferChannelWithPendingCallInSourceProcess
[       OK ] ChannelInternalTest.TransferChannelWithPendingCallInSourceProcess (6 ms)
[----------] 2 tests from ChannelInternalTest (7 ms total)

[----------] 38 tests from ChannelTest
[ RUN      ] ChannelTest.CreateIsOkAndEndpointsAreRelated
[       OK ] ChannelTest.CreateIsOkAndEndpointsAreRelated (0 ms)
[ RUN      ] ChannelTest.IsWriteableByDefault
[       OK ] ChannelTest.IsWriteableByDefault (0 ms)
[ RUN      ] ChannelTest.WriteToEndpointCausesOtherToBecomeReadable
[       OK ] ChannelTest.WriteToEndpointCausesOtherToBecomeReadable (0 ms)
[ RUN      ] ChannelTest.WriteConsumesAllHandles
[       OK ] ChannelTest.WriteConsumesAllHandles (0 ms)
[ RUN      ] ChannelTest.WaitManyIsSignaledOnAnyElementWrite
[       OK ] ChannelTest.WaitManyIsSignaledOnAnyElementWrite (3 ms)
[ RUN      ] ChannelTest.WaitManyIsSignaledForBothWrites
[       OK ] ChannelTest.WaitManyIsSignaledForBothWrites (2 ms)
[ RUN      ] ChannelTest.ReadWhenEmptyReturnsShouldWait
[       OK ] ChannelTest.ReadWhenEmptyReturnsShouldWait (0 ms)
[ RUN      ] ChannelTest.ReadWhenEmptyAndClosedReturnsPeerClosed
[       OK ] ChannelTest.ReadWhenEmptyAndClosedReturnsPeerClosed (0 ms)
[ RUN      ] ChannelTest.ReadRemainingMessagesWhenPeerIsClosed
[       OK ] ChannelTest.ReadRemainingMessagesWhenPeerIsClosed (1 ms)
[ RUN      ] ChannelTest.CloseSignalsPeerClosed
[       OK ] ChannelTest.CloseSignalsPeerClosed (0 ms)
[ RUN      ] ChannelTest.CloseClearsSignalsWriteable
[       OK ] ChannelTest.CloseClearsSignalsWriteable (0 ms)
[ RUN      ] ChannelTest.CloseSignalsPeerReturnsPeerClosed
[       OK ] ChannelTest.CloseSignalsPeerReturnsPeerClosed (0 ms)
[ RUN      ] ChannelTest.OnFlightHandlesSignalledWhenPeerIsClosed
[       OK ] ChannelTest.OnFlightHandlesSignalledWhenPeerIsClosed (1 ms)
[ RUN      ] ChannelTest.WriteNonTransferableHandleReturnsAccessDeniedAndClosesHandle
[       OK ] ChannelTest.WriteNonTransferableHandleReturnsAccessDeniedAndClosesHandle (1 ms)
[ RUN      ] ChannelTest.WriteRepeatedHandlesReturnsBadHandlesAndClosesHandle
[       OK ] ChannelTest.WriteRepeatedHandlesReturnsBadHandlesAndClosesHandle (0 ms)
[ RUN      ] ChannelTest.ConcurrentReadsConsumeUniqueElements
[       OK ] ChannelTest.ConcurrentReadsConsumeUniqueElements (36 ms)
[ RUN      ] ChannelTest.ReadMayDiscardWithNullBuffersReturnsBufferTooSmall
[       OK ] ChannelTest.ReadMayDiscardWithNullBuffersReturnsBufferTooSmall (1 ms)
[ RUN      ] ChannelTest.ReadMayDiscardWithNullBufferDiscardsDataReturnsBufferTooSmall
[       OK ] ChannelTest.ReadMayDiscardWithNullBufferDiscardsDataReturnsBufferTooSmall (0 ms)
[ RUN      ] ChannelTest.ReadMayDiscardWithNullBufferDiscardHandlesReturnsBufferTooSmall
[       OK ] ChannelTest.ReadMayDiscardWithNullBufferDiscardHandlesReturnsBufferTooSmall (0 ms)
[ RUN      ] ChannelTest.ReadMayDiscardWithZeroSizeBuffersDiscardHandlesAndDataReturnsBufferTooSmall
[       OK ] ChannelTest.ReadMayDiscardWithZeroSizeBuffersDiscardHandlesAndDataReturnsBufferTooSmall (1 ms)
[ RUN      ] ChannelTest.ReadMayDiscardWithSmallerBufferDiscardHandlesAndDateReturnsBufferTooSmall
[       OK ] ChannelTest.ReadMayDiscardWithSmallerBufferDiscardHandlesAndDateReturnsBufferTooSmall (1 ms)
[ RUN      ] ChannelTest.CallWrittenBytesSmallerThanZxTxIdReturnsInvalidArgs
[       OK ] ChannelTest.CallWrittenBytesSmallerThanZxTxIdReturnsInvalidArgs (0 ms)
[ RUN      ] ChannelTest.CallResponseBiggerThanRdNumBytesReturnsBufferTooSmall
[       OK ] ChannelTest.CallResponseBiggerThanRdNumBytesReturnsBufferTooSmall (3 ms)
[ RUN      ] ChannelTest.CallResponseBiggerThanRdNumHandlesReturnsBufferTooSmall
[       OK ] ChannelTest.CallResponseBiggerThanRdNumHandlesReturnsBufferTooSmall (2 ms)
[ RUN      ] ChannelTest.CallBytesFitIsOk
[       OK ] ChannelTest.CallBytesFitIsOk (2 ms)
[ RUN      ] ChannelTest.CallHandlesFitIsOk
[       OK ] ChannelTest.CallHandlesFitIsOk (3 ms)
[ RUN      ] ChannelTest.CallHandleAndBytesFitsIsOk
[       OK ] ChannelTest.CallHandleAndBytesFitsIsOk (3 ms)
[ RUN      ] ChannelTest.CallNullptrNumBytesIsInvalidArgs
[       OK ] ChannelTest.CallNullptrNumBytesIsInvalidArgs (1 ms)
[ RUN      ] ChannelTest.CallNullptrNumHandlesInvalidArgs
[       OK ] ChannelTest.CallNullptrNumHandlesInvalidArgs (1 ms)
[ RUN      ] ChannelTest.CallPendingTransactionsUseDifferentIds
[       OK ] ChannelTest.CallPendingTransactionsUseDifferentIds (43 ms)
[ RUN      ] ChannelTest.CallDeadlineExceededReturnsTimedOut
[       OK ] ChannelTest.CallDeadlineExceededReturnsTimedOut (4 ms)
[ RUN      ] ChannelTest.CallConsumesHandlesOnSuccess
[       OK ] ChannelTest.CallConsumesHandlesOnSuccess (1 ms)
[ RUN      ] ChannelTest.CallConsumesHandlesOnError
[       OK ] ChannelTest.CallConsumesHandlesOnError (0 ms)
[ RUN      ] ChannelTest.CallNotifiedOnPeerClosed
[       OK ] ChannelTest.CallNotifiedOnPeerClosed (2 ms)
[ RUN      ] ChannelTest.NestingIsOk
[       OK ] ChannelTest.NestingIsOk (6 ms)
[ RUN      ] ChannelTest.WriteSelfHandleReturnsNotSupported
[       OK ] ChannelTest.WriteSelfHandleReturnsNotSupported (0 ms)
[ RUN      ] ChannelTest.ReadEtcHandleInfoValidation
[       OK ] ChannelTest.ReadEtcHandleInfoValidation (1 ms)
[ RUN      ] ChannelTest.ReadAndWriteWithMultipleSizes
[       OK ] ChannelTest.ReadAndWriteWithMultipleSizes (453 ms)
[----------] 38 tests from ChannelTest (601 ms total)

[----------] 27 tests from ChannelWriteEtcTest
[ RUN      ] ChannelWriteEtcTest.MultipleHandlesSomeInvalidResultsReportedCorrectly
[       OK ] ChannelWriteEtcTest.MultipleHandlesSomeInvalidResultsReportedCorrectly (1 ms)
[ RUN      ] ChannelWriteEtcTest.ImproperlyInitalizedResultsArgReportedBackAsOriginallyInitalized
[       OK ] ChannelWriteEtcTest.ImproperlyInitalizedResultsArgReportedBackAsOriginallyInitalized (0 ms)
[ RUN      ] ChannelWriteEtcTest.FailureDoesNotResultInReceivedPacket
[       OK ] ChannelWriteEtcTest.FailureDoesNotResultInReceivedPacket (0 ms)
[ RUN      ] ChannelWriteEtcTest.SentHandleReferrsToSameObject
[       OK ] ChannelWriteEtcTest.SentHandleReferrsToSameObject (0 ms)
[ RUN      ] ChannelWriteEtcTest.InvalidOpArgShouldFail
[       OK ] ChannelWriteEtcTest.InvalidOpArgShouldFail (0 ms)
[ RUN      ] ChannelWriteEtcTest.HandleArgNotAChannelHandleShouldFail
[       OK ] ChannelWriteEtcTest.HandleArgNotAChannelHandleShouldFail (0 ms)
[ RUN      ] ChannelWriteEtcTest.ChannelHandleNotValidShouldFail
[       OK ] ChannelWriteEtcTest.ChannelHandleNotValidShouldFail (0 ms)
[ RUN      ] ChannelWriteEtcTest.ChannelHandleWithoutWriteRightShouldFail
[       OK ] ChannelWriteEtcTest.ChannelHandleWithoutWriteRightShouldFail (0 ms)
[ RUN      ] ChannelWriteEtcTest.HandleWithoutTransferRightShouldFail
[       OK ] ChannelWriteEtcTest.HandleWithoutTransferRightShouldFail (0 ms)
[ RUN      ] ChannelWriteEtcTest.InvalidHandleInTransferredHandlesShouldFail
[       OK ] ChannelWriteEtcTest.InvalidHandleInTransferredHandlesShouldFail (1 ms)
[ RUN      ] ChannelWriteEtcTest.RepeatedHandlesWithOpMoveHandlesShouldFail
[       OK ] ChannelWriteEtcTest.RepeatedHandlesWithOpMoveHandlesShouldFail (0 ms)
[ RUN      ] ChannelWriteEtcTest.DuplicateHandlesInTransferredHandlesShouldSucceed
[       OK ] ChannelWriteEtcTest.DuplicateHandlesInTransferredHandlesShouldSucceed (0 ms)
[ RUN      ] ChannelWriteEtcTest.HandleDoesNotMatchTypeShouldFail
[       OK ] ChannelWriteEtcTest.HandleDoesNotMatchTypeShouldFail (10 ms)
[ RUN      ] ChannelWriteEtcTest.OptionsArgNonZeroShouldFail
[       OK ] ChannelWriteEtcTest.OptionsArgNonZeroShouldFail (1 ms)
[ RUN      ] ChannelWriteEtcTest.ChannelHandleInTransferredHandlesShouldFail
[       OK ] ChannelWriteEtcTest.ChannelHandleInTransferredHandlesShouldFail (0 ms)
[ RUN      ] ChannelWriteEtcTest.OppositeChannelEndClosedShouldFail
[       OK ] ChannelWriteEtcTest.OppositeChannelEndClosedShouldFail (1 ms)
[ RUN      ] ChannelWriteEtcTest.HandleCountBoundaryChecks
[       OK ] ChannelWriteEtcTest.HandleCountBoundaryChecks (2 ms)
[ RUN      ] ChannelWriteEtcTest.HandleCountAndDataCountBothZeroShouldSucceed
[       OK ] ChannelWriteEtcTest.HandleCountAndDataCountBothZeroShouldSucceed (0 ms)
[ RUN      ] ChannelWriteEtcTest.MaximumNumberHandlesWithZeroCountArrayArgShouldSucceed
[       OK ] ChannelWriteEtcTest.MaximumNumberHandlesWithZeroCountArrayArgShouldSucceed (1 ms)
[ RUN      ] ChannelWriteEtcTest.ByteCountIsMaxShouldSucceed
[       OK ] ChannelWriteEtcTest.ByteCountIsMaxShouldSucceed (0 ms)
[ RUN      ] ChannelWriteEtcTest.ByteCountIsMaxPlusOneShouldFail
[       OK ] ChannelWriteEtcTest.ByteCountIsMaxPlusOneShouldFail (0 ms)
[ RUN      ] ChannelWriteEtcTest.NullptrArgWhenSizeNonZeroShouldFail
[       OK ] ChannelWriteEtcTest.NullptrArgWhenSizeNonZeroShouldFail (0 ms)
[ RUN      ] ChannelWriteEtcTest.RemoveAllHandleRightsShouldSucceed
[       OK ] ChannelWriteEtcTest.RemoveAllHandleRightsShouldSucceed (1 ms)
[ RUN      ] ChannelWriteEtcTest.RemovingSomeHandleRightsShouldSucceed
[       OK ] ChannelWriteEtcTest.RemovingSomeHandleRightsShouldSucceed (2 ms)
[ RUN      ] ChannelWriteEtcTest.SameHandleRightsBitsShouldSucceed
[       OK ] ChannelWriteEtcTest.SameHandleRightsBitsShouldSucceed (1 ms)
[ RUN      ] ChannelWriteEtcTest.SameHandleRightsFlagShouldSucceed
[       OK ] ChannelWriteEtcTest.SameHandleRightsFlagShouldSucceed (1 ms)
[ RUN      ] ChannelWriteEtcTest.HandleWithoutDuplicateRightsMoveOpSucceedsDuplicateOpFails
[       OK ] ChannelWriteEtcTest.HandleWithoutDuplicateRightsMoveOpSucceedsDuplicateOpFails (1 ms)
[----------] 27 tests from ChannelWriteEtcTest (44 ms total)

[----------] 2 tests from ClockTest
[ RUN      ] ClockTest.ClockMonotonic
[       OK ] ClockTest.ClockMonotonic (764 ms)
[ RUN      ] ClockTest.DeadlineAfter
[       OK ] ClockTest.DeadlineAfter (0 ms)
[----------] 2 tests from ClockTest (765 ms total)

[----------] 12 tests from ExecutableTlsTest
[ RUN      ] ExecutableTlsTest.BasicInitalizersInThread
[       OK ] ExecutableTlsTest.BasicInitalizersInThread (3 ms)
[ RUN      ] ExecutableTlsTest.BasicInitalizersInMain
[       OK ] ExecutableTlsTest.BasicInitalizersInMain (0 ms)
[ RUN      ] ExecutableTlsTest.ArrayInitializerInThread
[       OK ] ExecutableTlsTest.ArrayInitializerInThread (2 ms)
[ RUN      ] ExecutableTlsTest.ArrayInitializerInMain
[       OK ] ExecutableTlsTest.ArrayInitializerInMain (0 ms)
[ RUN      ] ExecutableTlsTest.BigArrayInitializerInThread
[       OK ] ExecutableTlsTest.BigArrayInitializerInThread (11 ms)
[ RUN      ] ExecutableTlsTest.BigArrayInitializerInMain
[       OK ] ExecutableTlsTest.BigArrayInitializerInMain (4 ms)
[ RUN      ] ExecutableTlsTest.StructureInitializerInThread
[       OK ] ExecutableTlsTest.StructureInitializerInThread (1 ms)
[ RUN      ] ExecutableTlsTest.StructureInitalizierInMain
[       OK ] ExecutableTlsTest.StructureInitalizierInMain (0 ms)
[ RUN      ] ExecutableTlsTest.AlignmentInitializerInThread
[       OK ] ExecutableTlsTest.AlignmentInitializerInThread (3 ms)
[ RUN      ] ExecutableTlsTest.AlignmentInitializierInMain
[       OK ] ExecutableTlsTest.AlignmentInitializierInMain (0 ms)
[ RUN      ] ExecutableTlsTest.ArrayInitializerSpamThread
[       OK ] ExecutableTlsTest.ArrayInitializerSpamThread (144 ms)
[ RUN      ] ExecutableTlsTest.ArrayInitializierSpamMain
[       OK ] ExecutableTlsTest.ArrayInitializierSpamMain (0 ms)
[----------] 12 tests from ExecutableTlsTest (178 ms total)

[----------] 8 tests from EventPairTest
[ RUN      ] EventPairTest.HandlesNotInvalid
[       OK ] EventPairTest.HandlesNotInvalid (0 ms)
[ RUN      ] EventPairTest.HandleRightsAreCorrect
[       OK ] EventPairTest.HandleRightsAreCorrect (0 ms)
[ RUN      ] EventPairTest.KoidsAreCorrect
[       OK ] EventPairTest.KoidsAreCorrect (0 ms)
[ RUN      ] EventPairTest.CheckNoFlagsSupported
[       OK ] EventPairTest.CheckNoFlagsSupported (0 ms)
[ RUN      ] EventPairTest.SignalEventPairAndClearVerifySignals
[       OK ] EventPairTest.SignalEventPairAndClearVerifySignals (0 ms)
[ RUN      ] EventPairTest.SignalPeerAndVerifyRecived
[       OK ] EventPairTest.SignalPeerAndVerifyRecived (0 ms)
[ RUN      ] EventPairTest.SignalPeerThenCloseAndVerifySignalReceived
[       OK ] EventPairTest.SignalPeerThenCloseAndVerifySignalReceived (0 ms)
[ RUN      ] EventPairTest.SignalingClosedPeerReturnsPeerClosed
[       OK ] EventPairTest.SignalingClosedPeerReturnsPeerClosed (0 ms)
[----------] 8 tests from EventPairTest (5 ms total)

[----------] 9 tests from FifoTest
[ RUN      ] FifoTest.InvalidParametersReturnOutOfRange
[       OK ] FifoTest.InvalidParametersReturnOutOfRange (0 ms)
[ RUN      ] FifoTest.EndpointsAreRelated
[       OK ] FifoTest.EndpointsAreRelated (1 ms)
[ RUN      ] FifoTest.EmptyQueueReturnsErrShouldWait
[       OK ] FifoTest.EmptyQueueReturnsErrShouldWait (0 ms)
[ RUN      ] FifoTest.ReadAndWriteValidatesSizeAndElementCount
[       OK ] FifoTest.ReadAndWriteValidatesSizeAndElementCount (0 ms)
[ RUN      ] FifoTest.DequeueSignalsWriteable
[       OK ] FifoTest.DequeueSignalsWriteable (1 ms)
[ RUN      ] FifoTest.FifoOrderIsPreserved
[       OK ] FifoTest.FifoOrderIsPreserved (0 ms)
[ RUN      ] FifoTest.PartialWriteQueuesElementsThatFit
[       OK ] FifoTest.PartialWriteQueuesElementsThatFit (0 ms)
[ RUN      ] FifoTest.IndividualReadsPreserveOrder
[       OK ] FifoTest.IndividualReadsPreserveOrder (0 ms)
[ RUN      ] FifoTest.EndpointCloseSignalsPeerClosed
[       OK ] FifoTest.EndpointCloseSignalsPeerClosed (0 ms)
[----------] 9 tests from FifoTest (8 ms total)

[----------] 1 test from FPUTest
[ RUN      ] FPUTest.LongComputeLoop
[       OK ] FPUTest.LongComputeLoop (8 ms)
[----------] 1 test from FPUTest (8 ms total)

[----------] 14 tests from FutexTest
[ RUN      ] FutexTest.WaitValueMismatch
[       OK ] FutexTest.WaitValueMismatch (0 ms)
[ RUN      ] FutexTest.WaitTimeout
[       OK ] FutexTest.WaitTimeout (0 ms)
[ RUN      ] FutexTest.WaitTimeoutElapsed
[       OK ] FutexTest.WaitTimeoutElapsed (532 ms)
[ RUN      ] FutexTest.WaitBadAddress
[       OK ] FutexTest.WaitBadAddress (1 ms)
[ RUN      ] FutexTest.Wakeup
[       OK ] FutexTest.Wakeup (13 ms)
[ RUN      ] FutexTest.WakeupLimit
[       OK ] FutexTest.WakeupLimit (658 ms)
[ RUN      ] FutexTest.WakeupAddress
[       OK ] FutexTest.WakeupAddress (31 ms)
[ RUN      ] FutexTest.RequeueValueMismatch
[       OK ] FutexTest.RequeueValueMismatch (0 ms)
[ RUN      ] FutexTest.RequeueSameAddr
[       OK ] FutexTest.RequeueSameAddr (0 ms)
[ RUN      ] FutexTest.Requeue
[       OK ] FutexTest.Requeue (992 ms)
[ RUN      ] FutexTest.RequeueUnqueuedOnTimeout
[       OK ] FutexTest.RequeueUnqueuedOnTimeout (313 ms)
[ RUN      ] FutexTest.ThreadSuspended
[       OK ] FutexTest.ThreadSuspended (321 ms)
[ RUN      ] FutexTest.MisalignedFutextAddr
[       OK ] FutexTest.MisalignedFutextAddr (0 ms)
[ RUN      ] FutexTest.EventSignaling
[00000013.554655376]: starting signal threads
[00000013.556774954]: thread 1 waiting on event
[00000013.556997217]: thread 2 waiting on event
[00000013.557202403]: thread 3 waiting on event
[00000013.562190828]: signaling event
[00000013.562463885]: joining signal threads
[00000013.562750841]: thread 1 done
[00000013.563146365]: thread 2 done
[00000013.563459046]: thread 3 done
[00000013.563790810]: signal_thread 1 joined
[00000013.564035645]: signal_thread 2 joined
[00000013.564245194]: signal_thread 3 joined
[       OK ] FutexTest.EventSignaling (9 ms)
[----------] 14 tests from FutexTest (2880 ms total)

[----------] 2 tests from HandleCloseTest
[ RUN      ] HandleCloseTest.Many
[       OK ] HandleCloseTest.Many (0 ms)
[ RUN      ] HandleCloseTest.ManyInvalidHandlesShouldNotFail
[       OK ] HandleCloseTest.ManyInvalidHandlesShouldNotFail (0 ms)
[----------] 2 tests from HandleCloseTest (2 ms total)

[----------] 4 tests from HandleDup
[ RUN      ] HandleDup.ReplaceSuccessOrigInvalid
[       OK ] HandleDup.ReplaceSuccessOrigInvalid (0 ms)
[ RUN      ] HandleDup.ReplaceFailureBothInvalid
[       OK ] HandleDup.ReplaceFailureBothInvalid (0 ms)
[ RUN      ] HandleDup.Replace
[       OK ] HandleDup.Replace (0 ms)
[ RUN      ] HandleDup.Duplicate
[       OK ] HandleDup.Duplicate (0 ms)
[----------] 4 tests from HandleDup (3 ms total)

[----------] 4 tests from HandleInfoTest
[ RUN      ] HandleInfoTest.DupAndInfoRights
[       OK ] HandleInfoTest.DupAndInfoRights (0 ms)
[ RUN      ] HandleInfoTest.RelatedKoid
[       OK ] HandleInfoTest.RelatedKoid (1 ms)
[ RUN      ] HandleInfoTest.DuplicateRights
[       OK ] HandleInfoTest.DuplicateRights (1 ms)
[ RUN      ] HandleInfoTest.ReplaceRights
[       OK ] HandleInfoTest.ReplaceRights (0 ms)
[----------] 4 tests from HandleInfoTest (5 ms total)

[----------] 2 tests from HandleTransferTest
[ RUN      ] HandleTransferTest.OverChannelThenRead
[       OK ] HandleTransferTest.OverChannelThenRead (1 ms)
[ RUN      ] HandleTransferTest.CancelsWait
[       OK ] HandleTransferTest.CancelsWait (6 ms)
[----------] 2 tests from HandleTransferTest (8 ms total)

[----------] 2 tests from HandleWaitTest
[ RUN      ] HandleWaitTest.HandleWaitTest
threads started
sending message 5 on handle 285087
waiting for message on handle 285087
waiting for message on handle 285091
received message 5
sending message 6 on handle 285091
waiting for message on handle 285091
waiting for message on handle 285099
received message 6
sending message 2 on handle 285087
sending message 5 on handle 285095
waiting for message on handle 285095
received message 2
received message 5
sending message 6 on handle 285099
waiting for message on handle 285099
received message 6
waiting for message on handle 285087
sending message 4 on handle 285091
waiting for message on handle 285091
received message 4
sending message 0 on handle 285087
sending message 0 on handle 285095
received message 0
thread 1 exiting
sending message 1 on handle 285091
received message 0
thread 2 exiting
sending message 1 on handle 285099
[       OK ] HandleWaitTest.HandleWaitTest (10 ms)
[ RUN      ] HandleWaitTest.HandleWaitMultipleThreads
threads started
[       OK ] HandleWaitTest.HandleWaitMultipleThreads (4 ms)
[----------] 2 tests from HandleWaitTest (15 ms total)

[----------] 8 tests from MemoryMappingTest
[ RUN      ] MemoryMappingTest.AddressSpaceLimitsTest
../../zircon/system/utest/core/memory-mapping/memory-mapping.cc:62: Failure: Expected status is ZX_OK. vm_map
    Expected: ZX_OK
    Which is: ZX_OK(0)
    Actual  : status
    Which is: ZX_ERR_INVALID_ARGS(-10)
../../zircon/system/utest/core/memory-mapping/memory-mapping.cc:69: Failure: Expected status == ZX_ERR_NO_MEMORY. vm_map
    Expected: (-4)
    Which is: -4
    Actual  : status
    Which is: -10
../../zircon/system/utest/core/memory-mapping/memory-mapping.cc:72: Failure: Expected zx_vmar_unmap(zx_vmar_root_self(), addr, page_size) is ZX_OK. 
    Expected: ZX_OK
    Which is: ZX_OK(0)
    Actual  : zx_vmar_unmap(zx_vmar_root_self(), addr, page_size)
    Which is: ZX_ERR_INVALID_ARGS(-10)
[  FAILED  ] MemoryMappingTest.AddressSpaceLimitsTest (6 ms)
[ RUN      ] MemoryMappingTest.MmapZerofilledTest
[       OK ] MemoryMappingTest.MmapZerofilledTest (0 ms)
[ RUN      ] MemoryMappingTest.MmapLenTest
[       OK ] MemoryMappingTest.MmapLenTest (0 ms)
[ RUN      ] MemoryMappingTest.MmapOffsetTest
[       OK ] MemoryMappingTest.MmapOffsetTest (0 ms)
[ RUN      ] MemoryMappingTest.MmapProtExecTest
[       OK ] MemoryMappingTest.MmapProtExecTest (1 ms)
[ RUN      ] MemoryMappingTest.MmapProtTest
../../zircon/system/utest/core/memory-mapping/memory-mapping.cc:156: Failure: Expected addr != MAP_FAILED. mmap should have succeeded for PROT_NONE
    Expected: ((void*)-1)
    Which is: FF FF FF FF FF FF FF FF
    Actual  : addr
    Which is: FF FF FF FF FF FF FF FF
[  FAILED  ] MemoryMappingTest.MmapProtTest (2 ms)
[ RUN      ] MemoryMappingTest.MmapFlagsTest
[       OK ] MemoryMappingTest.MmapFlagsTest (0 ms)
[ RUN      ] MemoryMappingTest.MprotectTest
../../zircon/system/utest/core/memory-mapping/memory-mapping.cc:211: Failure: Exception was never raised. write to addr should have caused a crash
[  FAILED  ] MemoryMappingTest.MprotectTest (5 ms)
[----------] 8 tests from MemoryMappingTest (21 ms total)

[----------] 1 test from ObjectChildTest
[ RUN      ] ObjectChildTest.InvalidHandleReturnsBadHandle
[       OK ] ObjectChildTest.InvalidHandleReturnsBadHandle (0 ms)
[----------] 1 test from ObjectChildTest (0 ms total)

[----------] 4 tests from ObjectGetInfoTest
[ RUN      ] ObjectGetInfoTest.OpenValidHandleSuceeds
[       OK ] ObjectGetInfoTest.OpenValidHandleSuceeds (0 ms)
[ RUN      ] ObjectGetInfoTest.ClosedValidHandleFails
[       OK ] ObjectGetInfoTest.ClosedValidHandleFails (0 ms)
[ RUN      ] ObjectGetInfoTest.HandleCountCorrectness
[       OK ] ObjectGetInfoTest.HandleCountCorrectness (0 ms)
[ RUN      ] ObjectGetInfoTest.InvalidHandleFails
[       OK ] ObjectGetInfoTest.InvalidHandleFails (0 ms)
[----------] 4 tests from ObjectGetInfoTest (4 ms total)

[----------] 37 tests from JobGetInfoTest
[ RUN      ] JobGetInfoTest.InfoJobProcessesGetChild
[       OK ] JobGetInfoTest.InfoJobProcessesGetChild (1 ms)
[ RUN      ] JobGetInfoTest.InfoJobChildJobsGetChild
[       OK ] JobGetInfoTest.InfoJobChildJobsGetChild (0 ms)
[ RUN      ] JobGetInfoTest.InfoJobProcessesOnSelfSuceeds
[       OK ] JobGetInfoTest.InfoJobProcessesOnSelfSuceeds (0 ms)
[ RUN      ] JobGetInfoTest.InfoJobProcessesInvalidHandleFails
[       OK ] JobGetInfoTest.InfoJobProcessesInvalidHandleFails (0 ms)
[ RUN      ] JobGetInfoTest.InfoJobProcessesNullAvailSucceeds
../../zircon/system/utest/core/object-info/helper.h:191: Failure: Expected handle.get_info(topic, entries, sizeof(EntryType) * entry_count, &tmp, nullptr) is ZX_OK. 
    Expected: ZX_OK
    Which is: ZX_OK(0)
    Actual  : handle.get_info(topic, entries, sizeof(EntryType) * entry_count, &tmp, nullptr)
    Which is: ZX_ERR_INVALID_ARGS(-10)
../../zircon/system/utest/core/object-info/job-object-info-test.cc:179: Failure: Test registered fatal failures in (CheckNullAvailSuceeds<zx_koid_t>(ZX_INFO_JOB_PROCESSES, 1, GetHandleProvider())). 
[  FAILED  ] JobGetInfoTest.InfoJobProcessesNullAvailSucceeds (3 ms)
[ RUN      ] JobGetInfoTest.InfoJobProcessesNullActualSucceeds
../../zircon/system/utest/core/object-info/helper.h:181: Failure: Expected handle.get_info(topic, entries, sizeof(EntryType) * entry_count, nullptr, &tmp) is ZX_OK. 
    Expected: ZX_OK
    Which is: ZX_OK(0)
    Actual  : handle.get_info(topic, entries, sizeof(EntryType) * entry_count, nullptr, &tmp)
    Which is: ZX_ERR_INVALID_ARGS(-10)
../../zircon/system/utest/core/object-info/job-object-info-test.cc:184: Failure: Test registered fatal failures in (CheckNullActualSuceeds<zx_koid_t>(ZX_INFO_JOB_PROCESSES, 1, GetHandleProvider())). 
[  FAILED  ] JobGetInfoTest.InfoJobProcessesNullActualSucceeds (4 ms)
[ RUN      ] JobGetInfoTest.InfoJobProcessesNullActualAndAvailSucceeds
../../zircon/system/utest/core/object-info/helper.h:199: Failure: Expected handle.get_info(topic, entries, sizeof(EntryType) * entry_count, nullptr, nullptr) is ZX_OK. 
    Expected: ZX_OK
    Which is: ZX_OK(0)
    Actual  : handle.get_info(topic, entries, sizeof(EntryType) * entry_count, nullptr, nullptr)
    Which is: ZX_ERR_INVALID_ARGS(-10)
../../zircon/system/utest/core/object-info/job-object-info-test.cc:189: Failure: Test registered fatal failures in (CheckNullActualAndAvailSuceeds<zx_koid_t>(ZX_INFO_JOB_PROCESSES, 1, GetHandleProvider())). 
[  FAILED  ] JobGetInfoTest.InfoJobProcessesNullActualAndAvailSucceeds (3 ms)
[ RUN      ] JobGetInfoTest.InfoJobProcessesInvalidBufferPointerFails
../../zircon/system/utest/core/object-info/helper.h:181: Failure: Expected handle.get_info(topic, entries, sizeof(EntryType) * entry_count, nullptr, &tmp) is ZX_OK. 
    Expected: ZX_OK
    Which is: ZX_OK(0)
    Actual  : handle.get_info(topic, entries, sizeof(EntryType) * entry_count, nullptr, &tmp)
    Which is: ZX_ERR_INVALID_ARGS(-10)
../../zircon/system/utest/core/object-info/job-object-info-test.cc:194: Failure: Test registered fatal failures in (CheckNullActualSuceeds<zx_koid_t>(ZX_INFO_JOB_PROCESSES, 1, GetHandleProvider())). 
[  FAILED  ] JobGetInfoTest.InfoJobProcessesInvalidBufferPointerFails (2 ms)
[ RUN      ] JobGetInfoTest.InfoJobProcessesBadActualgIsInvalidArg
../../zircon/system/utest/core/object-info/helper.h:181: Failure: Expected handle.get_info(topic, entries, sizeof(EntryType) * entry_count, nullptr, &tmp) is ZX_OK. 
    Expected: ZX_OK
    Which is: ZX_OK(0)
    Actual  : handle.get_info(topic, entries, sizeof(EntryType) * entry_count, nullptr, &tmp)
    Which is: ZX_ERR_INVALID_ARGS(-10)
../../zircon/system/utest/core/object-info/job-object-info-test.cc:199: Failure: Test registered fatal failures in (CheckNullActualSuceeds<zx_koid_t>(ZX_INFO_JOB_PROCESSES, 1, GetHandleProvider())). 
[  FAILED  ] JobGetInfoTest.InfoJobProcessesBadActualgIsInvalidArg (3 ms)
[ RUN      ] JobGetInfoTest.InfoJobProcessesBadAvailIsInvalidArg
../../zircon/system/utest/core/object-info/helper.h:181: Failure: Expected handle.get_info(topic, entries, sizeof(EntryType) * entry_count, nullptr, &tmp) is ZX_OK. 
    Expected: ZX_OK
    Which is: ZX_OK(0)
    Actual  : handle.get_info(topic, entries, sizeof(EntryType) * entry_count, nullptr, &tmp)
    Which is: ZX_ERR_INVALID_ARGS(-10)
../../zircon/system/utest/core/object-info/job-object-info-test.cc:204: Failure: Test registered fatal failures in (CheckNullActualSuceeds<zx_koid_t>(ZX_INFO_JOB_PROCESSES, 1, GetHandleProvider())). 
[  FAILED  ] JobGetInfoTest.InfoJobProcessesBadAvailIsInvalidArg (2 ms)
[ RUN      ] JobGetInfoTest.InfoJobProcessesZeroSizedBufferIsOk
[       OK ] JobGetInfoTest.InfoJobProcessesZeroSizedBufferIsOk (0 ms)
[ RUN      ] JobGetInfoTest.InfoJobProcessesSmallBufferIsOk
[       OK ] JobGetInfoTest.InfoJobProcessesSmallBufferIsOk (0 ms)
[ RUN      ] JobGetInfoTest.InfoJobProcessesRequiresEnumerateRights
[       OK ] JobGetInfoTest.InfoJobProcessesRequiresEnumerateRights (1 ms)
[ RUN      ] JobGetInfoTest.InfoJobProcessesProcessbHandleIsBadHandle
[       OK ] JobGetInfoTest.InfoJobProcessesProcessbHandleIsBadHandle (0 ms)
[ RUN      ] JobGetInfoTest.InfoJobProcessesThreadHandleIsBadHandle
[       OK ] JobGetInfoTest.InfoJobProcessesThreadHandleIsBadHandle (0 ms)
[ RUN      ] JobGetInfoTest.InfoJobChildrenOnSelfSuceeds
[       OK ] JobGetInfoTest.InfoJobChildrenOnSelfSuceeds (0 ms)
[ RUN      ] JobGetInfoTest.InfoJobChildrenInvalidHandleFails
[       OK ] JobGetInfoTest.InfoJobChildrenInvalidHandleFails (0 ms)
[ RUN      ] JobGetInfoTest.InfoJobChildrenNullAvailSucceeds
../../zircon/system/utest/core/object-info/helper.h:191: Failure: Expected handle.get_info(topic, entries, sizeof(EntryType) * entry_count, &tmp, nullptr) is ZX_OK. 
    Expected: ZX_OK
    Which is: ZX_OK(0)
    Actual  : handle.get_info(topic, entries, sizeof(EntryType) * entry_count, &tmp, nullptr)
    Which is: ZX_ERR_INVALID_ARGS(-10)
../../zircon/system/utest/core/object-info/job-object-info-test.cc:251: Failure: Test registered fatal failures in (CheckNullAvailSuceeds<zx_koid_t>(ZX_INFO_JOB_CHILDREN, 1, GetHandleProvider())). 
[  FAILED  ] JobGetInfoTest.InfoJobChildrenNullAvailSucceeds (3 ms)
[ RUN      ] JobGetInfoTest.InfoJobChildrenNullActualSucceeds
../../zircon/system/utest/core/object-info/helper.h:181: Failure: Expected handle.get_info(topic, entries, sizeof(EntryType) * entry_count, nullptr, &tmp) is ZX_OK. 
    Expected: ZX_OK
    Which is: ZX_OK(0)
    Actual  : handle.get_info(topic, entries, sizeof(EntryType) * entry_count, nullptr, &tmp)
    Which is: ZX_ERR_INVALID_ARGS(-10)
../../zircon/system/utest/core/object-info/job-object-info-test.cc:256: Failure: Test registered fatal failures in (CheckNullActualSuceeds<zx_koid_t>(ZX_INFO_JOB_CHILDREN, 1, GetHandleProvider())). 
[  FAILED  ] JobGetInfoTest.InfoJobChildrenNullActualSucceeds (2 ms)
[ RUN      ] JobGetInfoTest.InfoJobChildrenNullActualAndAvailSucceeds
../../zircon/system/utest/core/object-info/helper.h:199: Failure: Expected handle.get_info(topic, entries, sizeof(EntryType) * entry_count, nullptr, nullptr) is ZX_OK. 
    Expected: ZX_OK
    Which is: ZX_OK(0)
    Actual  : handle.get_info(topic, entries, sizeof(EntryType) * entry_count, nullptr, nullptr)
    Which is: ZX_ERR_INVALID_ARGS(-10)
../../zircon/system/utest/core/object-info/job-object-info-test.cc:261: Failure: Test registered fatal failures in (CheckNullActualAndAvailSuceeds<zx_koid_t>(ZX_INFO_JOB_CHILDREN, 1, GetHandleProvider())). 
[  FAILED  ] JobGetInfoTest.InfoJobChildrenNullActualAndAvailSucceeds (3 ms)
[ RUN      ] JobGetInfoTest.InfoJobChildrenInvalidBufferPointerFails
../../zircon/system/utest/core/object-info/helper.h:181: Failure: Expected handle.get_info(topic, entries, sizeof(EntryType) * entry_count, nullptr, &tmp) is ZX_OK. 
    Expected: ZX_OK
    Which is: ZX_OK(0)
    Actual  : handle.get_info(topic, entries, sizeof(EntryType) * entry_count, nullptr, &tmp)
    Which is: ZX_ERR_INVALID_ARGS(-10)
../../zircon/system/utest/core/object-info/job-object-info-test.cc:266: Failure: Test registered fatal failures in (CheckNullActualSuceeds<zx_koid_t>(ZX_INFO_JOB_CHILDREN, 1, GetHandleProvider())). 
[  FAILED  ] JobGetInfoTest.InfoJobChildrenInvalidBufferPointerFails (2 ms)
[ RUN      ] JobGetInfoTest.InfoJobChildrenBadActualgIsInvalidArg
../../zircon/system/utest/core/object-info/helper.h:181: Failure: Expected handle.get_info(topic, entries, sizeof(EntryType) * entry_count, nullptr, &tmp) is ZX_OK. 
    Expected: ZX_OK
    Which is: ZX_OK(0)
    Actual  : handle.get_info(topic, entries, sizeof(EntryType) * entry_count, nullptr, &tmp)
    Which is: ZX_ERR_INVALID_ARGS(-10)
../../zircon/system/utest/core/object-info/job-object-info-test.cc:271: Failure: Test registered fatal failures in (CheckNullActualSuceeds<zx_koid_t>(ZX_INFO_JOB_CHILDREN, 1, GetHandleProvider())). 
[  FAILED  ] JobGetInfoTest.InfoJobChildrenBadActualgIsInvalidArg (2 ms)
[ RUN      ] JobGetInfoTest.InfoJobChildrenBadAvailIsInvalidArg
../../zircon/system/utest/core/object-info/helper.h:181: Failure: Expected handle.get_info(topic, entries, sizeof(EntryType) * entry_count, nullptr, &tmp) is ZX_OK. 
    Expected: ZX_OK
    Which is: ZX_OK(0)
    Actual  : handle.get_info(topic, entries, sizeof(EntryType) * entry_count, nullptr, &tmp)
    Which is: ZX_ERR_INVALID_ARGS(-10)
../../zircon/system/utest/core/object-info/job-object-info-test.cc:276: Failure: Test registered fatal failures in (CheckNullActualSuceeds<zx_koid_t>(ZX_INFO_JOB_CHILDREN, 1, GetHandleProvider())). 
[  FAILED  ] JobGetInfoTest.InfoJobChildrenBadAvailIsInvalidArg (2 ms)
[ RUN      ] JobGetInfoTest.InfoJobChildrenZeroSizedBufferIsOk
[       OK ] JobGetInfoTest.InfoJobChildrenZeroSizedBufferIsOk (0 ms)
[ RUN      ] JobGetInfoTest.InfoJobChildrenSmallBufferIsOk
[       OK ] JobGetInfoTest.InfoJobChildrenSmallBufferIsOk (0 ms)
[ RUN      ] JobGetInfoTest.InfoJobChildrenRequiresEnumerateRights
[       OK ] JobGetInfoTest.InfoJobChildrenRequiresEnumerateRights (0 ms)
[ RUN      ] JobGetInfoTest.InfoJobChildrenJobHandleIsBadHandle
[       OK ] JobGetInfoTest.InfoJobChildrenJobHandleIsBadHandle (0 ms)
[ RUN      ] JobGetInfoTest.InfoJobChildrenThreadHandleIsBadHandle
[       OK ] JobGetInfoTest.InfoJobChildrenThreadHandleIsBadHandle (0 ms)
[ RUN      ] JobGetInfoTest.InfoHandleBasicOnSelfSuceeds
[       OK ] JobGetInfoTest.InfoHandleBasicOnSelfSuceeds (0 ms)
[ RUN      ] JobGetInfoTest.InfoHandleBasicInvalidHandleFails
[       OK ] JobGetInfoTest.InfoHandleBasicInvalidHandleFails (0 ms)
[ RUN      ] JobGetInfoTest.InfoHandleBasicNullAvailSucceeds
[       OK ] JobGetInfoTest.InfoHandleBasicNullAvailSucceeds (0 ms)
[ RUN      ] JobGetInfoTest.InfoHandleBasicNullActualSucceeds
[       OK ] JobGetInfoTest.InfoHandleBasicNullActualSucceeds (0 ms)
[ RUN      ] JobGetInfoTest.InfoHandleBasicNullActualAndAvailSucceeds
[       OK ] JobGetInfoTest.InfoHandleBasicNullActualAndAvailSucceeds (0 ms)
[ RUN      ] JobGetInfoTest.InfoHandleBasicInvalidBufferPointerFails
[       OK ] JobGetInfoTest.InfoHandleBasicInvalidBufferPointerFails (0 ms)
[ RUN      ] JobGetInfoTest.InfoHandleBasicBadActualgIsInvalidArg
[       OK ] JobGetInfoTest.InfoHandleBasicBadActualgIsInvalidArg (0 ms)
[ RUN      ] JobGetInfoTest.InfoHandleBasicBadAvailIsInvalidArg
[       OK ] JobGetInfoTest.InfoHandleBasicBadAvailIsInvalidArg (0 ms)
[ RUN      ] JobGetInfoTest.InfoHandleBasicZeroSizedBufferFails
../../zircon/system/utest/core/object-info/helper.h:122: Failure: Expected actual == 0u. 
    Expected: 0u
    Which is: 0
    Actual  : actual
    Which is: 12297829382473034410
[  FAILED  ] JobGetInfoTest.InfoHandleBasicZeroSizedBufferFails (2 ms)
[----------] 37 tests from JobGetInfoTest (71 ms total)

[----------] 69 tests from ProcessGetInfoTest
[ RUN      ] ProcessGetInfoTest.InfoProcessMapsUnstartedSuceeds
[31m[13.705775536s ERROR 0 0:0] not supported info topic: ProcessMaps
[0m../../zircon/system/utest/core/object-info/process-object-info-test.cc:221: Failure: Expected process.get_info(ZX_INFO_PROCESS_MAPS, &maps, 0, &actual, &avail) is ZX_OK. 
    Expected: ZX_OK
    Which is: ZX_OK(0)
    Actual  : process.get_info(((zx_object_info_topic_t) 13u), &maps, 0, &actual, &avail)
    Which is: ZX_ERR_NOT_SUPPORTED(-2)
[  FAILED  ] ProcessGetInfoTest.InfoProcessMapsUnstartedSuceeds (3 ms)
[ RUN      ] ProcessGetInfoTest.InfoProcessMapsSmokeTest
[31m[13.709010704s ERROR 0 0:0] not supported info topic: ProcessMaps
[0m../../zircon/system/utest/core/object-info/process-object-info-test.cc:237: Failure: Expected process.get_info(ZX_INFO_PROCESS_MAPS, static_cast<void*>(maps.get()), entry_count * sizeof(zx_info_maps_t), &actual, &avail) is Z
X_OK. 
    Expected: ZX_OK
    Which is: ZX_OK(0)
    Actual  : process.get_info(((zx_object_info_topic_t) 13u), static_cast<void*>(maps.get()), entry_count * sizeof(zx_info_maps_t), &actual, &avail)
    Which is: ZX_ERR_NOT_SUPPORTED(-2)
[  FAILED  ] ProcessGetInfoTest.InfoProcessMapsSmokeTest (3 ms)
[ RUN      ] ProcessGetInfoTest.InfoProcessHandleStats
[31m[13.712759702s ERROR 0 0:0] not supported info topic: ProcessHandleStats
[0m../../zircon/system/utest/core/object-info/process-object-info-test.cc:349: Failure: Expected zx::process::self()->get_info(ZX_INFO_PROCESS_HANDLE_STATS, &info, sizeof(info), nullptr, nullptr) is ZX_OK. 
    Expected: ZX_OK
    Which is: ZX_OK(0)
    Actual  : zx::process::self()->get_info(((zx_object_info_topic_t) 21u), &info, sizeof(info), nullptr, nullptr)
    Which is: ZX_ERR_NOT_SUPPORTED(-2)
[  FAILED  ] ProcessGetInfoTest.InfoProcessHandleStats (2 ms)
[ RUN      ] ProcessGetInfoTest.InfoProcessHandleTable
../../zircon/system/utest/core/object-info/process-object-info-test.cc:380: Failure: Expected process.get_info(ZX_INFO_HANDLE_TABLE, &handle_info, sizeof(handle_info), &actual, &avail) is ZX_OK. 
    Expected: ZX_OK
    Which is: ZX_OK(0)
    Actual  : process.get_info(((zx_object_info_topic_t) 27u), &handle_info, sizeof(handle_info), &actual, &avail)
    Which is: ZX_ERR_INVALID_ARGS(-10)
[  FAILED  ] ProcessGetInfoTest.InfoProcessHandleTable (2 ms)
[ RUN      ] ProcessGetInfoTest.InfoProcessHandleTableInsufficientRights
../../zircon/system/utest/core/object-info/process-object-info-test.cc:407: Failure: Expected ZX_ERR_ACCESS_DENIED == selfie.get_info(ZX_INFO_HANDLE_TABLE, nullptr, 0, nullptr, &avail). 
    Expected: selfie.get_info(((zx_object_info_topic_t) 27u), nullptr, 0, nullptr, &avail)
    Which is: -10
    Actual  : (-30)
    Which is: -30
[  FAILED  ] ProcessGetInfoTest.InfoProcessHandleTableInsufficientRights (3 ms)
[ RUN      ] ProcessGetInfoTest.InfoProcessHandleTableEmpty
../../zircon/system/utest/core/object-info/process-object-info-test.cc:420: Failure: Expected process.get_info(ZX_INFO_HANDLE_TABLE, &handle_info, sizeof(handle_info), &actual, &avail) is ZX_OK. 
    Expected: ZX_OK
    Which is: ZX_OK(0)
    Actual  : process.get_info(((zx_object_info_topic_t) 27u), &handle_info, sizeof(handle_info), &actual, &avail)
    Which is: ZX_ERR_INVALID_ARGS(-10)
[  FAILED  ] ProcessGetInfoTest.InfoProcessHandleTableEmpty (2 ms)
[ RUN      ] ProcessGetInfoTest.InfoProcessHandleTableSelf
../../zircon/system/utest/core/object-info/process-object-info-test.cc:430: Failure: Expected zx::process::self()->get_info(ZX_INFO_HANDLE_TABLE, nullptr, 0, nullptr, &avail) is ZX_OK. 
    Expected: ZX_OK
    Which is: ZX_OK(0)
    Actual  : zx::process::self()->get_info(((zx_object_info_topic_t) 27u), nullptr, 0, nullptr, &avail)
    Which is: ZX_ERR_INVALID_ARGS(-10)
[  FAILED  ] ProcessGetInfoTest.InfoProcessHandleTableSelf (3 ms)
[ RUN      ] ProcessGetInfoTest.InfoProcessHandleTableInvalidHandleFails
../../zircon/system/utest/core/object-info/helper.h:54: Failure: Expected ZX_ERR_BAD_HANDLE == handle.get_info(topic, entries, sizeof(EntryType) * entry_count, &actual, &avail). 
    Expected: handle.get_info(topic, entries, sizeof(EntryType) * entry_count, &actual, &avail)
    Which is: -10
    Actual  : (-11)
    Which is: -11
../../zircon/system/utest/core/object-info/process-object-info-test.cc:468: Failure: Test registered fatal failures in (CheckInvalidHandleFails<zx_info_handle_extended_t>( ZX_INFO_HANDLE_TABLE, 1, GetHandleProvider())). 
[  FAILED  ] ProcessGetInfoTest.InfoProcessHandleTableInvalidHandleFails (3 ms)
[ RUN      ] ProcessGetInfoTest.InfoProcessHandleTableNullAvailSuceeds
../../zircon/system/utest/core/object-info/helper.h:191: Failure: Expected handle.get_info(topic, entries, sizeof(EntryType) * entry_count, &tmp, nullptr) is ZX_OK. 
    Expected: ZX_OK
    Which is: ZX_OK(0)
    Actual  : handle.get_info(topic, entries, sizeof(EntryType) * entry_count, &tmp, nullptr)
    Which is: ZX_ERR_INVALID_ARGS(-10)
../../zircon/system/utest/core/object-info/process-object-info-test.cc:473: Failure: Test registered fatal failures in (CheckNullAvailSuceeds<zx_info_handle_extended_t>( ZX_INFO_HANDLE_TABLE, 1, GetHandleProvider())). 
[  FAILED  ] ProcessGetInfoTest.InfoProcessHandleTableNullAvailSuceeds (3 ms)
[ RUN      ] ProcessGetInfoTest.InfoProcessHandleTableNullActualAvailSuceeds
../../zircon/system/utest/core/object-info/helper.h:199: Failure: Expected handle.get_info(topic, entries, sizeof(EntryType) * entry_count, nullptr, nullptr) is ZX_OK. 
    Expected: ZX_OK
    Which is: ZX_OK(0)
    Actual  : handle.get_info(topic, entries, sizeof(EntryType) * entry_count, nullptr, nullptr)
    Which is: ZX_ERR_INVALID_ARGS(-10)
../../zircon/system/utest/core/object-info/process-object-info-test.cc:478: Failure: Test registered fatal failures in (CheckNullActualAndAvailSuceeds<zx_info_handle_extended_t>( ZX_INFO_HANDLE_TABLE, 1, GetHandleProvider())
). 
[  FAILED  ] ProcessGetInfoTest.InfoProcessHandleTableNullActualAvailSuceeds (3 ms)
[ RUN      ] ProcessGetInfoTest.InfoProcessHandleTableInvalidBufferPointerFails
../../zircon/system/utest/core/object-info/helper.h:181: Failure: Expected handle.get_info(topic, entries, sizeof(EntryType) * entry_count, nullptr, &tmp) is ZX_OK. 
    Expected: ZX_OK
    Which is: ZX_OK(0)
    Actual  : handle.get_info(topic, entries, sizeof(EntryType) * entry_count, nullptr, &tmp)
    Which is: ZX_ERR_INVALID_ARGS(-10)
../../zircon/system/utest/core/object-info/process-object-info-test.cc:483: Failure: Test registered fatal failures in (CheckNullActualSuceeds<zx_info_handle_extended_t>( ZX_INFO_HANDLE_TABLE, 1, GetHandleProvider())). 
[  FAILED  ] ProcessGetInfoTest.InfoProcessHandleTableInvalidBufferPointerFails (2 ms)
[ RUN      ] ProcessGetInfoTest.InfoProcessMapsOnSelfFails
[31m[13.743812478s ERROR 0 0:0] not supported info topic: ProcessMaps
[0m../../zircon/system/utest/core/object-info/helper.h:41: Failure: Expected self.get_info(topic, entries, sizeof(EntryType) * entry_count, &actual, &avail) is ZX_OK. 
    Expected: ZX_OK
    Which is: ZX_OK(0)
    Actual  : self.get_info(topic, entries, sizeof(EntryType) * entry_count, &actual, &avail)
    Which is: ZX_ERR_NOT_SUPPORTED(-2)
../../zircon/system/utest/core/object-info/process-object-info-test.cc:488: Failure: Test registered fatal failures in (CheckSelfInfoSuceeds<zx_info_maps_t>(ZX_INFO_PROCESS_MAPS, 1, process_provider())). 
[  FAILED  ] ProcessGetInfoTest.InfoProcessMapsOnSelfFails (4 ms)
[ RUN      ] ProcessGetInfoTest.InfoProcessMapsInvalidHandleFails
[31m[13.748438893s ERROR 0 0:0] not supported info topic: ProcessMaps
[0m../../zircon/system/utest/core/object-info/helper.h:54: Failure: Expected ZX_ERR_BAD_HANDLE == handle.get_info(topic, entries, sizeof(EntryType) * entry_count, &actual, &avail). 
    Expected: handle.get_info(topic, entries, sizeof(EntryType) * entry_count, &actual, &avail)
    Which is: -2
    Actual  : (-11)
    Which is: -11
../../zircon/system/utest/core/object-info/process-object-info-test.cc:493: Failure: Test registered fatal failures in (CheckInvalidHandleFails<zx_info_maps_t>(ZX_INFO_PROCESS_MAPS, 1, GetHandleProvider())). 
[  FAILED  ] ProcessGetInfoTest.InfoProcessMapsInvalidHandleFails (3 ms)
[ RUN      ] ProcessGetInfoTest.InfoProcessMapsNullAvailSucceeds
[31m[13.752347703s ERROR 0 0:0] not supported info topic: ProcessMaps
[0m../../zircon/system/utest/core/object-info/helper.h:191: Failure: Expected handle.get_info(topic, entries, sizeof(EntryType) * entry_count, &tmp, nullptr) is ZX_OK. 
    Expected: ZX_OK
    Which is: ZX_OK(0)
    Actual  : handle.get_info(topic, entries, sizeof(EntryType) * entry_count, &tmp, nullptr)
    Which is: ZX_ERR_NOT_SUPPORTED(-2)
../../zircon/system/utest/core/object-info/process-object-info-test.cc:498: Failure: Test registered fatal failures in (CheckNullAvailSuceeds<zx_info_maps_t>(ZX_INFO_PROCESS_MAPS, 1, GetHandleProvider())). 
[  FAILED  ] ProcessGetInfoTest.InfoProcessMapsNullAvailSucceeds (4 ms)
[ RUN      ] ProcessGetInfoTest.InfoProcessMapsNullActualSucceeds
[31m[13.757219923s ERROR 0 0:0] not supported info topic: ProcessMaps
[0m../../zircon/system/utest/core/object-info/helper.h:181: Failure: Expected handle.get_info(topic, entries, sizeof(EntryType) * entry_count, nullptr, &tmp) is ZX_OK. 
    Expected: ZX_OK
    Which is: ZX_OK(0)
    Actual  : handle.get_info(topic, entries, sizeof(EntryType) * entry_count, nullptr, &tmp)
    Which is: ZX_ERR_NOT_SUPPORTED(-2)
../../zircon/system/utest/core/object-info/process-object-info-test.cc:503: Failure: Test registered fatal failures in (CheckNullActualSuceeds<zx_info_maps_t>(ZX_INFO_PROCESS_MAPS, 1, GetHandleProvider())). 
[  FAILED  ] ProcessGetInfoTest.InfoProcessMapsNullActualSucceeds (3 ms)
[ RUN      ] ProcessGetInfoTest.InfoProcessMapsNullActualAndAvailSucceeds
[31m[13.760560687s ERROR 0 0:0] not supported info topic: ProcessMaps
[0m../../zircon/system/utest/core/object-info/helper.h:199: Failure: Expected handle.get_info(topic, entries, sizeof(EntryType) * entry_count, nullptr, nullptr) is ZX_OK. 
    Expected: ZX_OK
    Which is: ZX_OK(0)
    Actual  : handle.get_info(topic, entries, sizeof(EntryType) * entry_count, nullptr, nullptr)
    Which is: ZX_ERR_NOT_SUPPORTED(-2)
../../zircon/system/utest/core/object-info/process-object-info-test.cc:508: Failure: Test registered fatal failures in (CheckNullActualAndAvailSuceeds<zx_info_maps_t>(ZX_INFO_PROCESS_MAPS, 1, GetHandleProvider())). 
[  FAILED  ] ProcessGetInfoTest.InfoProcessMapsNullActualAndAvailSucceeds (3 ms)
[ RUN      ] ProcessGetInfoTest.InfoProcessMapsInvalidBufferPointerFails
[31m[13.763932598s ERROR 0 0:0] not supported info topic: ProcessMaps
[0m../../zircon/system/utest/core/object-info/helper.h:181: Failure: Expected handle.get_info(topic, entries, sizeof(EntryType) * entry_count, nullptr, &tmp) is ZX_OK. 
    Expected: ZX_OK
    Which is: ZX_OK(0)
    Actual  : handle.get_info(topic, entries, sizeof(EntryType) * entry_count, nullptr, &tmp)
    Which is: ZX_ERR_NOT_SUPPORTED(-2)
../../zircon/system/utest/core/object-info/process-object-info-test.cc:513: Failure: Test registered fatal failures in (CheckNullActualSuceeds<zx_info_maps_t>(ZX_INFO_PROCESS_MAPS, 1, GetHandleProvider())). 
[  FAILED  ] ProcessGetInfoTest.InfoProcessMapsInvalidBufferPointerFails (3 ms)
[ RUN      ] ProcessGetInfoTest.InfoProcessMapsBadActualgIsInvalidArg
[31m[13.767376348s ERROR 0 0:0] not supported info topic: ProcessMaps
[0m../../zircon/system/utest/core/object-info/helper.h:181: Failure: Expected handle.get_info(topic, entries, sizeof(EntryType) * entry_count, nullptr, &tmp) is ZX_OK. 
    Expected: ZX_OK
    Which is: ZX_OK(0)
    Actual  : handle.get_info(topic, entries, sizeof(EntryType) * entry_count, nullptr, &tmp)
    Which is: ZX_ERR_NOT_SUPPORTED(-2)
../../zircon/system/utest/core/object-info/process-object-info-test.cc:518: Failure: Test registered fatal failures in (CheckNullActualSuceeds<zx_info_maps_t>(ZX_INFO_PROCESS_MAPS, 1, GetHandleProvider())). 
[  FAILED  ] ProcessGetInfoTest.InfoProcessMapsBadActualgIsInvalidArg (2 ms)
[ RUN      ] ProcessGetInfoTest.InfoProcessMapsBadAvailIsInvalidArg
[31m[13.771146467s ERROR 0 0:0] not supported info topic: ProcessMaps
[0m../../zircon/system/utest/core/object-info/helper.h:181: Failure: Expected handle.get_info(topic, entries, sizeof(EntryType) * entry_count, nullptr, &tmp) is ZX_OK. 
    Expected: ZX_OK
    Which is: ZX_OK(0)
    Actual  : handle.get_info(topic, entries, sizeof(EntryType) * entry_count, nullptr, &tmp)
    Which is: ZX_ERR_NOT_SUPPORTED(-2)
../../zircon/system/utest/core/object-info/process-object-info-test.cc:523: Failure: Test registered fatal failures in (CheckNullActualSuceeds<zx_info_maps_t>(ZX_INFO_PROCESS_MAPS, 1, GetHandleProvider())). 
[  FAILED  ] ProcessGetInfoTest.InfoProcessMapsBadAvailIsInvalidArg (3 ms)
[ RUN      ] ProcessGetInfoTest.InfoProcessMapsZeroSizedBufferIsOk
[31m[13.774955959s ERROR 0 0:0] not supported info topic: ProcessMaps
[0m../../zircon/system/utest/core/object-info/helper.h:138: Failure: Expected handle.get_info(topic, &entry, 0, &actual, &avail) is ZX_OK. 
    Expected: ZX_OK
    Which is: ZX_OK(0)
    Actual  : handle.get_info(topic, &entry, 0, &actual, &avail)
    Which is: ZX_ERR_NOT_SUPPORTED(-2)
../../zircon/system/utest/core/object-info/helper.h:139: Failure: Expected actual == 0u. 
    Expected: 0u
    Which is: 0
    Actual  : actual
    Which is: 12297829382473034410
[  FAILED  ] ProcessGetInfoTest.InfoProcessMapsZeroSizedBufferIsOk (4 ms)
[ RUN      ] ProcessGetInfoTest.InfoProcessMapsSmallBufferIsOk
[31m[13.779851473s ERROR 0 0:0] not supported info topic: ProcessMaps
[0m../../zircon/system/utest/core/object-info/helper.h:168: Failure: Expected handle.get_info(topic, entries, sizeof(EntryType) * entry_count, &actual, &avail) is ZX_OK. 
    Expected: ZX_OK
    Which is: ZX_OK(0)
    Actual  : handle.get_info(topic, entries, sizeof(EntryType) * entry_count, &actual, &avail)
    Which is: ZX_ERR_NOT_SUPPORTED(-2)
../../zircon/system/utest/core/object-info/helper.h:170: Failure: Expected actual == 1u. 
    Expected: 1u
    Which is: 1
    Actual  : actual
    Which is: 12297829382473034410
../../zircon/system/utest/core/object-info/helper.h:171: Failure: Expected avail > actual. 
    Expected: actual
    Which is: 12297829382473034410
    Actual  : avail
    Which is: 12297829382473034410
[  FAILED  ] ProcessGetInfoTest.InfoProcessMapsSmallBufferIsOk (6 ms)
[ RUN      ] ProcessGetInfoTest.InfoProcessMapsPartiallyUnmappedBufferIsInvalidArgs
[31m[13.787256846s ERROR 0 0:0] not supported info topic: ProcessMaps
[0m../../zircon/system/utest/core/object-info/helper.h:245: Failure: Expected handle.get_info(topic, entries, sizeof(EntryType) * 4, &actual, &avail) is error_status. 
    Expected: error_status
    Which is: ZX_ERR_INVALID_ARGS(-10)
    Actual  : handle.get_info(topic, entries, sizeof(EntryType) * 4, &actual, &avail)
    Which is: ZX_ERR_NOT_SUPPORTED(-2)
[  FAILED  ] ProcessGetInfoTest.InfoProcessMapsPartiallyUnmappedBufferIsInvalidArgs (3 ms)
[ RUN      ] ProcessGetInfoTest.InfoProcessMapsRequiresInspectRights
[31m[13.790439615s ERROR 0 0:0] not supported info topic: ProcessMaps
[0m../../zircon/system/utest/core/object-info/helper.h:105: Failure: Expected ZX_ERR_ACCESS_DENIED == unpriviledged_handle.get_info(topic, entries, sizeof(EntryType) * entry_count, &actual, &avail). 
    Expected: unpriviledged_handle.get_info(topic, entries, sizeof(EntryType) * entry_count, &actual, &avail)
    Which is: -2
    Actual  : (-30)
    Which is: -30
[  FAILED  ] ProcessGetInfoTest.InfoProcessMapsRequiresInspectRights (3 ms)
[ RUN      ] ProcessGetInfoTest.InfoProcessMapsJobHandleIsBadHandle
[31m[13.793522886s ERROR 0 0:0] not supported info topic: ProcessMaps
[0m[       OK ] ProcessGetInfoTest.InfoProcessMapsJobHandleIsBadHandle (0 ms)
[ RUN      ] ProcessGetInfoTest.InfoProcessMapsThreadHandleIsBadHandle
[31m[13.794903001s ERROR 0 0:0] not supported info topic: ProcessMaps
[0m[       OK ] ProcessGetInfoTest.InfoProcessMapsThreadHandleIsBadHandle (1 ms)
[ RUN      ] ProcessGetInfoTest.InfoProcessVmosSmokeTest
[31m[13.796629951s ERROR 0 0:0] A dummy implementation for utest Bti.NoDelayedUnpin, it does not check the reture value
[0m../../zircon/system/utest/core/object-info/process-object-info-test.cc:641: Failure: Expected saw_vmo == static_cast<uint32_t>(1ull << test_info.num_vmos) - 1. 
    Expected: static_cast<uint32_t>(1ull << test_info.num_vmos) - 1
    Which is: 3
    Actual  : saw_vmo
    Which is: 0
[31m[13.799339661s ERROR 0 0:0] A dummy implementation for utest Bti.NoDelayedUnpin, it does not check the reture value
[0m../../zircon/system/utest/core/object-info/process-object-info-test.cc:651: Failure: Expected actual_2 < available_2. 
    Expected: available_2
    Which is: 0
    Actual  : actual_2
    Which is: 0
../../zircon/system/utest/core/object-info/process-object-info-test.cc:658: Failure: Expected actual_2 > 3u. 
    Expected: 3u
    Which is: 3
    Actual  : actual_2
    Which is: 0
[  FAILED  ] ProcessGetInfoTest.InfoProcessVmosSmokeTest (6 ms)
[ RUN      ] ProcessGetInfoTest.InfoProcessVmosOnSelfFails
[31m[13.80291564s ERROR 0 0:0] A dummy implementation for utest Bti.NoDelayedUnpin, it does not check the reture value
[0m[       OK ] ProcessGetInfoTest.InfoProcessVmosOnSelfFails (1 ms)
[ RUN      ] ProcessGetInfoTest.InfoProcessVmosInvalidHandleFails
[31m[13.805231523s ERROR 0 0:0] A dummy implementation for utest Bti.NoDelayedUnpin, it does not check the reture value
[0m../../zircon/system/utest/core/object-info/helper.h:54: Failure: Expected ZX_ERR_BAD_HANDLE == handle.get_info(topic, entries, sizeof(EntryType) * entry_count, &actual, &avail). 
    Expected: handle.get_info(topic, entries, sizeof(EntryType) * entry_count, &actual, &avail)
    Which is: 0
    Actual  : (-11)
    Which is: -11
../../zircon/system/utest/core/object-info/process-object-info-test.cc:686: Failure: Test registered fatal failures in (CheckInvalidHandleFails<zx_info_vmo_t>(ZX_INFO_PROCESS_VMOS, 1, GetHandleProvider())). 
[  FAILED  ] ProcessGetInfoTest.InfoProcessVmosInvalidHandleFails (4 ms)
[ RUN      ] ProcessGetInfoTest.InfoProcessVmosNullAvailSucceeds
[31m[13.809652141s ERROR 0 0:0] A dummy implementation for utest Bti.NoDelayedUnpin, it does not check the reture value
[0m../../zircon/system/utest/core/object-info/helper.h:191: Failure: Expected handle.get_info(topic, entries, sizeof(EntryType) * entry_count, &tmp, nullptr) is ZX_OK. 
    Expected: ZX_OK
    Which is: ZX_OK(0)
    Actual  : handle.get_info(topic, entries, sizeof(EntryType) * entry_count, &tmp, nullptr)
    Which is: ZX_ERR_INVALID_ARGS(-10)
../../zircon/system/utest/core/object-info/process-object-info-test.cc:691: Failure: Test registered fatal failures in (CheckNullAvailSuceeds<zx_info_vmo_t>(ZX_INFO_PROCESS_VMOS, 1, GetHandleProvider())). 
[  FAILED  ] ProcessGetInfoTest.InfoProcessVmosNullAvailSucceeds (3 ms)
[ RUN      ] ProcessGetInfoTest.InfoProcessVmosNullActualSucceeds
[31m[13.813778294s ERROR 0 0:0] A dummy implementation for utest Bti.NoDelayedUnpin, it does not check the reture value
[0m../../zircon/system/utest/core/object-info/helper.h:181: Failure: Expected handle.get_info(topic, entries, sizeof(EntryType) * entry_count, nullptr, &tmp) is ZX_OK. 
    Expected: ZX_OK
    Which is: ZX_OK(0)
    Actual  : handle.get_info(topic, entries, sizeof(EntryType) * entry_count, nullptr, &tmp)
    Which is: ZX_ERR_INVALID_ARGS(-10)
../../zircon/system/utest/core/object-info/process-object-info-test.cc:696: Failure: Test registered fatal failures in (CheckNullActualSuceeds<zx_info_vmo_t>(ZX_INFO_PROCESS_VMOS, 1, GetHandleProvider())). 
[  FAILED  ] ProcessGetInfoTest.InfoProcessVmosNullActualSucceeds (4 ms)
[ RUN      ] ProcessGetInfoTest.InfoProcessVmosNullActualAndAvailSucceeds
[31m[13.818218386s ERROR 0 0:0] A dummy implementation for utest Bti.NoDelayedUnpin, it does not check the reture value
[0m../../zircon/system/utest/core/object-info/helper.h:199: Failure: Expected handle.get_info(topic, entries, sizeof(EntryType) * entry_count, nullptr, nullptr) is ZX_OK. 
    Expected: ZX_OK
    Which is: ZX_OK(0)
    Actual  : handle.get_info(topic, entries, sizeof(EntryType) * entry_count, nullptr, nullptr)
    Which is: ZX_ERR_INVALID_ARGS(-10)
../../zircon/system/utest/core/object-info/process-object-info-test.cc:701: Failure: Test registered fatal failures in ( CheckNullActualAndAvailSuceeds<zx_info_vmo_t>(ZX_INFO_PROCESS_VMOS, 1, GetHandleProvider())). 
[  FAILED  ] ProcessGetInfoTest.InfoProcessVmosNullActualAndAvailSucceeds (3 ms)
[ RUN      ] ProcessGetInfoTest.InfoProcessVmosInvalidBufferPointerFails
[31m[13.822595256s ERROR 0 0:0] A dummy implementation for utest Bti.NoDelayedUnpin, it does not check the reture value
[0m../../zircon/system/utest/core/object-info/helper.h:181: Failure: Expected handle.get_info(topic, entries, sizeof(EntryType) * entry_count, nullptr, &tmp) is ZX_OK. 
    Expected: ZX_OK
    Which is: ZX_OK(0)
    Actual  : handle.get_info(topic, entries, sizeof(EntryType) * entry_count, nullptr, &tmp)
    Which is: ZX_ERR_INVALID_ARGS(-10)
../../zircon/system/utest/core/object-info/process-object-info-test.cc:706: Failure: Test registered fatal failures in (CheckNullActualSuceeds<zx_info_vmo_t>(ZX_INFO_PROCESS_VMOS, 1, GetHandleProvider())). 
[  FAILED  ] ProcessGetInfoTest.InfoProcessVmosInvalidBufferPointerFails (3 ms)
[ RUN      ] ProcessGetInfoTest.InfoProcessVmosBadActualgIsInvalidArg
[31m[13.82633562s ERROR 0 0:0] A dummy implementation for utest Bti.NoDelayedUnpin, it does not check the reture value
[0m../../zircon/system/utest/core/object-info/helper.h:181: Failure: Expected handle.get_info(topic, entries, sizeof(EntryType) * entry_count, nullptr, &tmp) is ZX_OK. 
    Expected: ZX_OK
    Which is: ZX_OK(0)
    Actual  : handle.get_info(topic, entries, sizeof(EntryType) * entry_count, nullptr, &tmp)
    Which is: ZX_ERR_INVALID_ARGS(-10)
../../zircon/system/utest/core/object-info/process-object-info-test.cc:711: Failure: Test registered fatal failures in (CheckNullActualSuceeds<zx_info_vmo_t>(ZX_INFO_PROCESS_VMOS, 1, GetHandleProvider())). 
[  FAILED  ] ProcessGetInfoTest.InfoProcessVmosBadActualgIsInvalidArg (4 ms)
[ RUN      ] ProcessGetInfoTest.InfoProcessVmosBadAvailIsInvalidArg
[31m[13.831222789s ERROR 0 0:0] A dummy implementation for utest Bti.NoDelayedUnpin, it does not check the reture value
[0m../../zircon/system/utest/core/object-info/helper.h:181: Failure: Expected handle.get_info(topic, entries, sizeof(EntryType) * entry_count, nullptr, &tmp) is ZX_OK. 
    Expected: ZX_OK
    Which is: ZX_OK(0)
    Actual  : handle.get_info(topic, entries, sizeof(EntryType) * entry_count, nullptr, &tmp)
    Which is: ZX_ERR_INVALID_ARGS(-10)
../../zircon/system/utest/core/object-info/process-object-info-test.cc:716: Failure: Test registered fatal failures in (CheckNullActualSuceeds<zx_info_vmo_t>(ZX_INFO_PROCESS_VMOS, 1, GetHandleProvider())). 
[  FAILED  ] ProcessGetInfoTest.InfoProcessVmosBadAvailIsInvalidArg (3 ms)
[ RUN      ] ProcessGetInfoTest.InfoProcessVmosZeroSizedBufferIsOk
[31m[13.835290448s ERROR 0 0:0] A dummy implementation for utest Bti.NoDelayedUnpin, it does not check the reture value
[0m../../zircon/system/utest/core/object-info/helper.h:140: Failure: Expected avail > 0u. 
    Expected: 0u
    Which is: 0
    Actual  : avail
    Which is: 0
[  FAILED  ] ProcessGetInfoTest.InfoProcessVmosZeroSizedBufferIsOk (2 ms)
[ RUN      ] ProcessGetInfoTest.InfoProcessVmosSmallBufferIsOk
[31m[13.838137192s ERROR 0 0:0] A dummy implementation for utest Bti.NoDelayedUnpin, it does not check the reture value
[0m../../zircon/system/utest/core/object-info/helper.h:170: Failure: Expected actual == 1u. 
    Expected: 1u
    Which is: 1
    Actual  : actual
    Which is: 0
../../zircon/system/utest/core/object-info/helper.h:171: Failure: Expected avail > actual. 
    Expected: actual
    Which is: 0
    Actual  : avail
    Which is: 0
[  FAILED  ] ProcessGetInfoTest.InfoProcessVmosSmallBufferIsOk (3 ms)
[ RUN      ] ProcessGetInfoTest.InfoProcessVmosPartiallyUnmappedBufferIsInvalidArgs
[31m[13.84213879s ERROR 0 0:0] A dummy implementation for utest Bti.NoDelayedUnpin, it does not check the reture value
[0m../../zircon/system/utest/core/object-info/helper.h:245: Failure: Expected handle.get_info(topic, entries, sizeof(EntryType) * 4, &actual, &avail) is error_status. 
    Expected: error_status
    Which is: ZX_ERR_INVALID_ARGS(-10)
    Actual  : handle.get_info(topic, entries, sizeof(EntryType) * 4, &actual, &avail)
    Which is: ZX_OK(0)
[  FAILED  ] ProcessGetInfoTest.InfoProcessVmosPartiallyUnmappedBufferIsInvalidArgs (3 ms)
[ RUN      ] ProcessGetInfoTest.InfoProcessVmosRequiresInspectRights
[31m[13.845565467s ERROR 0 0:0] A dummy implementation for utest Bti.NoDelayedUnpin, it does not check the reture value
[0m../../zircon/system/utest/core/object-info/helper.h:105: Failure: Expected ZX_ERR_ACCESS_DENIED == unpriviledged_handle.get_info(topic, entries, sizeof(EntryType) * entry_count, &actual, &avail). 
    Expected: unpriviledged_handle.get_info(topic, entries, sizeof(EntryType) * entry_count, &actual, &avail)
    Which is: 0
    Actual  : (-30)
    Which is: -30
[  FAILED  ] ProcessGetInfoTest.InfoProcessVmosRequiresInspectRights (3 ms)
[ RUN      ] ProcessGetInfoTest.InfoProcessVmosJobHandleIsBadHandle
[31m[13.848952223s ERROR 0 0:0] A dummy implementation for utest Bti.NoDelayedUnpin, it does not check the reture value
[0m../../zircon/system/utest/core/object-info/helper.h:66: Failure: Expected handle.get_info(topic, entries, sizeof(EntryType) * entry_count, &actual, &avail) is not ZX_OK. 
    Expected: ZX_OK
    Which is: ZX_OK(0)
    Actual  : handle.get_info(topic, entries, sizeof(EntryType) * entry_count, &actual, &avail)
    Which is: ZX_OK(0)
../../zircon/system/utest/core/object-info/process-object-info-test.cc:743: Failure: Test registered fatal failures in CheckWrongHandleTypeFails<zx_info_vmo_t>(ZX_INFO_PROCESS_VMOS, 32, job_provider). 
[  FAILED  ] ProcessGetInfoTest.InfoProcessVmosJobHandleIsBadHandle (3 ms)
[ RUN      ] ProcessGetInfoTest.InfoProcessVmosThreadHandleIsBadHandle
[31m[13.85321642s ERROR 0 0:0] A dummy implementation for utest Bti.NoDelayedUnpin, it does not check the reture value
[0m../../zircon/system/utest/core/object-info/helper.h:66: Failure: Expected handle.get_info(topic, entries, sizeof(EntryType) * entry_count, &actual, &avail) is not ZX_OK. 
    Expected: ZX_OK
    Which is: ZX_OK(0)
    Actual  : handle.get_info(topic, entries, sizeof(EntryType) * entry_count, &actual, &avail)
    Which is: ZX_OK(0)
../../zircon/system/utest/core/object-info/process-object-info-test.cc:748: Failure: Test registered fatal failures in CheckWrongHandleTypeFails<zx_info_vmo_t>(ZX_INFO_PROCESS_VMOS, 32, thread_provider). 
[  FAILED  ] ProcessGetInfoTest.InfoProcessVmosThreadHandleIsBadHandle (5 ms)
[ RUN      ] ProcessGetInfoTest.InfoHandleBasicOnSelfSuceeds
[       OK ] ProcessGetInfoTest.InfoHandleBasicOnSelfSuceeds (0 ms)
[ RUN      ] ProcessGetInfoTest.InfoHandleBasicInvalidHandleFails
[       OK ] ProcessGetInfoTest.InfoHandleBasicInvalidHandleFails (0 ms)
[ RUN      ] ProcessGetInfoTest.InfoHandleBasicNullAvailSucceeds
[       OK ] ProcessGetInfoTest.InfoHandleBasicNullAvailSucceeds (0 ms)
[ RUN      ] ProcessGetInfoTest.InfoHandleBasicNullActualSucceeds
[       OK ] ProcessGetInfoTest.InfoHandleBasicNullActualSucceeds (0 ms)
[ RUN      ] ProcessGetInfoTest.InfoHandleBasicNullActualAndAvailSucceeds
[       OK ] ProcessGetInfoTest.InfoHandleBasicNullActualAndAvailSucceeds (0 ms)
[ RUN      ] ProcessGetInfoTest.InfoHandleBasicInvalidBufferPointerFails
[       OK ] ProcessGetInfoTest.InfoHandleBasicInvalidBufferPointerFails (0 ms)
[ RUN      ] ProcessGetInfoTest.InfoHandleBasicBadActualgIsInvalidArg
[       OK ] ProcessGetInfoTest.InfoHandleBasicBadActualgIsInvalidArg (0 ms)
[ RUN      ] ProcessGetInfoTest.InfoHandleBasicBadAvailIsInvalidArg
[       OK ] ProcessGetInfoTest.InfoHandleBasicBadAvailIsInvalidArg (0 ms)
[ RUN      ] ProcessGetInfoTest.InfoHandleBasicZeroSizedFails
../../zircon/system/utest/core/object-info/helper.h:122: Failure: Expected actual == 0u. 
    Expected: 0u
    Which is: 0
    Actual  : actual
    Which is: 12297829382473034410
[  FAILED  ] ProcessGetInfoTest.InfoHandleBasicZeroSizedFails (1 ms)
[ RUN      ] ProcessGetInfoTest.InfoProcessOnSelfSuceeds
[       OK ] ProcessGetInfoTest.InfoProcessOnSelfSuceeds (1 ms)
[ RUN      ] ProcessGetInfoTest.InfoProcessInvalidHandleFails
[       OK ] ProcessGetInfoTest.InfoProcessInvalidHandleFails (0 ms)
[ RUN      ] ProcessGetInfoTest.InfoProcessNullAvailSucceeds
[       OK ] ProcessGetInfoTest.InfoProcessNullAvailSucceeds (0 ms)
[ RUN      ] ProcessGetInfoTest.InfoProcessNullActualSucceeds
[       OK ] ProcessGetInfoTest.InfoProcessNullActualSucceeds (0 ms)
[ RUN      ] ProcessGetInfoTest.InfoProcessNullActualAndAvailSucceeds
[       OK ] ProcessGetInfoTest.InfoProcessNullActualAndAvailSucceeds (0 ms)
[ RUN      ] ProcessGetInfoTest.InfoProcessInvalidBufferPointerFails
[       OK ] ProcessGetInfoTest.InfoProcessInvalidBufferPointerFails (0 ms)
[ RUN      ] ProcessGetInfoTest.InfoProcessBadActualgIsInvalidArg
[       OK ] ProcessGetInfoTest.InfoProcessBadActualgIsInvalidArg (0 ms)
[ RUN      ] ProcessGetInfoTest.InfoProcessBadAvailIsInvalidArg
[       OK ] ProcessGetInfoTest.InfoProcessBadAvailIsInvalidArg (0 ms)
[ RUN      ] ProcessGetInfoTest.InfoProcessZeroSizedBufferFails
../../zircon/system/utest/core/object-info/helper.h:122: Failure: Expected actual == 0u. 
    Expected: 0u
    Which is: 0
    Actual  : actual
    Which is: 12297829382473034410
[  FAILED  ] ProcessGetInfoTest.InfoProcessZeroSizedBufferFails (1 ms)
[ RUN      ] ProcessGetInfoTest.InfoProcessJobHandleIsBadHandle
[       OK ] ProcessGetInfoTest.InfoProcessJobHandleIsBadHandle (0 ms)
[ RUN      ] ProcessGetInfoTest.InfoProcessThreadHandleIsBadHandle
[       OK ] ProcessGetInfoTest.InfoProcessThreadHandleIsBadHandle (0 ms)
[ RUN      ] ProcessGetInfoTest.InfoProcessThreadsSelfSuceeds
[       OK ] ProcessGetInfoTest.InfoProcessThreadsSelfSuceeds (0 ms)
[ RUN      ] ProcessGetInfoTest.InfoProcessThreadsInvalidHandleFails
[       OK ] ProcessGetInfoTest.InfoProcessThreadsInvalidHandleFails (0 ms)
[ RUN      ] ProcessGetInfoTest.InfoProcessThreadsNullAvailSucceeds
../../zircon/system/utest/core/object-info/helper.h:191: Failure: Expected handle.get_info(topic, entries, sizeof(EntryType) * entry_count, &tmp, nullptr) is ZX_OK. 
    Expected: ZX_OK
    Which is: ZX_OK(0)
    Actual  : handle.get_info(topic, entries, sizeof(EntryType) * entry_count, &tmp, nullptr)
    Which is: ZX_ERR_INVALID_ARGS(-10)
../../zircon/system/utest/core/object-info/process-object-info-test.cc:869: Failure: Test registered fatal failures in (CheckNullAvailSuceeds<zx_koid_t>(ZX_INFO_PROCESS_THREADS, 1, GetHandleProvider())). 
[  FAILED  ] ProcessGetInfoTest.InfoProcessThreadsNullAvailSucceeds (4 ms)
[ RUN      ] ProcessGetInfoTest.InfoProcessThreadsNullActualSucceeds
../../zircon/system/utest/core/object-info/helper.h:181: Failure: Expected handle.get_info(topic, entries, sizeof(EntryType) * entry_count, nullptr, &tmp) is ZX_OK. 
    Expected: ZX_OK
    Which is: ZX_OK(0)
    Actual  : handle.get_info(topic, entries, sizeof(EntryType) * entry_count, nullptr, &tmp)
    Which is: ZX_ERR_INVALID_ARGS(-10)
../../zircon/system/utest/core/object-info/process-object-info-test.cc:874: Failure: Test registered fatal failures in (CheckNullActualSuceeds<zx_koid_t>(ZX_INFO_PROCESS_THREADS, 1, GetHandleProvider())). 
[  FAILED  ] ProcessGetInfoTest.InfoProcessThreadsNullActualSucceeds (3 ms)
[ RUN      ] ProcessGetInfoTest.InfoProcessThreadsNullActualAndAvailSucceeds
../../zircon/system/utest/core/object-info/helper.h:199: Failure: Expected handle.get_info(topic, entries, sizeof(EntryType) * entry_count, nullptr, nullptr) is ZX_OK. 
    Expected: ZX_OK
    Which is: ZX_OK(0)
    Actual  : handle.get_info(topic, entries, sizeof(EntryType) * entry_count, nullptr, nullptr)
    Which is: ZX_ERR_INVALID_ARGS(-10)
../../zircon/system/utest/core/object-info/process-object-info-test.cc:879: Failure: Test registered fatal failures in (CheckNullActualAndAvailSuceeds<zx_koid_t>(ZX_INFO_PROCESS_THREADS, 1, GetHandleProvider())). 
[  FAILED  ] ProcessGetInfoTest.InfoProcessThreadsNullActualAndAvailSucceeds (2 ms)
[ RUN      ] ProcessGetInfoTest.InfoProcessThreadsInvalidBufferPointerFails
../../zircon/system/utest/core/object-info/helper.h:181: Failure: Expected handle.get_info(topic, entries, sizeof(EntryType) * entry_count, nullptr, &tmp) is ZX_OK. 
    Expected: ZX_OK
    Which is: ZX_OK(0)
    Actual  : handle.get_info(topic, entries, sizeof(EntryType) * entry_count, nullptr, &tmp)
    Which is: ZX_ERR_INVALID_ARGS(-10)
../../zircon/system/utest/core/object-info/process-object-info-test.cc:884: Failure: Test registered fatal failures in (CheckNullActualSuceeds<zx_koid_t>(ZX_INFO_PROCESS_THREADS, 1, GetHandleProvider())). 
[  FAILED  ] ProcessGetInfoTest.InfoProcessThreadsInvalidBufferPointerFails (3 ms)
[ RUN      ] ProcessGetInfoTest.InfoProcessThreadsBadActualgIsInvalidArg
../../zircon/system/utest/core/object-info/helper.h:181: Failure: Expected handle.get_info(topic, entries, sizeof(EntryType) * entry_count, nullptr, &tmp) is ZX_OK. 
    Expected: ZX_OK
    Which is: ZX_OK(0)
    Actual  : handle.get_info(topic, entries, sizeof(EntryType) * entry_count, nullptr, &tmp)
    Which is: ZX_ERR_INVALID_ARGS(-10)
../../zircon/system/utest/core/object-info/process-object-info-test.cc:889: Failure: Test registered fatal failures in (CheckNullActualSuceeds<zx_koid_t>(ZX_INFO_PROCESS_THREADS, 1, GetHandleProvider())). 
[  FAILED  ] ProcessGetInfoTest.InfoProcessThreadsBadActualgIsInvalidArg (2 ms)
[ RUN      ] ProcessGetInfoTest.InfoProcessThreadsBadAvailIsInvalidArg
../../zircon/system/utest/core/object-info/helper.h:181: Failure: Expected handle.get_info(topic, entries, sizeof(EntryType) * entry_count, nullptr, &tmp) is ZX_OK. 
    Expected: ZX_OK
    Which is: ZX_OK(0)
    Actual  : handle.get_info(topic, entries, sizeof(EntryType) * entry_count, nullptr, &tmp)
    Which is: ZX_ERR_INVALID_ARGS(-10)
../../zircon/system/utest/core/object-info/process-object-info-test.cc:894: Failure: Test registered fatal failures in (CheckNullActualSuceeds<zx_koid_t>(ZX_INFO_PROCESS_THREADS, 1, GetHandleProvider())). 
[  FAILED  ] ProcessGetInfoTest.InfoProcessThreadsBadAvailIsInvalidArg (3 ms)
[ RUN      ] ProcessGetInfoTest.InfoProcessThreadsZeroSizedBufferSucceeds
[       OK ] ProcessGetInfoTest.InfoProcessThreadsZeroSizedBufferSucceeds (0 ms)
[----------] 69 tests from ProcessGetInfoTest (201 ms total)

[----------] 14 tests from TaskGetInfoTest
[ RUN      ] TaskGetInfoTest.InfoStatsUnstartedSuceeds
[       OK ] TaskGetInfoTest.InfoStatsUnstartedSuceeds (0 ms)
[ RUN      ] TaskGetInfoTest.InfoStatsSmokeTest
[       OK ] TaskGetInfoTest.InfoStatsSmokeTest (2 ms)
[ RUN      ] TaskGetInfoTest.InfoTaskStatsInvalidHandleFails
[       OK ] TaskGetInfoTest.InfoTaskStatsInvalidHandleFails (0 ms)
[ RUN      ] TaskGetInfoTest.InfoTaskStatsNullAvailSucceeds
[       OK ] TaskGetInfoTest.InfoTaskStatsNullAvailSucceeds (2 ms)
[ RUN      ] TaskGetInfoTest.InfoTaskStatsNullActualSucceeds
[       OK ] TaskGetInfoTest.InfoTaskStatsNullActualSucceeds (0 ms)
[ RUN      ] TaskGetInfoTest.InfoTaskStatsNullActualAndAvailSucceeds
[       OK ] TaskGetInfoTest.InfoTaskStatsNullActualAndAvailSucceeds (1 ms)
[ RUN      ] TaskGetInfoTest.InfoTaskStatsInvalidBufferPointerFails
[       OK ] TaskGetInfoTest.InfoTaskStatsInvalidBufferPointerFails (1 ms)
[ RUN      ] TaskGetInfoTest.InfoTaskStatsBadActualgIsInvalidArg
[       OK ] TaskGetInfoTest.InfoTaskStatsBadActualgIsInvalidArg (1 ms)
[ RUN      ] TaskGetInfoTest.InfoTaskStatsBadAvailIsInvalidArg
[       OK ] TaskGetInfoTest.InfoTaskStatsBadAvailIsInvalidArg (0 ms)
[ RUN      ] TaskGetInfoTest.InfoTaskStatsZeroSizedBufferIsTooSmall
../../zircon/system/utest/core/object-info/helper.h:122: Failure: Expected actual == 0u. 
    Expected: 0u
    Which is: 0
    Actual  : actual
    Which is: 12297829382473034410
[  FAILED  ] TaskGetInfoTest.InfoTaskStatsZeroSizedBufferIsTooSmall (1 ms)
[ RUN      ] TaskGetInfoTest.InfoTaskStatsJobHandleIsBadHandle
[       OK ] TaskGetInfoTest.InfoTaskStatsJobHandleIsBadHandle (0 ms)
[ RUN      ] TaskGetInfoTest.InfoTaskStatsThreadHandleIsBadHandle
[       OK ] TaskGetInfoTest.InfoTaskStatsThreadHandleIsBadHandle (0 ms)
[ RUN      ] TaskGetInfoTest.InfoTaskRuntimeWrongType
[       OK ] TaskGetInfoTest.InfoTaskRuntimeWrongType (0 ms)
[ RUN      ] TaskGetInfoTest.InfoTaskRuntimeInvalidHandle
../../zircon/system/utest/core/object-info/helper.h:54: Failure: Expected ZX_ERR_BAD_HANDLE == handle.get_info(topic, entries, sizeof(EntryType) * entry_count, &actual, &avail). 
    Expected: handle.get_info(topic, entries, sizeof(EntryType) * entry_count, &actual, &avail)
    Which is: -10
    Actual  : (-11)
    Which is: -11
../../zircon/system/utest/core/object-info/task-object-info-test.cc:124: Failure: Test registered fatal failures in CheckInvalidHandleFails<zx_info_task_runtime_t>(ZX_INFO_TASK_RUNTIME, 1, thread_provider). 
[  FAILED  ] TaskGetInfoTest.InfoTaskRuntimeInvalidHandle (2 ms)
[----------] 14 tests from TaskGetInfoTest (26 ms total)

[----------] 41 tests from ThreadGetInfoTest
[ RUN      ] ThreadGetInfoTest.InfoHandleBasicOnSelfSuceeds
[       OK ] ThreadGetInfoTest.InfoHandleBasicOnSelfSuceeds (0 ms)
[ RUN      ] ThreadGetInfoTest.InfoHandleBasicInvalidHandleFails
[       OK ] ThreadGetInfoTest.InfoHandleBasicInvalidHandleFails (0 ms)
[ RUN      ] ThreadGetInfoTest.InfoHandleBasicNullAvailSucceeds
[       OK ] ThreadGetInfoTest.InfoHandleBasicNullAvailSucceeds (0 ms)
[ RUN      ] ThreadGetInfoTest.InfoHandleBasicNullActualSucceeds
[       OK ] ThreadGetInfoTest.InfoHandleBasicNullActualSucceeds (0 ms)
[ RUN      ] ThreadGetInfoTest.InfoHandleBasicNullActualAndAvailSucceeds
[       OK ] ThreadGetInfoTest.InfoHandleBasicNullActualAndAvailSucceeds (0 ms)
[ RUN      ] ThreadGetInfoTest.InfoHandleBasicInvalidBufferPointerFails
[       OK ] ThreadGetInfoTest.InfoHandleBasicInvalidBufferPointerFails (0 ms)
[ RUN      ] ThreadGetInfoTest.InfoHandleBasicBadActualgIsInvalidArg
[       OK ] ThreadGetInfoTest.InfoHandleBasicBadActualgIsInvalidArg (0 ms)
[ RUN      ] ThreadGetInfoTest.InfoHandleBasicBadAvailIsInvalidArg
[       OK ] ThreadGetInfoTest.InfoHandleBasicBadAvailIsInvalidArg (0 ms)
[ RUN      ] ThreadGetInfoTest.InfoHandleBasicZeroSizedBufferFails
../../zircon/system/utest/core/object-info/helper.h:122: Failure: Expected actual == 0u. 
    Expected: 0u
    Which is: 0
    Actual  : actual
    Which is: 12297829382473034410
[  FAILED  ] ThreadGetInfoTest.InfoHandleBasicZeroSizedBufferFails (2 ms)
[ RUN      ] ThreadGetInfoTest.InfoHandleCountOnSelfSuceeds
[       OK ] ThreadGetInfoTest.InfoHandleCountOnSelfSuceeds (0 ms)
[ RUN      ] ThreadGetInfoTest.InfoHandleCountInvalidHandleFails
[       OK ] ThreadGetInfoTest.InfoHandleCountInvalidHandleFails (0 ms)
[ RUN      ] ThreadGetInfoTest.InfoHandleCountNullAvailSucceeds
[       OK ] ThreadGetInfoTest.InfoHandleCountNullAvailSucceeds (0 ms)
[ RUN      ] ThreadGetInfoTest.InfoHandleCountNullActualSucceeds
[       OK ] ThreadGetInfoTest.InfoHandleCountNullActualSucceeds (1 ms)
[ RUN      ] ThreadGetInfoTest.InfoHandleCountNullActualAndAvailSucceeds
[       OK ] ThreadGetInfoTest.InfoHandleCountNullActualAndAvailSucceeds (0 ms)
[ RUN      ] ThreadGetInfoTest.InfoHandleCountInvalidBufferPointerFails
[       OK ] ThreadGetInfoTest.InfoHandleCountInvalidBufferPointerFails (0 ms)
[ RUN      ] ThreadGetInfoTest.InfoHandleCountBadActualgIsInvalidArg
[       OK ] ThreadGetInfoTest.InfoHandleCountBadActualgIsInvalidArg (0 ms)
[ RUN      ] ThreadGetInfoTest.InfoHandleCountBadAvailIsInvalidArg
[       OK ] ThreadGetInfoTest.InfoHandleCountBadAvailIsInvalidArg (0 ms)
[ RUN      ] ThreadGetInfoTest.InfoHandleCountZeroSizedBufferFails
../../zircon/system/utest/core/object-info/helper.h:122: Failure: Expected actual == 0u. 
    Expected: 0u
    Which is: 0
    Actual  : actual
    Which is: 12297829382473034410
[  FAILED  ] ThreadGetInfoTest.InfoHandleCountZeroSizedBufferFails (2 ms)
[ RUN      ] ThreadGetInfoTest.InfoThreadOnSelfSuceeds
[       OK ] ThreadGetInfoTest.InfoThreadOnSelfSuceeds (0 ms)
[ RUN      ] ThreadGetInfoTest.InfoThreadInvalidHandleFails
[       OK ] ThreadGetInfoTest.InfoThreadInvalidHandleFails (0 ms)
[ RUN      ] ThreadGetInfoTest.InfoThreadNullAvailSucceeds
[       OK ] ThreadGetInfoTest.InfoThreadNullAvailSucceeds (0 ms)
[ RUN      ] ThreadGetInfoTest.InfoThreadNullActualSucceeds
[       OK ] ThreadGetInfoTest.InfoThreadNullActualSucceeds (0 ms)
[ RUN      ] ThreadGetInfoTest.InfoThreadNullActualAndAvailSucceeds
[       OK ] ThreadGetInfoTest.InfoThreadNullActualAndAvailSucceeds (0 ms)
[ RUN      ] ThreadGetInfoTest.InfoThreadInvalidBufferPointerFails
[       OK ] ThreadGetInfoTest.InfoThreadInvalidBufferPointerFails (0 ms)
[ RUN      ] ThreadGetInfoTest.InfoThreadBadActualgIsInvalidArg
[       OK ] ThreadGetInfoTest.InfoThreadBadActualgIsInvalidArg (0 ms)
[ RUN      ] ThreadGetInfoTest.InfoThreadBadAvailIsInvalidArg
[       OK ] ThreadGetInfoTest.InfoThreadBadAvailIsInvalidArg (0 ms)
[ RUN      ] ThreadGetInfoTest.InfoThreadZeroSizedBufferFails
../../zircon/system/utest/core/object-info/helper.h:122: Failure: Expected actual == 0u. 
    Expected: 0u
    Which is: 0
    Actual  : actual
    Which is: 12297829382473034410
[  FAILED  ] ThreadGetInfoTest.InfoThreadZeroSizedBufferFails (1 ms)
[ RUN      ] ThreadGetInfoTest.InfoThreadJobHandleIsBadHandle
[       OK ] ThreadGetInfoTest.InfoThreadJobHandleIsBadHandle (0 ms)
[ RUN      ] ThreadGetInfoTest.InfoThreadProcessHandleIsBadHandle
[       OK ] ThreadGetInfoTest.InfoThreadProcessHandleIsBadHandle (0 ms)
[ RUN      ] ThreadGetInfoTest.InfoThreadStatsOnSelfSuceeds
[31m[13.962506111s ERROR 0 0:0] not supported info topic: ThreadStats
[0m../../zircon/system/utest/core/object-info/helper.h:41: Failure: Expected self.get_info(topic, entries, sizeof(EntryType) * entry_count, &actual, &avail) is ZX_OK. 
    Expected: ZX_OK
    Which is: ZX_OK(0)
    Actual  : self.get_info(topic, entries, sizeof(EntryType) * entry_count, &actual, &avail)
    Which is: ZX_ERR_NOT_SUPPORTED(-2)
../../zircon/system/utest/core/object-info/thread-object-info-test.cc:180: Failure: Test registered fatal failures in (CheckSelfInfoSuceeds<zx_info_thread_stats_t>(ZX_INFO_THREAD_STATS, 1, thread_provider())). 
[  FAILED  ] ThreadGetInfoTest.InfoThreadStatsOnSelfSuceeds (2 ms)
[ RUN      ] ThreadGetInfoTest.InfoThreadStatsInvalidHandleFails
[31m[13.96567334s ERROR 0 0:0] not supported info topic: ThreadStats
[0m../../zircon/system/utest/core/object-info/helper.h:54: Failure: Expected ZX_ERR_BAD_HANDLE == handle.get_info(topic, entries, sizeof(EntryType) * entry_count, &actual, &avail). 
    Expected: handle.get_info(topic, entries, sizeof(EntryType) * entry_count, &actual, &avail)
    Which is: -2
    Actual  : (-11)
    Which is: -11
../../zircon/system/utest/core/object-info/thread-object-info-test.cc:185: Failure: Test registered fatal failures in (CheckInvalidHandleFails<zx_info_thread_stats_t>(ZX_INFO_THREAD_STATS, 1, thread_provider)). 
[  FAILED  ] ThreadGetInfoTest.InfoThreadStatsInvalidHandleFails (3 ms)
[ RUN      ] ThreadGetInfoTest.InfoThreadStatsNullAvailSucceeds
[31m[13.969662091s ERROR 0 0:0] not supported info topic: ThreadStats
[0m../../zircon/system/utest/core/object-info/helper.h:191: Failure: Expected handle.get_info(topic, entries, sizeof(EntryType) * entry_count, &tmp, nullptr) is ZX_OK. 
    Expected: ZX_OK
    Which is: ZX_OK(0)
    Actual  : handle.get_info(topic, entries, sizeof(EntryType) * entry_count, &tmp, nullptr)
    Which is: ZX_ERR_NOT_SUPPORTED(-2)
../../zircon/system/utest/core/object-info/thread-object-info-test.cc:190: Failure: Test registered fatal failures in (CheckNullAvailSuceeds<zx_info_thread_stats_t>(ZX_INFO_THREAD_STATS, 1, thread_provider)). 
[  FAILED  ] ThreadGetInfoTest.InfoThreadStatsNullAvailSucceeds (4 ms)
[ RUN      ] ThreadGetInfoTest.InfoThreadStatsNullActualSucceeds
[31m[13.97398298s ERROR 0 0:0] not supported info topic: ThreadStats
[0m../../zircon/system/utest/core/object-info/helper.h:181: Failure: Expected handle.get_info(topic, entries, sizeof(EntryType) * entry_count, nullptr, &tmp) is ZX_OK. 
    Expected: ZX_OK
    Which is: ZX_OK(0)
    Actual  : handle.get_info(topic, entries, sizeof(EntryType) * entry_count, nullptr, &tmp)
    Which is: ZX_ERR_NOT_SUPPORTED(-2)
../../zircon/system/utest/core/object-info/thread-object-info-test.cc:195: Failure: Test registered fatal failures in (CheckNullActualSuceeds<zx_info_thread_stats_t>(ZX_INFO_THREAD_STATS, 1, thread_provider)). 
[  FAILED  ] ThreadGetInfoTest.InfoThreadStatsNullActualSucceeds (3 ms)
[ RUN      ] ThreadGetInfoTest.InfoThreadStatsNullActualAndAvailSucceeds
[31m[13.978110205s ERROR 0 0:0] not supported info topic: ThreadStats
[0m../../zircon/system/utest/core/object-info/helper.h:199: Failure: Expected handle.get_info(topic, entries, sizeof(EntryType) * entry_count, nullptr, nullptr) is ZX_OK. 
    Expected: ZX_OK
    Which is: ZX_OK(0)
    Actual  : handle.get_info(topic, entries, sizeof(EntryType) * entry_count, nullptr, nullptr)
    Which is: ZX_ERR_NOT_SUPPORTED(-2)
../../zircon/system/utest/core/object-info/thread-object-info-test.cc:200: Failure: Test registered fatal failures in (CheckNullActualAndAvailSuceeds<zx_info_thread_stats_t>( ZX_INFO_THREAD_STATS, 1, thread_provider)). 
[  FAILED  ] ThreadGetInfoTest.InfoThreadStatsNullActualAndAvailSucceeds (2 ms)
[ RUN      ] ThreadGetInfoTest.InfoThreadStatsInvalidBufferPointerFails
[31m[13.981443962s ERROR 0 0:0] not supported info topic: ThreadStats
[0m../../zircon/system/utest/core/object-info/helper.h:181: Failure: Expected handle.get_info(topic, entries, sizeof(EntryType) * entry_count, nullptr, &tmp) is ZX_OK. 
    Expected: ZX_OK
    Which is: ZX_OK(0)
    Actual  : handle.get_info(topic, entries, sizeof(EntryType) * entry_count, nullptr, &tmp)
    Which is: ZX_ERR_NOT_SUPPORTED(-2)
../../zircon/system/utest/core/object-info/thread-object-info-test.cc:205: Failure: Test registered fatal failures in (CheckNullActualSuceeds<zx_info_thread_stats_t>(ZX_INFO_THREAD_STATS, 1, thread_provider)). 
[  FAILED  ] ThreadGetInfoTest.InfoThreadStatsInvalidBufferPointerFails (4 ms)
[ RUN      ] ThreadGetInfoTest.InfoThreadStatsBadActualgIsInvalidArg
[31m[13.986943816s ERROR 0 0:0] not supported info topic: ThreadStats
[0m../../zircon/system/utest/core/object-info/helper.h:181: Failure: Expected handle.get_info(topic, entries, sizeof(EntryType) * entry_count, nullptr, &tmp) is ZX_OK. 
    Expected: ZX_OK
    Which is: ZX_OK(0)
    Actual  : handle.get_info(topic, entries, sizeof(EntryType) * entry_count, nullptr, &tmp)
    Which is: ZX_ERR_NOT_SUPPORTED(-2)
../../zircon/system/utest/core/object-info/thread-object-info-test.cc:210: Failure: Test registered fatal failures in (CheckNullActualSuceeds<zx_info_thread_stats_t>(ZX_INFO_THREAD_STATS, 1, thread_provider)). 
[  FAILED  ] ThreadGetInfoTest.InfoThreadStatsBadActualgIsInvalidArg (3 ms)
[ RUN      ] ThreadGetInfoTest.InfoThreadStatsBadAvailIsInvalidArg
[31m[13.990468963s ERROR 0 0:0] not supported info topic: ThreadStats
[0m../../zircon/system/utest/core/object-info/helper.h:181: Failure: Expected handle.get_info(topic, entries, sizeof(EntryType) * entry_count, nullptr, &tmp) is ZX_OK. 
    Expected: ZX_OK
    Which is: ZX_OK(0)
    Actual  : handle.get_info(topic, entries, sizeof(EntryType) * entry_count, nullptr, &tmp)
    Which is: ZX_ERR_NOT_SUPPORTED(-2)
../../zircon/system/utest/core/object-info/thread-object-info-test.cc:215: Failure: Test registered fatal failures in (CheckNullActualSuceeds<zx_info_thread_stats_t>(ZX_INFO_THREAD_STATS, 1, thread_provider)). 
[  FAILED  ] ThreadGetInfoTest.InfoThreadStatsBadAvailIsInvalidArg (3 ms)
[ RUN      ] ThreadGetInfoTest.InfoThreadStatsZeroSizedBufferFails
[31m[13.995337765s ERROR 0 0:0] not supported info topic: ThreadStats
[0m../../zircon/system/utest/core/object-info/helper.h:121: Failure: Expected ZX_ERR_BUFFER_TOO_SMALL == handle.get_info(topic, &entry, 0, &actual, &avail). 
    Expected: handle.get_info(topic, &entry, 0, &actual, &avail)
    Which is: -2
    Actual  : (-15)
    Which is: -15
../../zircon/system/utest/core/object-info/helper.h:122: Failure: Expected actual == 0u. 
    Expected: 0u
    Which is: 0
    Actual  : actual
    Which is: 12297829382473034410
[  FAILED  ] ThreadGetInfoTest.InfoThreadStatsZeroSizedBufferFails (3 ms)
[ RUN      ] ThreadGetInfoTest.InfoThreadStatsJobHandleIsBadHandle
[31m[13.998944841s ERROR 0 0:0] not supported info topic: ThreadStats
[0m[       OK ] ThreadGetInfoTest.InfoThreadStatsJobHandleIsBadHandle (0 ms)
[ RUN      ] ThreadGetInfoTest.InfoThreadStatsProcessHandleIsBadHandle
[31m[13.999896329s ERROR 0 0:0] not supported info topic: ThreadStats
[0m[       OK ] ThreadGetInfoTest.InfoThreadStatsProcessHandleIsBadHandle (0 ms)
[ RUN      ] ThreadGetInfoTest.InfoThreadExceptionReportInvalidHandleFails
[       OK ] ThreadGetInfoTest.InfoThreadExceptionReportInvalidHandleFails (0 ms)
[----------] 41 tests from ThreadGetInfoTest (72 ms total)

[----------] 21 tests from VmarGetInfoTest
[ RUN      ] VmarGetInfoTest.InfoHandleBasicOnSelfSuceeds
[       OK ] VmarGetInfoTest.InfoHandleBasicOnSelfSuceeds (0 ms)
[ RUN      ] VmarGetInfoTest.InfoHandleBasicInvalidHandleFails
[       OK ] VmarGetInfoTest.InfoHandleBasicInvalidHandleFails (0 ms)
[ RUN      ] VmarGetInfoTest.InfoHandleBasicNullAvailSucceeds
[       OK ] VmarGetInfoTest.InfoHandleBasicNullAvailSucceeds (0 ms)
[ RUN      ] VmarGetInfoTest.InfoHandleBasicNullActualSucceeds
[       OK ] VmarGetInfoTest.InfoHandleBasicNullActualSucceeds (0 ms)
[ RUN      ] VmarGetInfoTest.InfoHandleBasicNullActualAndAvailSucceeds
[       OK ] VmarGetInfoTest.InfoHandleBasicNullActualAndAvailSucceeds (0 ms)
[ RUN      ] VmarGetInfoTest.InfoHandleBasicInvalidBufferPointerFails
[       OK ] VmarGetInfoTest.InfoHandleBasicInvalidBufferPointerFails (0 ms)
[ RUN      ] VmarGetInfoTest.InfoHandleBasicBadActualgIsInvalidArg
[       OK ] VmarGetInfoTest.InfoHandleBasicBadActualgIsInvalidArg (0 ms)
[ RUN      ] VmarGetInfoTest.InfoHandleBasicBadAvailIsInvalidArg
[       OK ] VmarGetInfoTest.InfoHandleBasicBadAvailIsInvalidArg (0 ms)
[ RUN      ] VmarGetInfoTest.InfoHandleBasicZeroSizedBufferFails
../../zircon/system/utest/core/object-info/helper.h:122: Failure: Expected actual == 0u. 
    Expected: 0u
    Which is: 0
    Actual  : actual
    Which is: 12297829382473034410
[  FAILED  ] VmarGetInfoTest.InfoHandleBasicZeroSizedBufferFails (2 ms)
[ RUN      ] VmarGetInfoTest.InfoVmarOnSelfFails
[       OK ] VmarGetInfoTest.InfoVmarOnSelfFails (0 ms)
[ RUN      ] VmarGetInfoTest.InfoVmarInvalidHandleFails
[       OK ] VmarGetInfoTest.InfoVmarInvalidHandleFails (0 ms)
[ RUN      ] VmarGetInfoTest.InfoVmarNullAvailSucceeds
[       OK ] VmarGetInfoTest.InfoVmarNullAvailSucceeds (0 ms)
[ RUN      ] VmarGetInfoTest.InfoVmarNullActualSucceeds
[       OK ] VmarGetInfoTest.InfoVmarNullActualSucceeds (0 ms)
[ RUN      ] VmarGetInfoTest.InfoVmarNullActualAndAvailSucceeds
[       OK ] VmarGetInfoTest.InfoVmarNullActualAndAvailSucceeds (0 ms)
[ RUN      ] VmarGetInfoTest.InfoVmarInvalidBufferPointerFails
[       OK ] VmarGetInfoTest.InfoVmarInvalidBufferPointerFails (0 ms)
[ RUN      ] VmarGetInfoTest.InfoVmarBadActualgIsInvalidArg
[       OK ] VmarGetInfoTest.InfoVmarBadActualgIsInvalidArg (0 ms)
[ RUN      ] VmarGetInfoTest.InfoVmarBadAvailIsInvalidArg
[       OK ] VmarGetInfoTest.InfoVmarBadAvailIsInvalidArg (0 ms)
[ RUN      ] VmarGetInfoTest.InfoVmarZeroSizedBufferFails
../../zircon/system/utest/core/object-info/helper.h:122: Failure: Expected actual == 0u. 
    Expected: 0u
    Which is: 0
    Actual  : actual
    Which is: 12297829382473034410
[  FAILED  ] VmarGetInfoTest.InfoVmarZeroSizedBufferFails (1 ms)
[ RUN      ] VmarGetInfoTest.InfoVmarJobHandleIsBadHandle
[       OK ] VmarGetInfoTest.InfoVmarJobHandleIsBadHandle (0 ms)
[ RUN      ] VmarGetInfoTest.InfoVmarProcessHandleIsBadHandle
[       OK ] VmarGetInfoTest.InfoVmarProcessHandleIsBadHandle (0 ms)
[ RUN      ] VmarGetInfoTest.InfoVmarThreadHandleIsBadHandle
[       OK ] VmarGetInfoTest.InfoVmarThreadHandleIsBadHandle (0 ms)
[----------] 21 tests from VmarGetInfoTest (20 ms total)

[----------] 6 tests from ObjectWaitOneTest
[ RUN      ] ObjectWaitOneTest.WaitForEventSignaled
[       OK ] ObjectWaitOneTest.WaitForEventSignaled (0 ms)
[ RUN      ] ObjectWaitOneTest.WaitForEventTimeout
[       OK ] ObjectWaitOneTest.WaitForEventTimeout (5 ms)
[ RUN      ] ObjectWaitOneTest.EmptySignalSet
[       OK ] ObjectWaitOneTest.EmptySignalSet (6 ms)
[ RUN      ] ObjectWaitOneTest.WaitForEventTimeoutPreSignalClear
[       OK ] ObjectWaitOneTest.WaitForEventTimeoutPreSignalClear (7 ms)
[ RUN      ] ObjectWaitOneTest.WaitForEventThenSignal
[       OK ] ObjectWaitOneTest.WaitForEventThenSignal (2 ms)
[ RUN      ] ObjectWaitOneTest.TransientSignalsNotReturned
[       OK ] ObjectWaitOneTest.TransientSignalsNotReturned (3 ms)
[----------] 6 tests from ObjectWaitOneTest (28 ms total)

[----------] 5 tests from ObjectWaitManyTest
[ RUN      ] ObjectWaitManyTest.TooManyObjects
[       OK ] ObjectWaitManyTest.TooManyObjects (0 ms)
[ RUN      ] ObjectWaitManyTest.InvalidHandle
[       OK ] ObjectWaitManyTest.InvalidHandle (0 ms)
[ RUN      ] ObjectWaitManyTest.WaitForEventsSignaled
[       OK ] ObjectWaitManyTest.WaitForEventsSignaled (0 ms)
[ RUN      ] ObjectWaitManyTest.WaitForEventsThenSignal
[       OK ] ObjectWaitManyTest.WaitForEventsThenSignal (2 ms)
[ RUN      ] ObjectWaitManyTest.TransientSignalsNotReturned
[       OK ] ObjectWaitManyTest.TransientSignalsNotReturned (3 ms)
[----------] 5 tests from ObjectWaitManyTest (10 ms total)

[----------] 92 tests from Pager
[ RUN      ] Pager.SinglePageTest_vmar
[31m[14.063366218s ERROR 0 0:0] syscall unimplemented: PAGER_CREATE
[0mpager create failed with ZX_ERR_NOT_SUPPORTED
../../zircon/system/utest/core/pager/pager.cc:50: Failure: Expected pager.Init() is true. 
    Expected: true
    Which is: 01
    Actual  : pager.Init()
    Which is: 00
[  FAILED  ] Pager.SinglePageTest_vmar (3 ms)
[ RUN      ] Pager.SinglePageTest_vmo
[31m[14.066355994s ERROR 0 0:0] syscall unimplemented: PAGER_CREATE
[0mpager create failed with ZX_ERR_NOT_SUPPORTED
../../zircon/system/utest/core/pager/pager.cc:50: Failure: Expected pager.Init() is true. 
    Expected: true
    Which is: 01
    Actual  : pager.Init()
    Which is: 00
[  FAILED  ] Pager.SinglePageTest_vmo (2 ms)
[ RUN      ] Pager.UncommittedSinglePageTest_vmar
[31m[14.068830022s ERROR 0 0:0] syscall unimplemented: PAGER_CREATE
[0mpager create failed with ZX_ERR_NOT_SUPPORTED
../../zircon/system/utest/core/pager/pager.cc:70: Failure: Expected pager.Init() is true. 
    Expected: true
    Which is: 01
    Actual  : pager.Init()
    Which is: 00
[  FAILED  ] Pager.UncommittedSinglePageTest_vmar (1 ms)
[ RUN      ] Pager.UncommittedSinglePageTest_vmo
[31m[14.070646465s ERROR 0 0:0] syscall unimplemented: PAGER_CREATE
[0mpager create failed with ZX_ERR_NOT_SUPPORTED
../../zircon/system/utest/core/pager/pager.cc:70: Failure: Expected pager.Init() is true. 
    Expected: true
    Which is: 01
    Actual  : pager.Init()
    Which is: 00
[  FAILED  ] Pager.UncommittedSinglePageTest_vmo (2 ms)
[ RUN      ] Pager.PresupplyTest_vmar
[31m[14.073495758s ERROR 0 0:0] syscall unimplemented: PAGER_CREATE
[0mpager create failed with ZX_ERR_NOT_SUPPORTED
../../zircon/system/utest/core/pager/pager.cc:96: Failure: Expected pager.Init() is true. 
    Expected: true
    Which is: 01
    Actual  : pager.Init()
    Which is: 00
[  FAILED  ] Pager.PresupplyTest_vmar (2 ms)
[ RUN      ] Pager.PresupplyTest_vmo
[31m[14.075573767s ERROR 0 0:0] syscall unimplemented: PAGER_CREATE
[0mpager create failed with ZX_ERR_NOT_SUPPORTED
../../zircon/system/utest/core/pager/pager.cc:96: Failure: Expected pager.Init() is true. 
    Expected: true
    Which is: 01
    Actual  : pager.Init()
    Which is: 00
[  FAILED  ] Pager.PresupplyTest_vmo (1 ms)
[ RUN      ] Pager.EarlySupplyTest_vmar
[31m[14.077007343s ERROR 0 0:0] syscall unimplemented: PAGER_CREATE
[0mpager create failed with ZX_ERR_NOT_SUPPORTED
../../zircon/system/utest/core/pager/pager.cc:117: Failure: Expected pager.Init() is true. 
    Expected: true
    Which is: 01
    Actual  : pager.Init()
    Which is: 00
[  FAILED  ] Pager.EarlySupplyTest_vmar (1 ms)
[ RUN      ] Pager.EarlySupplyTest_vmo
[31m[14.079251113s ERROR 0 0:0] syscall unimplemented: PAGER_CREATE
[0mpager create failed with ZX_ERR_NOT_SUPPORTED
../../zircon/system/utest/core/pager/pager.cc:117: Failure: Expected pager.Init() is true. 
    Expected: true
    Which is: 01
    Actual  : pager.Init()
    Which is: 00
[  FAILED  ] Pager.EarlySupplyTest_vmo (1 ms)
[ RUN      ] Pager.SequentialMultipageTest_vmar
[31m[14.080909078s ERROR 0 0:0] syscall unimplemented: PAGER_CREATE
[0mpager create failed with ZX_ERR_NOT_SUPPORTED
../../zircon/system/utest/core/pager/pager.cc:144: Failure: Expected pager.Init() is true. 
    Expected: true
    Which is: 01
    Actual  : pager.Init()
    Which is: 00
[  FAILED  ] Pager.SequentialMultipageTest_vmar (1 ms)
[ RUN      ] Pager.SequentialMultipageTest_vmo
[31m[14.082548653s ERROR 0 0:0] syscall unimplemented: PAGER_CREATE
[0mpager create failed with ZX_ERR_NOT_SUPPORTED
../../zircon/system/utest/core/pager/pager.cc:144: Failure: Expected pager.Init() is true. 
    Expected: true
    Which is: 01
    Actual  : pager.Init()
    Which is: 00
[  FAILED  ] Pager.SequentialMultipageTest_vmo (1 ms)
[ RUN      ] Pager.ConcurrentMultipageAccessTest_vmar
[31m[14.084745247s ERROR 0 0:0] syscall unimplemented: PAGER_CREATE
[0mpager create failed with ZX_ERR_NOT_SUPPORTED
../../zircon/system/utest/core/pager/pager.cc:166: Failure: Expected pager.Init() is true. 
    Expected: true
    Which is: 01
    Actual  : pager.Init()
    Which is: 00
[  FAILED  ] Pager.ConcurrentMultipageAccessTest_vmar (2 ms)
[ RUN      ] Pager.ConcurrentMultipageAccessTest_vmo
[31m[14.087998837s ERROR 0 0:0] syscall unimplemented: PAGER_CREATE
[0mpager create failed with ZX_ERR_NOT_SUPPORTED
../../zircon/system/utest/core/pager/pager.cc:166: Failure: Expected pager.Init() is true. 
    Expected: true
    Which is: 01
    Actual  : pager.Init()
    Which is: 00
[  FAILED  ] Pager.ConcurrentMultipageAccessTest_vmo (1 ms)
[ RUN      ] Pager.ConcurrentOverlappingAccessTest_vmar
[31m[14.090225031s ERROR 0 0:0] syscall unimplemented: PAGER_CREATE
[0mpager create failed with ZX_ERR_NOT_SUPPORTED
../../zircon/system/utest/core/pager/pager.cc:189: Failure: Expected pager.Init() is true. 
    Expected: true
    Which is: 01
    Actual  : pager.Init()
    Which is: 00
[  FAILED  ] Pager.ConcurrentOverlappingAccessTest_vmar (2 ms)
[ RUN      ] Pager.ConcurrentOverlappingAccessTest_vmo
[31m[14.092573397s ERROR 0 0:0] syscall unimplemented: PAGER_CREATE
[0mpager create failed with ZX_ERR_NOT_SUPPORTED
../../zircon/system/utest/core/pager/pager.cc:189: Failure: Expected pager.Init() is true. 
    Expected: true
    Which is: 01
    Actual  : pager.Init()
    Which is: 00
[  FAILED  ] Pager.ConcurrentOverlappingAccessTest_vmo (1 ms)
[ RUN      ] Pager.BulkSingleSupplyTest_vmar
[31m[14.094707176s ERROR 0 0:0] syscall unimplemented: PAGER_CREATE
[0mpager create failed with ZX_ERR_NOT_SUPPORTED
../../zircon/system/utest/core/pager/pager.cc:219: Failure: Expected pager.Init() is true. 
    Expected: true
    Which is: 01
    Actual  : pager.Init()
    Which is: 00
[  FAILED  ] Pager.BulkSingleSupplyTest_vmar (1 ms)
[ RUN      ] Pager.BulkSingleSupplyTest_vmo
[31m[14.096587323s ERROR 0 0:0] syscall unimplemented: PAGER_CREATE
[0mpager create failed with ZX_ERR_NOT_SUPPORTED
../../zircon/system/utest/core/pager/pager.cc:219: Failure: Expected pager.Init() is true. 
    Expected: true
    Which is: 01
    Actual  : pager.Init()
    Which is: 00
[  FAILED  ] Pager.BulkSingleSupplyTest_vmo (2 ms)
[ RUN      ] Pager.BulkOddLengthSupplyTest_vmar
[31m[14.099579599s ERROR 0 0:0] syscall unimplemented: PAGER_CREATE
[0mpager create failed with ZX_ERR_NOT_SUPPORTED
../../zircon/system/utest/core/pager/pager.cc:244: Failure: Expected pager.Init() is true. 
    Expected: true
    Which is: 01
    Actual  : pager.Init()
    Which is: 00
[  FAILED  ] Pager.BulkOddLengthSupplyTest_vmar (2 ms)
[ RUN      ] Pager.BulkOddLengthSupplyTest_vmo
[31m[14.102439926s ERROR 0 0:0] syscall unimplemented: PAGER_CREATE
[0mpager create failed with ZX_ERR_NOT_SUPPORTED
../../zircon/system/utest/core/pager/pager.cc:244: Failure: Expected pager.Init() is true. 
    Expected: true
    Which is: 01
    Actual  : pager.Init()
    Which is: 00
[  FAILED  ] Pager.BulkOddLengthSupplyTest_vmo (2 ms)
[ RUN      ] Pager.BulkOddOffsetSupplyTest_vmar
[31m[14.104858758s ERROR 0 0:0] syscall unimplemented: PAGER_CREATE
[0mpager create failed with ZX_ERR_NOT_SUPPORTED
../../zircon/system/utest/core/pager/pager.cc:244: Failure: Expected pager.Init() is true. 
    Expected: true
    Which is: 01
    Actual  : pager.Init()
    Which is: 00
[  FAILED  ] Pager.BulkOddOffsetSupplyTest_vmar (1 ms)
[ RUN      ] Pager.BulkOddOffsetSupplyTest_vmo
[31m[14.106698123s ERROR 0 0:0] syscall unimplemented: PAGER_CREATE
[0mpager create failed with ZX_ERR_NOT_SUPPORTED
../../zircon/system/utest/core/pager/pager.cc:244: Failure: Expected pager.Init() is true. 
    Expected: true
    Which is: 01
    Actual  : pager.Init()
    Which is: 00
[  FAILED  ] Pager.BulkOddOffsetSupplyTest_vmo (1 ms)
[ RUN      ] Pager.OverlapSupplyTest_vmar
[31m[14.108778629s ERROR 0 0:0] syscall unimplemented: PAGER_CREATE
[0mpager create failed with ZX_ERR_NOT_SUPPORTED
../../zircon/system/utest/core/pager/pager.cc:293: Failure: Expected pager.Init() is true. 
    Expected: true
    Which is: 01
    Actual  : pager.Init()
    Which is: 00
[  FAILED  ] Pager.OverlapSupplyTest_vmar (3 ms)
[ RUN      ] Pager.OverlapSupplyTest_vmo
[31m[14.112497036s ERROR 0 0:0] syscall unimplemented: PAGER_CREATE
[0mpager create failed with ZX_ERR_NOT_SUPPORTED
../../zircon/system/utest/core/pager/pager.cc:293: Failure: Expected pager.Init() is true. 
    Expected: true
    Which is: 01
    Actual  : pager.Init()
    Which is: 00
[  FAILED  ] Pager.OverlapSupplyTest_vmo (2 ms)
[ RUN      ] Pager.ManyRequestTest_vmar
[31m[14.115307266s ERROR 0 0:0] syscall unimplemented: PAGER_CREATE
[0mpager create failed with ZX_ERR_NOT_SUPPORTED
../../zircon/system/utest/core/pager/pager.cc:323: Failure: Expected pager.Init() is true. 
    Expected: true
    Which is: 01
    Actual  : pager.Init()
    Which is: 00
[  FAILED  ] Pager.ManyRequestTest_vmar (2 ms)
[ RUN      ] Pager.ManyRequestTest_vmo
[31m[14.117730701s ERROR 0 0:0] syscall unimplemented: PAGER_CREATE
[0mpager create failed with ZX_ERR_NOT_SUPPORTED
../../zircon/system/utest/core/pager/pager.cc:323: Failure: Expected pager.Init() is true. 
    Expected: true
    Which is: 01
    Actual  : pager.Init()
    Which is: 00
[  FAILED  ] Pager.ManyRequestTest_vmo (1 ms)
[ RUN      ] Pager.SuccessiveVmoTest
[31m[14.119764891s ERROR 0 0:0] syscall unimplemented: PAGER_CREATE
[0mpager create failed with ZX_ERR_NOT_SUPPORTED
../../zircon/system/utest/core/pager/pager.cc:348: Failure: Expected pager.Init() is true. 
    Expected: true
    Which is: 01
    Actual  : pager.Init()
    Which is: 00
[  FAILED  ] Pager.SuccessiveVmoTest (2 ms)
[ RUN      ] Pager.MultipleConcurrentVmoTest
[31m[14.122323815s ERROR 0 0:0] syscall unimplemented: PAGER_CREATE
[0mpager create failed with ZX_ERR_NOT_SUPPORTED
../../zircon/system/utest/core/pager/pager.cc:373: Failure: Expected pager.Init() is true. 
    Expected: true
    Which is: 01
    Actual  : pager.Init()
    Which is: 00
[  FAILED  ] Pager.MultipleConcurrentVmoTest (2 ms)
[ RUN      ] Pager.VmarUnmapTest
[31m[14.12471902s ERROR 0 0:0] syscall unimplemented: PAGER_CREATE
[0mpager create failed with ZX_ERR_NOT_SUPPORTED
../../zircon/system/utest/core/pager/pager.cc:401: Failure: Expected pager.Init() is true. 
    Expected: true
    Which is: 01
    Actual  : pager.Init()
    Which is: 00
[  FAILED  ] Pager.VmarUnmapTest (2 ms)
[ RUN      ] Pager.VmarRemapTest
[31m[14.126902306s ERROR 0 0:0] syscall unimplemented: PAGER_CREATE
[0mpager create failed with ZX_ERR_NOT_SUPPORTED
../../zircon/system/utest/core/pager/pager.cc:421: Failure: Expected pager.Init() is true. 
    Expected: true
    Which is: 01
    Actual  : pager.Init()
    Which is: 00
[  FAILED  ] Pager.VmarRemapTest (2 ms)
[ RUN      ] Pager.VmarMapRangeTest
[31m[14.129807349s ERROR 0 0:0] syscall unimplemented: PAGER_CREATE
[0mpager create failed with ZX_ERR_NOT_SUPPORTED
../../zircon/system/utest/core/pager/pager.cc:459: Failure: Expected pager.Init() is true. 
    Expected: true
    Which is: 01
    Actual  : pager.Init()
    Which is: 00
[  FAILED  ] Pager.VmarMapRangeTest (2 ms)
[ RUN      ] Pager.ReadResizeTest_vmar
[31m[14.132261052s ERROR 0 0:0] syscall unimplemented: PAGER_CREATE
[0mpager create failed with ZX_ERR_NOT_SUPPORTED
../../zircon/system/utest/core/pager/pager.cc:508: Failure: Expected pager.Init() is true. 
    Expected: true
    Which is: 01
    Actual  : pager.Init()
    Which is: 00
[  FAILED  ] Pager.ReadResizeTest_vmar (1 ms)
[ RUN      ] Pager.ReadResizeTest_vmo
[31m[14.134285117s ERROR 0 0:0] syscall unimplemented: PAGER_CREATE
[0mpager create failed with ZX_ERR_NOT_SUPPORTED
../../zircon/system/utest/core/pager/pager.cc:508: Failure: Expected pager.Init() is true. 
    Expected: true
    Which is: 01
    Actual  : pager.Init()
    Which is: 00
[  FAILED  ] Pager.ReadResizeTest_vmo (2 ms)
[ RUN      ] Pager.SuspendReadTest_vmar
[31m[14.137063089s ERROR 0 0:0] syscall unimplemented: PAGER_CREATE
[0mpager create failed with ZX_ERR_NOT_SUPPORTED
../../zircon/system/utest/core/pager/pager.cc:532: Failure: Expected pager.Init() is true. 
    Expected: true
    Which is: 01
    Actual  : pager.Init()
    Which is: 00
[  FAILED  ] Pager.SuspendReadTest_vmar (2 ms)
[ RUN      ] Pager.SuspendReadTest_vmo
[31m[14.139289068s ERROR 0 0:0] syscall unimplemented: PAGER_CREATE
[0mpager create failed with ZX_ERR_NOT_SUPPORTED
../../zircon/system/utest/core/pager/pager.cc:532: Failure: Expected pager.Init() is true. 
    Expected: true
    Which is: 01
    Actual  : pager.Init()
    Which is: 00
[  FAILED  ] Pager.SuspendReadTest_vmo (1 ms)
[ RUN      ] Pager.VmoInfoPagerTest
[31m[14.14077543s ERROR 0 0:0] syscall unimplemented: PAGER_CREATE
[0mpager create failed with ZX_ERR_NOT_SUPPORTED
../../zircon/system/utest/core/pager/pager.cc:559: Failure: Expected pager.Init() is true. 
    Expected: true
    Which is: 01
    Actual  : pager.Init()
    Which is: 00
[  FAILED  ] Pager.VmoInfoPagerTest (1 ms)
[ RUN      ] Pager.DetachPageCompleteTest
[31m[14.142780593s ERROR 0 0:0] syscall unimplemented: PAGER_CREATE
[0mpager create failed with ZX_ERR_NOT_SUPPORTED
../../zircon/system/utest/core/pager/pager.cc:580: Failure: Expected pager.Init() is true. 
    Expected: true
    Which is: 01
    Actual  : pager.Init()
    Which is: 00
[  FAILED  ] Pager.DetachPageCompleteTest (2 ms)
[ RUN      ] Pager.ClosePageCompleteTest
[31m[14.145384556s ERROR 0 0:0] syscall unimplemented: PAGER_CREATE
[0mpager create failed with ZX_ERR_NOT_SUPPORTED
../../zircon/system/utest/core/pager/pager.cc:594: Failure: Expected pager.Init() is true. 
    Expected: true
    Which is: 01
    Actual  : pager.Init()
    Which is: 00
[  FAILED  ] Pager.ClosePageCompleteTest (1 ms)
[ RUN      ] Pager.ReadCloseInterruptLateTest_vmar
[31m[14.147743371s ERROR 0 0:0] syscall unimplemented: PAGER_CREATE
[0mpager create failed with ZX_ERR_NOT_SUPPORTED
../../zircon/system/utest/core/pager/pager.cc:609: Failure: Expected pager.Init() is true. 
    Expected: true
    Which is: 01
    Actual  : pager.Init()
    Which is: 00
[  FAILED  ] Pager.ReadCloseInterruptLateTest_vmar (2 ms)
[ RUN      ] Pager.ReadCloseInterruptLateTest_vmo
[31m[14.150206784s ERROR 0 0:0] syscall unimplemented: PAGER_CREATE
[0mpager create failed with ZX_ERR_NOT_SUPPORTED
../../zircon/system/utest/core/pager/pager.cc:609: Failure: Expected pager.Init() is true. 
    Expected: true
    Which is: 01
    Actual  : pager.Init()
    Which is: 00
[  FAILED  ] Pager.ReadCloseInterruptLateTest_vmo (1 ms)
[ RUN      ] Pager.ReadDetachInterruptLateTest_vmar
[31m[14.151999881s ERROR 0 0:0] syscall unimplemented: PAGER_CREATE
[0mpager create failed with ZX_ERR_NOT_SUPPORTED
../../zircon/system/utest/core/pager/pager.cc:609: Failure: Expected pager.Init() is true. 
    Expected: true
    Which is: 01
    Actual  : pager.Init()
    Which is: 00
[  FAILED  ] Pager.ReadDetachInterruptLateTest_vmar (1 ms)
[ RUN      ] Pager.ReadDetachInterruptLateTest_vmo
[31m[14.154039509s ERROR 0 0:0] syscall unimplemented: PAGER_CREATE
[0mpager create failed with ZX_ERR_NOT_SUPPORTED
../../zircon/system/utest/core/pager/pager.cc:609: Failure: Expected pager.Init() is true. 
    Expected: true
    Which is: 01
    Actual  : pager.Init()
    Which is: 00
[  FAILED  ] Pager.ReadDetachInterruptLateTest_vmo (1 ms)
[ RUN      ] Pager.ReadCloseInterruptEarlyTest_vmar
[31m[14.15610963s ERROR 0 0:0] syscall unimplemented: PAGER_CREATE
[0mpager create failed with ZX_ERR_NOT_SUPPORTED
../../zircon/system/utest/core/pager/pager.cc:645: Failure: Expected pager.Init() is true. 
    Expected: true
    Which is: 01
    Actual  : pager.Init()
    Which is: 00
[  FAILED  ] Pager.ReadCloseInterruptEarlyTest_vmar (2 ms)
[ RUN      ] Pager.ReadCloseInterruptEarlyTest_vmo
[31m[14.158199904s ERROR 0 0:0] syscall unimplemented: PAGER_CREATE
[0mpager create failed with ZX_ERR_NOT_SUPPORTED
../../zircon/system/utest/core/pager/pager.cc:645: Failure: Expected pager.Init() is true. 
    Expected: true
    Which is: 01
    Actual  : pager.Init()
    Which is: 00
[  FAILED  ] Pager.ReadCloseInterruptEarlyTest_vmo (1 ms)
[ RUN      ] Pager.ReadDetachInterruptEarlyTest_vmar
[31m[14.159874614s ERROR 0 0:0] syscall unimplemented: PAGER_CREATE
[0mpager create failed with ZX_ERR_NOT_SUPPORTED
../../zircon/system/utest/core/pager/pager.cc:645: Failure: Expected pager.Init() is true. 
    Expected: true
    Which is: 01
    Actual  : pager.Init()
    Which is: 00
[  FAILED  ] Pager.ReadDetachInterruptEarlyTest_vmar (2 ms)
[ RUN      ] Pager.ReadDetachInterruptEarlyTest_vmo
[31m[14.162630256s ERROR 0 0:0] syscall unimplemented: PAGER_CREATE
[0mpager create failed with ZX_ERR_NOT_SUPPORTED
../../zircon/system/utest/core/pager/pager.cc:645: Failure: Expected pager.Init() is true. 
    Expected: true
    Which is: 01
    Actual  : pager.Init()
    Which is: 00
[  FAILED  ] Pager.ReadDetachInterruptEarlyTest_vmo (2 ms)
[ RUN      ] Pager.ClosePagerTest
[31m[14.164912983s ERROR 0 0:0] syscall unimplemented: PAGER_CREATE
[0mpager create failed with ZX_ERR_NOT_SUPPORTED
../../zircon/system/utest/core/pager/pager.cc:681: Failure: Expected pager.Init() is true. 
    Expected: true
    Which is: 01
    Actual  : pager.Init()
    Which is: 00
[  FAILED  ] Pager.ClosePagerTest (2 ms)
[ RUN      ] Pager.DetachClosePagerTest
[31m[14.167687125s ERROR 0 0:0] syscall unimplemented: PAGER_CREATE
[0mpager create failed with ZX_ERR_NOT_SUPPORTED
../../zircon/system/utest/core/pager/pager.cc:702: Failure: Expected pager.Init() is true. 
    Expected: true
    Which is: 01
    Actual  : pager.Init()
    Which is: 00
[  FAILED  ] Pager.DetachClosePagerTest (1 ms)
[ RUN      ] Pager.ClosePortTest
[31m[14.170080851s ERROR 0 0:0] syscall unimplemented: PAGER_CREATE
[0mpager create failed with ZX_ERR_NOT_SUPPORTED
../../zircon/system/utest/core/pager/pager.cc:717: Failure: Expected pager.Init() is true. 
    Expected: true
    Which is: 01
    Actual  : pager.Init()
    Which is: 00
[  FAILED  ] Pager.ClosePortTest (2 ms)
[ RUN      ] Pager.CloneReadFromCloneTest_vmar
[31m[14.172392091s ERROR 0 0:0] syscall unimplemented: PAGER_CREATE
[0mpager create failed with ZX_ERR_NOT_SUPPORTED
../../zircon/system/utest/core/pager/pager.cc:740: Failure: Expected pager.Init() is true. 
    Expected: true
    Which is: 01
    Actual  : pager.Init()
    Which is: 00
[  FAILED  ] Pager.CloneReadFromCloneTest_vmar (2 ms)
[ RUN      ] Pager.CloneReadFromCloneTest_vmo
[31m[14.175217456s ERROR 0 0:0] syscall unimplemented: PAGER_CREATE
[0mpager create failed with ZX_ERR_NOT_SUPPORTED
../../zircon/system/utest/core/pager/pager.cc:740: Failure: Expected pager.Init() is true. 
    Expected: true
    Which is: 01
    Actual  : pager.Init()
    Which is: 00
[  FAILED  ] Pager.CloneReadFromCloneTest_vmo (1 ms)
[ RUN      ] Pager.CloneReadFromParentTest_vmar
[31m[14.177742066s ERROR 0 0:0] syscall unimplemented: PAGER_CREATE
[0mpager create failed with ZX_ERR_NOT_SUPPORTED
../../zircon/system/utest/core/pager/pager.cc:765: Failure: Expected pager.Init() is true. 
    Expected: true
    Which is: 01
    Actual  : pager.Init()
    Which is: 00
[  FAILED  ] Pager.CloneReadFromParentTest_vmar (2 ms)
[ RUN      ] Pager.CloneReadFromParentTest_vmo
[31m[14.179831892s ERROR 0 0:0] syscall unimplemented: PAGER_CREATE
[0mpager create failed with ZX_ERR_NOT_SUPPORTED
../../zircon/system/utest/core/pager/pager.cc:765: Failure: Expected pager.Init() is true. 
    Expected: true
    Which is: 01
    Actual  : pager.Init()
    Which is: 00
[  FAILED  ] Pager.CloneReadFromParentTest_vmo (1 ms)
[ RUN      ] Pager.CloneSimultaneousReadTest_vmar
[31m[14.18217807s ERROR 0 0:0] syscall unimplemented: PAGER_CREATE
[0mpager create failed with ZX_ERR_NOT_SUPPORTED
../../zircon/system/utest/core/pager/pager.cc:797: Failure: Expected pager.Init() is true. 
    Expected: true
    Which is: 01
    Actual  : pager.Init()
    Which is: 00
[  FAILED  ] Pager.CloneSimultaneousReadTest_vmar (2 ms)
[ RUN      ] Pager.CloneSimultaneousReadTest_vmo
[31m[14.184432212s ERROR 0 0:0] syscall unimplemented: PAGER_CREATE
[0mpager create failed with ZX_ERR_NOT_SUPPORTED
../../zircon/system/utest/core/pager/pager.cc:797: Failure: Expected pager.Init() is true. 
    Expected: true
    Which is: 01
    Actual  : pager.Init()
    Which is: 00
[  FAILED  ] Pager.CloneSimultaneousReadTest_vmo (1 ms)
[ RUN      ] Pager.CloneSimultaneousChildReadTest_vmar
[31m[14.186707422s ERROR 0 0:0] syscall unimplemented: PAGER_CREATE
[0mpager create failed with ZX_ERR_NOT_SUPPORTED
../../zircon/system/utest/core/pager/pager.cc:830: Failure: Expected pager.Init() is true. 
    Expected: true
    Which is: 01
    Actual  : pager.Init()
    Which is: 00
[  FAILED  ] Pager.CloneSimultaneousChildReadTest_vmar (3 ms)
[ RUN      ] Pager.CloneSimultaneousChildReadTest_vmo
[31m[14.189947246s ERROR 0 0:0] syscall unimplemented: PAGER_CREATE
[0mpager create failed with ZX_ERR_NOT_SUPPORTED
../../zircon/system/utest/core/pager/pager.cc:830: Failure: Expected pager.Init() is true. 
    Expected: true
    Which is: 01
    Actual  : pager.Init()
    Which is: 00
[  FAILED  ] Pager.CloneSimultaneousChildReadTest_vmo (2 ms)
[ RUN      ] Pager.CloneWriteToCloneTest_vmar
[31m[14.192824936s ERROR 0 0:0] syscall unimplemented: PAGER_CREATE
[0mpager create failed with ZX_ERR_NOT_SUPPORTED
../../zircon/system/utest/core/pager/pager.cc:867: Failure: Expected pager.Init() is true. 
    Expected: true
    Which is: 01
    Actual  : pager.Init()
    Which is: 00
[  FAILED  ] Pager.CloneWriteToCloneTest_vmar (1 ms)
[ RUN      ] Pager.CloneWriteToCloneTest_vmo
[31m[14.195112264s ERROR 0 0:0] syscall unimplemented: PAGER_CREATE
[0mpager create failed with ZX_ERR_NOT_SUPPORTED
../../zircon/system/utest/core/pager/pager.cc:867: Failure: Expected pager.Init() is true. 
    Expected: true
    Which is: 01
    Actual  : pager.Init()
    Which is: 00
[  FAILED  ] Pager.CloneWriteToCloneTest_vmo (1 ms)
[ RUN      ] Pager.CloneDetachTest
[31m[14.197049301s ERROR 0 0:0] syscall unimplemented: PAGER_CREATE
[0mpager create failed with ZX_ERR_NOT_SUPPORTED
../../zircon/system/utest/core/pager/pager.cc:898: Failure: Expected pager.Init() is true. 
    Expected: true
    Which is: 01
    Actual  : pager.Init()
    Which is: 00
[  FAILED  ] Pager.CloneDetachTest (2 ms)
[ RUN      ] Pager.CloneCommitTest
[31m[14.199813729s ERROR 0 0:0] syscall unimplemented: PAGER_CREATE
[0mpager create failed with ZX_ERR_NOT_SUPPORTED
../../zircon/system/utest/core/pager/pager.cc:925: Failure: Expected pager.Init() is true. 
    Expected: true
    Which is: 01
    Actual  : pager.Init()
    Which is: 00
[  FAILED  ] Pager.CloneCommitTest (1 ms)
[ RUN      ] Pager.CloneSplitCommitTest
[31m[14.201732088s ERROR 0 0:0] syscall unimplemented: PAGER_CREATE
[0mpager create failed with ZX_ERR_NOT_SUPPORTED
../../zircon/system/utest/core/pager/pager.cc:949: Failure: Expected pager.Init() is true. 
    Expected: true
    Which is: 01
    Actual  : pager.Init()
    Which is: 00
[  FAILED  ] Pager.CloneSplitCommitTest (2 ms)
[ RUN      ] Pager.CloneResizeCloneHazard
[31m[14.204074968s ERROR 0 0:0] syscall unimplemented: PAGER_CREATE
[0mpager create failed with ZX_ERR_NOT_SUPPORTED
../../zircon/system/utest/core/pager/pager.cc:979: Failure: Expected pager.Init() is true. 
    Expected: true
    Which is: 01
    Actual  : pager.Init()
    Which is: 00
[  FAILED  ] Pager.CloneResizeCloneHazard (2 ms)
[ RUN      ] Pager.CloneResizeParentOK
[31m[14.206631938s ERROR 0 0:0] syscall unimplemented: PAGER_CREATE
[0mpager create failed with ZX_ERR_NOT_SUPPORTED
../../zircon/system/utest/core/pager/pager.cc:1009: Failure: Expected pager.Init() is true. 
    Expected: true
    Which is: 01
    Actual  : pager.Init()
    Which is: 00
[  FAILED  ] Pager.CloneResizeParentOK (2 ms)
[ RUN      ] Pager.CloneShrinkGrowParent
[31m[14.208855802s ERROR 0 0:0] syscall unimplemented: PAGER_CREATE
[0mpager create failed with ZX_ERR_NOT_SUPPORTED
../../zircon/system/utest/core/pager/pager.cc:1054: Failure: Expected pager.Init() is true. 
    Expected: true
    Which is: 01
    Actual  : pager.Init()
    Which is: 00
[  FAILED  ] Pager.CloneShrinkGrowParent (1 ms)
[ RUN      ] Pager.SimpleCommitTest
[31m[14.210303748s ERROR 0 0:0] syscall unimplemented: PAGER_CREATE
[0mpager create failed with ZX_ERR_NOT_SUPPORTED
../../zircon/system/utest/core/pager/pager.cc:1104: Failure: Expected pager.Init() is true. 
    Expected: true
    Which is: 01
    Actual  : pager.Init()
    Which is: 00
[  FAILED  ] Pager.SimpleCommitTest (1 ms)
[ RUN      ] Pager.SplitCommitTest
[31m[14.213526857s ERROR 0 0:0] syscall unimplemented: PAGER_CREATE
[0mpager create failed with ZX_ERR_NOT_SUPPORTED
../../zircon/system/utest/core/pager/pager.cc:1125: Failure: Expected pager.Init() is true. 
    Expected: true
    Which is: 01
    Actual  : pager.Init()
    Which is: 00
[  FAILED  ] Pager.SplitCommitTest (3 ms)
[ RUN      ] Pager.OverlapCommitTest
[31m[14.216430095s ERROR 0 0:0] syscall unimplemented: PAGER_CREATE
[0mpager create failed with ZX_ERR_NOT_SUPPORTED
../../zircon/system/utest/core/pager/pager.cc:1150: Failure: Expected pager.Init() is true. 
    Expected: true
    Which is: 01
    Actual  : pager.Init()
    Which is: 00
[  FAILED  ] Pager.OverlapCommitTest (2 ms)
[ RUN      ] Pager.OverlapCommitSupplyTest
[31m[14.219061331s ERROR 0 0:0] syscall unimplemented: PAGER_CREATE
[0mpager create failed with ZX_ERR_NOT_SUPPORTED
../../zircon/system/utest/core/pager/pager.cc:1178: Failure: Expected pager.Init() is true. 
    Expected: true
    Which is: 01
    Actual  : pager.Init()
    Which is: 00
[  FAILED  ] Pager.OverlapCommitSupplyTest (2 ms)
[ RUN      ] Pager.MultisupplyCommitTest
[31m[14.222002364s ERROR 0 0:0] syscall unimplemented: PAGER_CREATE
[0mpager create failed with ZX_ERR_NOT_SUPPORTED
../../zircon/system/utest/core/pager/pager.cc:1221: Failure: Expected pager.Init() is true. 
    Expected: true
    Which is: 01
    Actual  : pager.Init()
    Which is: 00
[  FAILED  ] Pager.MultisupplyCommitTest (2 ms)
[ RUN      ] Pager.MulticommitSupplyTest
[31m[14.224256959s ERROR 0 0:0] syscall unimplemented: PAGER_CREATE
[0mpager create failed with ZX_ERR_NOT_SUPPORTED
../../zircon/system/utest/core/pager/pager.cc:1244: Failure: Expected pager.Init() is true. 
    Expected: true
    Which is: 01
    Actual  : pager.Init()
    Which is: 00
[  FAILED  ] Pager.MulticommitSupplyTest (2 ms)
[ RUN      ] Pager.CommitRedundantSupplyTest
[31m[14.226938982s ERROR 0 0:0] syscall unimplemented: PAGER_CREATE
[0mpager create failed with ZX_ERR_NOT_SUPPORTED
../../zircon/system/utest/core/pager/pager.cc:1272: Failure: Expected pager.Init() is true. 
    Expected: true
    Which is: 01
    Actual  : pager.Init()
    Which is: 00
[  FAILED  ] Pager.CommitRedundantSupplyTest (2 ms)
[ RUN      ] Pager.ResizeCommitTest
[31m[14.229781653s ERROR 0 0:0] syscall unimplemented: PAGER_CREATE
[0mpager create failed with ZX_ERR_NOT_SUPPORTED
../../zircon/system/utest/core/pager/pager.cc:1295: Failure: Expected pager.Init() is true. 
    Expected: true
    Which is: 01
    Actual  : pager.Init()
    Which is: 00
[  FAILED  ] Pager.ResizeCommitTest (2 ms)
[ RUN      ] Pager.SuspendCommitTest
[31m[14.232464999s ERROR 0 0:0] syscall unimplemented: PAGER_CREATE
[0mpager create failed with ZX_ERR_NOT_SUPPORTED
../../zircon/system/utest/core/pager/pager.cc:1329: Failure: Expected pager.Init() is true. 
    Expected: true
    Which is: 01
    Actual  : pager.Init()
    Which is: 00
[  FAILED  ] Pager.SuspendCommitTest (2 ms)
[ RUN      ] Pager.InvalidPagerCreate
[31m[14.23491908s ERROR 0 0:0] syscall unimplemented: PAGER_CREATE
[0m../../zircon/system/utest/core/pager/pager.cc:1357: Failure: Expected ZX_ERR_INVALID_ARGS == zx_pager_create(1, &handle). 
    Expected: zx_pager_create(1, &handle)
    Which is: -2
    Actual  : (-10)
    Which is: -10
[  FAILED  ] Pager.InvalidPagerCreate (1 ms)
[ RUN      ] Pager.InvalidPagerCreateVmo
[31m[14.236636426s ERROR 0 0:0] syscall unimplemented: PAGER_CREATE
[0m../../zircon/system/utest/core/pager/pager.cc:1363: Failure: Expected ZX_OK == zx::pager::create(0, &pager). 
    Expected: zx::pager::create(0, &pager)
    Which is: -2
    Actual  : (0)
    Which is: 0
[  FAILED  ] Pager.InvalidPagerCreateVmo (3 ms)
[ RUN      ] Pager.InvalidPagerDetachVmo
[31m[14.240620686s ERROR 0 0:0] syscall unimplemented: PAGER_CREATE
[0m../../zircon/system/utest/core/pager/pager.cc:1403: Failure: Expected ZX_OK == zx::pager::create(0, &pager). 
    Expected: zx::pager::create(0, &pager)
    Which is: -2
    Actual  : (0)
    Which is: 0
[  FAILED  ] Pager.InvalidPagerDetachVmo (2 ms)
[ RUN      ] Pager.InvalidPagerSupplyPages
[31m[14.243567874s ERROR 0 0:0] syscall unimplemented: PAGER_CREATE
[0m../../zircon/system/utest/core/pager/pager.cc:1435: Failure: Expected ZX_OK == zx::pager::create(0, &pager). 
    Expected: zx::pager::create(0, &pager)
    Which is: -2
    Actual  : (0)
    Which is: 0
[  FAILED  ] Pager.InvalidPagerSupplyPages (2 ms)
[ RUN      ] Pager.ResizeNonresizableVmo
[31m[14.246543458s ERROR 0 0:0] syscall unimplemented: PAGER_CREATE
[0m../../zircon/system/utest/core/pager/pager.cc:1598: Failure: Expected ZX_OK == zx::pager::create(0, &pager). 
    Expected: zx::pager::create(0, &pager)
    Which is: -2
    Actual  : (0)
    Which is: 0
[  FAILED  ] Pager.ResizeNonresizableVmo (2 ms)
[ RUN      ] Pager.DecommitTest
[31m[14.248918749s ERROR 0 0:0] syscall unimplemented: PAGER_CREATE
[0m../../zircon/system/utest/core/pager/pager.cc:1613: Failure: Expected ZX_OK == zx::pager::create(0, &pager). 
    Expected: zx::pager::create(0, &pager)
    Which is: -2
    Actual  : (0)
    Which is: 0
[  FAILED  ] Pager.DecommitTest (2 ms)
[ RUN      ] Pager.UncommittedSupply
[31m[14.251309058s ERROR 0 0:0] syscall unimplemented: PAGER_CREATE
[0m../../zircon/system/utest/core/pager/pager.cc:1633: Failure: Expected ZX_OK == zx::pager::create(0, &pager). 
    Expected: zx::pager::create(0, &pager)
    Which is: -2
    Actual  : (0)
    Which is: 0
[  FAILED  ] Pager.UncommittedSupply (1 ms)
[ RUN      ] Pager.InvalidPagerOpRange
[31m[14.253043386s ERROR 0 0:0] syscall unimplemented: PAGER_CREATE
[0m../../zircon/system/utest/core/pager/pager.cc:1660: Failure: Expected ZX_OK == zx::pager::create(0, &pager). 
    Expected: zx::pager::create(0, &pager)
    Which is: -2
    Actual  : (0)
    Which is: 0
[  FAILED  ] Pager.InvalidPagerOpRange (2 ms)
[ RUN      ] Pager.FailSinglePage_vmar
[31m[14.25537827s ERROR 0 0:0] syscall unimplemented: PAGER_CREATE
[0mpager create failed with ZX_ERR_NOT_SUPPORTED
../../zircon/system/utest/core/pager/pager.cc:1731: Failure: Expected pager.Init() is true. 
    Expected: true
    Which is: 01
    Actual  : pager.Init()
    Which is: 00
[  FAILED  ] Pager.FailSinglePage_vmar (1 ms)
[ RUN      ] Pager.FailSinglePage_vmo
[31m[14.257111514s ERROR 0 0:0] syscall unimplemented: PAGER_CREATE
[0mpager create failed with ZX_ERR_NOT_SUPPORTED
../../zircon/system/utest/core/pager/pager.cc:1731: Failure: Expected pager.Init() is true. 
    Expected: true
    Which is: 01
    Actual  : pager.Init()
    Which is: 00
[  FAILED  ] Pager.FailSinglePage_vmo (1 ms)
[ RUN      ] Pager.FailExactRange
[31m[14.258953231s ERROR 0 0:0] syscall unimplemented: PAGER_CREATE
[0mpager create failed with ZX_ERR_NOT_SUPPORTED
../../zircon/system/utest/core/pager/pager.cc:1759: Failure: Expected pager.Init() is true. 
    Expected: true
    Which is: 01
    Actual  : pager.Init()
    Which is: 00
[  FAILED  ] Pager.FailExactRange (1 ms)
[ RUN      ] Pager.FailMultipleCommits
[31m[14.260457029s ERROR 0 0:0] syscall unimplemented: PAGER_CREATE
[0mpager create failed with ZX_ERR_NOT_SUPPORTED
../../zircon/system/utest/core/pager/pager.cc:1783: Failure: Expected pager.Init() is true. 
    Expected: true
    Which is: 01
    Actual  : pager.Init()
    Which is: 00
[  FAILED  ] Pager.FailMultipleCommits (1 ms)
[ RUN      ] Pager.FailMultipleVmos
[31m[14.261803001s ERROR 0 0:0] syscall unimplemented: PAGER_CREATE
[0mpager create failed with ZX_ERR_NOT_SUPPORTED
../../zircon/system/utest/core/pager/pager.cc:1837: Failure: Expected pager.Init() is true. 
    Expected: true
    Which is: 01
    Actual  : pager.Init()
    Which is: 00
[  FAILED  ] Pager.FailMultipleVmos (2 ms)
[ RUN      ] Pager.FailOverlappingRange
[31m[14.265205375s ERROR 0 0:0] syscall unimplemented: PAGER_CREATE
[0mpager create failed with ZX_ERR_NOT_SUPPORTED
../../zircon/system/utest/core/pager/pager.cc:1880: Failure: Expected pager.Init() is true. 
    Expected: true
    Which is: 01
    Actual  : pager.Init()
    Which is: 00
[  FAILED  ] Pager.FailOverlappingRange (3 ms)
[ RUN      ] Pager.FailRedundant
[31m[14.268556276s ERROR 0 0:0] syscall unimplemented: PAGER_CREATE
[0mpager create failed with ZX_ERR_NOT_SUPPORTED
../../zircon/system/utest/core/pager/pager.cc:1919: Failure: Expected pager.Init() is true. 
    Expected: true
    Which is: 01
    Actual  : pager.Init()
    Which is: 00
[  FAILED  ] Pager.FailRedundant (2 ms)
[ RUN      ] Pager.FailAfterDetach
[31m[14.27093996s ERROR 0 0:0] syscall unimplemented: PAGER_CREATE
[0mpager create failed with ZX_ERR_NOT_SUPPORTED
../../zircon/system/utest/core/pager/pager.cc:1946: Failure: Expected pager.Init() is true. 
    Expected: true
    Which is: 01
    Actual  : pager.Init()
    Which is: 00
[  FAILED  ] Pager.FailAfterDetach (2 ms)
[ RUN      ] Pager.SupplyAfterFail
[31m[14.274264555s ERROR 0 0:0] syscall unimplemented: PAGER_CREATE
[0mpager create failed with ZX_ERR_NOT_SUPPORTED
../../zircon/system/utest/core/pager/pager.cc:1974: Failure: Expected pager.Init() is true. 
    Expected: true
    Which is: 01
    Actual  : pager.Init()
    Which is: 00
[  FAILED  ] Pager.SupplyAfterFail (2 ms)
[ RUN      ] Pager.FailErrorCode
[31m[14.277286291s ERROR 0 0:0] syscall unimplemented: PAGER_CREATE
[0mpager create failed with ZX_ERR_NOT_SUPPORTED
../../zircon/system/utest/core/pager/pager.cc:2013: Failure: Expected pager.Init() is true. 
    Expected: true
    Which is: 01
    Actual  : pager.Init()
    Which is: 00
[  FAILED  ] Pager.FailErrorCode (2 ms)
[ RUN      ] Pager.WritingZeroFork
[31m[14.279835652s ERROR 0 0:0] syscall unimplemented: PAGER_CREATE
[0m../../zircon/system/utest/core/pager/pager.cc:2076: Failure: Expected ZX_OK == zx::pager::create(0, &pager). 
    Expected: zx::pager::create(0, &pager)
    Which is: -2
    Actual  : (0)
    Which is: 0
[  FAILED  ] Pager.WritingZeroFork (2 ms)
[ RUN      ] Pager.CleanThreadKill
[31m[14.282180211s ERROR 0 0:0] syscall unimplemented: PAGER_CREATE
[0mpager create failed with ZX_ERR_NOT_SUPPORTED
../../zircon/system/utest/core/pager/pager.cc:2120: Failure: Expected pager.Init() is true. 
    Expected: true
    Which is: 01
    Actual  : pager.Init()
    Which is: 00
[  FAILED  ] Pager.CleanThreadKill (2 ms)
[----------] 92 tests from Pager (222 ms total)

[----------] 16 tests from PortTest
[ RUN      ] PortTest.QueueNullPtrReturnsInvalidArgs
[       OK ] PortTest.QueueNullPtrReturnsInvalidArgs (0 ms)
[ RUN      ] PortTest.QueueWaitVerifyUserPacket
[       OK ] PortTest.QueueWaitVerifyUserPacket (0 ms)
[ RUN      ] PortTest.PortTimeout
[       OK ] PortTest.PortTimeout (0 ms)
[ RUN      ] PortTest.QueueAndClose
[       OK ] PortTest.QueueAndClose (0 ms)
[ RUN      ] PortTest.QueueTooMany
[       OK ] PortTest.QueueTooMany (22 ms)
[ RUN      ] PortTest.AsyncWaitChannelTimedOut
[       OK ] PortTest.AsyncWaitChannelTimedOut (1 ms)
[ RUN      ] PortTest.AsyncWaitChannel
[       OK ] PortTest.AsyncWaitChannel (14 ms)
[ RUN      ] PortTest.AsyncWaitCloseOrder
[       OK ] PortTest.AsyncWaitCloseOrder (2 ms)
[ RUN      ] PortTest.EventAsyncSignalWaitSingle
../../zircon/system/utest/core/port/ports.cc:204: Failure: Expected 20u == key_sum. 
    Expected: key_sum
    Which is: 10
    Actual  : 20u
    Which is: 20
[  FAILED  ] PortTest.EventAsyncSignalWaitSingle (1 ms)
[ RUN      ] PortTest.AsyncWaitEventRepeat
[       OK ] PortTest.AsyncWaitEventRepeat (0 ms)
[ RUN      ] PortTest.AsyncWaitEventManyAllProcessed
[       OK ] PortTest.AsyncWaitEventManyAllProcessed (196 ms)
[ RUN      ] PortTest.ChannelAsyncWaitOnExistingStateIsNotified
[       OK ] PortTest.ChannelAsyncWaitOnExistingStateIsNotified (1 ms)
[ RUN      ] PortTest.CancelEventKey
[31m[14.531906547s ERROR 0 0:0] Skip PORT_CANCEL
[0m[31m[14.532275353s ERROR 0 0:0] Skip PORT_CANCEL
[0m../../zircon/system/utest/core/port/ports.cc:359: Failure: Expected ZX_ERR_NOT_FOUND == port.cancel(event, 128u). 
    Expected: port.cancel(event, 128u)
    Which is: 0
    Actual  : (-25)
    Which is: -25
../../zircon/system/utest/core/port/ports.cc:361: Failure: Expected 2 == wait_count. 
    Expected: wait_count
    Which is: 4
    Actual  : 2
../../zircon/system/utest/core/port/ports.cc:362: Failure: Expected keys[0] + keys[2] == key_sum. 
    Expected: key_sum
    Which is: 161
    Actual  : keys[0] + keys[2]
    Which is: 135
[  FAILED  ] PortTest.CancelEventKey (3 ms)
[ RUN      ] PortTest.CancelEventKeyAfter
[31m[14.536414191s ERROR 0 0:0] Skip PORT_CANCEL
[0m[31m[14.536644492s ERROR 0 0:0] Skip PORT_CANCEL
[0m../../zircon/system/utest/core/port/ports.cc:403: Failure: Expected 1 == wait_count. 
    Expected: wait_count
    Which is: 3
    Actual  : 1
../../zircon/system/utest/core/port/ports.cc:404: Failure: Expected keys[0] == key_sum. 
    Expected: key_sum
    Which is: 134
    Actual  : keys[0]
    Which is: 128
[  FAILED  ] PortTest.CancelEventKeyAfter (3 ms)
[ RUN      ] PortTest.ThreadEvents
[       OK ] PortTest.ThreadEvents (3 ms)
[ RUN      ] PortTest.CloseQueueRace
[       OK ] PortTest.CloseQueueRace (7 ms)
[----------] 16 tests from PortTest (265 ms total)

[----------] 1 test from PortStressTest
[ RUN      ] PortStressTest.CloseWaitRace
[       OK ] PortStressTest.CloseWaitRace (137 ms)
[----------] 1 test from PortStressTest (137 ms total)

[----------] 27 tests from ProcessTest
[ RUN      ] ProcessTest.LongNameSucceeds
[       OK ] ProcessTest.LongNameSucceeds (0 ms)
[ RUN      ] ProcessTest.EmptyNameSucceeds
[       OK ] ProcessTest.EmptyNameSucceeds (0 ms)
[ RUN      ] ProcessTest.GetRuntimeNoPermission
../../zircon/system/utest/core/process/process.cc:79: Failure: Expected proc.get_info(ZX_INFO_TASK_RUNTIME, &info, sizeof(info), nullptr, nullptr) is ZX_OK. 
    Expected: ZX_OK
    Which is: ZX_OK(0)
    Actual  : proc.get_info(((zx_object_info_topic_t) 30u), &info, sizeof(info), nullptr, nullptr)
    Which is: ZX_ERR_INVALID_ARGS(-10)
[  FAILED  ] ProcessTest.GetRuntimeNoPermission (1 ms)
[ RUN      ] ProcessTest.MiniProcessSanity
[       OK ] ProcessTest.MiniProcessSanity (1 ms)
[ RUN      ] ProcessTest.ProcessStartNoHandle
[       OK ] ProcessTest.ProcessStartNoHandle (0 ms)
[ RUN      ] ProcessTest.ProcessStartFail
[       OK ] ProcessTest.ProcessStartFail (0 ms)
[ RUN      ] ProcessTest.ProcessNotKilledViaThreadClose
[       OK ] ProcessTest.ProcessNotKilledViaThreadClose (7 ms)
[ RUN      ] ProcessTest.ProcessNotKilledViaProcessClose
[       OK ] ProcessTest.ProcessNotKilledViaProcessClose (7 ms)
[ RUN      ] ProcessTest.KillProcessViaThreadKill
[       OK ] ProcessTest.KillProcessViaThreadKill (3 ms)
[ RUN      ] ProcessTest.KillChannelHandleCycle
[       OK ] ProcessTest.KillChannelHandleCycle (763 ms)
[ RUN      ] ProcessTest.InfoReflectsProcessState
../../zircon/system/utest/core/process/process.cc:343: Failure: Expected ZX_TASK_RETCODE_SYSCALL_KILL == info.return_code. process retcode invalid
    Expected: info.return_code
    Which is: -1028
    Actual  : ((int64_t) -1024)
    Which is: -1024
[  FAILED  ] ProcessTest.InfoReflectsProcessState (259 ms)
[ RUN      ] ProcessTest.Suspend
../../zircon/system/utest/core/process/process.cc:424: Failure: Expected zx_task_suspend(test_process.process(), &suspend_token) is ZX_OK. 
    Expected: ZX_OK
    Which is: ZX_OK(0)
    Actual  : zx_task_suspend(test_process.process(), &suspend_token)
    Which is: ZX_ERR_NOT_SUPPORTED(-2)
[  FAILED  ] ProcessTest.Suspend (2 ms)
[ RUN      ] ProcessTest.SuspendSelf
[       OK ] ProcessTest.SuspendSelf (0 ms)
[ RUN      ] ProcessTest.SuspendMultipleThreads
../../zircon/system/utest/core/process/process.cc:447: Failure: Expected zx_task_suspend(test_process.process(), &suspend_token) is ZX_OK. 
    Expected: ZX_OK
    Which is: ZX_OK(0)
    Actual  : zx_task_suspend(test_process.process(), &suspend_token)
    Which is: ZX_ERR_NOT_SUPPORTED(-2)
[  FAILED  ] ProcessTest.SuspendMultipleThreads (2 ms)
[ RUN      ] ProcessTest.SuspendBeforeCreatingThreads
../../zircon/system/utest/core/process/process.cc:465: Failure: Expected zx_task_suspend(test_process.process(), &suspend_token) is ZX_OK. 
    Expected: ZX_OK
    Which is: ZX_OK(0)
    Actual  : zx_task_suspend(test_process.process(), &suspend_token)
    Which is: ZX_ERR_NOT_SUPPORTED(-2)
[  FAILED  ] ProcessTest.SuspendBeforeCreatingThreads (32 ms)
[ RUN      ] ProcessTest.SuspendBeforeStartingThreads
../../zircon/system/utest/core/process/process.cc:483: Failure: Expected zx_task_suspend(test_process.process(), &suspend_token) is ZX_OK. 
    Expected: ZX_OK
    Which is: ZX_OK(0)
    Actual  : zx_task_suspend(test_process.process(), &suspend_token)
    Which is: ZX_ERR_NOT_SUPPORTED(-2)
[  FAILED  ] ProcessTest.SuspendBeforeStartingThreads (1 ms)
[ RUN      ] ProcessTest.SuspendProcessThenThread
../../zircon/system/utest/core/process/process.cc:501: Failure: Expected zx_task_suspend(test_process.process(), &process_suspend_token) is ZX_OK. 
    Expected: ZX_OK
    Which is: ZX_OK(0)
    Actual  : zx_task_suspend(test_process.process(), &process_suspend_token)
    Which is: ZX_ERR_NOT_SUPPORTED(-2)
[  FAILED  ] ProcessTest.SuspendProcessThenThread (1 ms)
[ RUN      ] ProcessTest.SuspendThreadThenProcess
../../zircon/system/utest/core/process/process.cc:529: Failure: Expected zx_task_suspend(test_process.process(), &process_suspend_token) is ZX_OK. 
    Expected: ZX_OK
    Which is: ZX_OK(0)
    Actual  : zx_task_suspend(test_process.process(), &process_suspend_token)
    Which is: ZX_ERR_NOT_SUPPORTED(-2)
[  FAILED  ] ProcessTest.SuspendThreadThenProcess (2 ms)
[ RUN      ] ProcessTest.SuspendThreadAndProcessBeforeStartingProcess
../../zircon/system/utest/core/process/process.cc:546: Failure: Expected zx_task_suspend(test_process.process(), &process_suspend_token) is ZX_OK. 
    Expected: ZX_OK
    Which is: ZX_OK(0)
    Actual  : zx_task_suspend(test_process.process(), &process_suspend_token)
    Which is: ZX_ERR_NOT_SUPPORTED(-2)
[  FAILED  ] ProcessTest.SuspendThreadAndProcessBeforeStartingProcess (39 ms)
[ RUN      ] ProcessTest.SuspendTwice
../../zircon/system/utest/core/process/process.cc:572: Failure: Expected zx_task_suspend(test_process.process(), &suspend_tokens[0]) is ZX_OK. 
    Expected: ZX_OK
    Which is: ZX_OK(0)
    Actual  : zx_task_suspend(test_process.process(), &suspend_tokens[0])
    Which is: ZX_ERR_NOT_SUPPORTED(-2)
[  FAILED  ] ProcessTest.SuspendTwice (2 ms)
[ RUN      ] ProcessTest.SuspendTwiceBeforeCreatingThreads
../../zircon/system/utest/core/process/process.cc:590: Failure: Expected zx_task_suspend(test_process.process(), &suspend_tokens[0]) is ZX_OK. 
    Expected: ZX_OK
    Which is: ZX_OK(0)
    Actual  : zx_task_suspend(test_process.process(), &suspend_tokens[0])
    Which is: ZX_ERR_NOT_SUPPORTED(-2)
[  FAILED  ] ProcessTest.SuspendTwiceBeforeCreatingThreads (1 ms)
[ RUN      ] ProcessTest.SuspendWithDyingThread
../../zircon/system/utest/core/process/process.cc:626: Failure: Expected zx_task_suspend(test_process.process(), &suspend_token) is ZX_OK. 
    Expected: ZX_OK
    Which is: ZX_OK(0)
    Actual  : zx_task_suspend(test_process.process(), &suspend_token)
    Which is: ZX_ERR_NOT_SUPPORTED(-2)
[  FAILED  ] ProcessTest.SuspendWithDyingThread (1 ms)
[ RUN      ] ProcessTest.GetTaskRuntime
../../zircon/system/utest/core/process/process.cc:645: Failure: Expected zx_object_get_info(test_process.process(), ZX_INFO_TASK_RUNTIME, &info, sizeof(info), nullptr, nullptr) is ZX_OK. 
    Expected: ZX_OK
    Which is: ZX_OK(0)
    Actual  : zx_object_get_info(test_process.process(), ((zx_object_info_topic_t) 30u), &info, sizeof(info), nullptr, nullptr)
    Which is: ZX_ERR_INVALID_ARGS(-10)
[  FAILED  ] ProcessTest.GetTaskRuntime (62 ms)
[ RUN      ] ProcessTest.CreateAndKillJobRaceStress
[       OK ] ProcessTest.CreateAndKillJobRaceStress (1041 ms)
[ RUN      ] ProcessTest.ProcessStartWriteThreadState
[       OK ] ProcessTest.ProcessStartWriteThreadState (183 ms)
[ RUN      ] ProcessTest.ForbidDestroyRootVmar
[31m[17.116802205s ERROR 0 0:0] not supported info topic: ProcessMaps
[0m../../zircon/system/utest/core/process/process.cc:903: Failure: Expected process.get_info(ZX_INFO_PROCESS_MAPS, &map, sizeof(map), &actual, &avail) is ZX_OK. 
    Expected: ZX_OK
    Which is: ZX_OK(0)
    Actual  : process.get_info(((zx_object_info_topic_t) 13u), &map, sizeof(map), &actual, &avail)
    Which is: ZX_ERR_NOT_SUPPORTED(-2)
[  FAILED  ] ProcessTest.ForbidDestroyRootVmar (1 ms)
[ RUN      ] ProcessTest.ProcessHwTraceContextIdProperty
../../zircon/system/utest/core/process/process.cc:920: Failure: Expected ZX_ERR_BUFFER_TOO_SMALL == status. unexpected status: -10
    Expected: status
    Which is: -10
    Actual  : (-15)
    Which is: -15
Note: debugging syscalls are enabled
../../zircon/system/utest/core/process/process.cc:932: Failure: Expected ZX_OK == status. process created: zx_object_get_property failed: -10
    Expected: status
    Which is: -10
    Actual  : (0)
    Which is: 0
../../zircon/system/utest/core/process/process.cc:934: Failure: Expected 0 != prop_aspace. process created
    Expected: prop_aspace
    Which is: 0
    Actual  : 0
../../zircon/system/utest/core/process/process.cc:932: Failure: Expected ZX_OK == status. process live: zx_object_get_property failed: -10
    Expected: status
    Which is: -10
    Actual  : (0)
    Which is: 0
../../zircon/system/utest/core/process/process.cc:934: Failure: Expected 0 != prop_aspace. process live
    Expected: prop_aspace
    Which is: 0
    Actual  : 0
../../zircon/system/utest/core/process/process.cc:932: Failure: Expected ZX_OK == status. process dead: zx_object_get_property failed: -10
    Expected: status
    Which is: -10
    Actual  : (0)
    Which is: 0
../../zircon/system/utest/core/process/process.cc:934: Failure: Expected 0 != prop_aspace. process dead
    Expected: prop_aspace
    Which is: 0
    Actual  : 0
[  FAILED  ] ProcessTest.ProcessHwTraceContextIdProperty (183 ms)
[----------] 27 tests from ProcessTest (2613 ms total)

[----------] 1 test from ProcessDebugUtilsTest
[ RUN      ] ProcessDebugUtilsTest.XorShiftIsOk
[       OK ] ProcessDebugUtilsTest.XorShiftIsOk (0 ms)
[----------] 1 test from ProcessDebugUtilsTest (0 ms total)

[----------] 4 tests from ProcessDebugTest
[ RUN      ] ProcessDebugTest.ReadMemoryAtOffsetIsOk
[       OK ] ProcessDebugTest.ReadMemoryAtOffsetIsOk (1 ms)
[ RUN      ] ProcessDebugTest.WriteMemoryAtOffsetIsOk
[       OK ] ProcessDebugTest.WriteMemoryAtOffsetIsOk (0 ms)
[ RUN      ] ProcessDebugTest.ReadMemoryAtInvalidOffsetReturnsErrorNoMemory
[       OK ] ProcessDebugTest.ReadMemoryAtInvalidOffsetReturnsErrorNoMemory (0 ms)
[ RUN      ] ProcessDebugTest.WriteAtInvalidOffsetReturnsErrorNoMemory
[       OK ] ProcessDebugTest.WriteAtInvalidOffsetReturnsErrorNoMemory (0 ms)
[----------] 4 tests from ProcessDebugTest (4 ms total)

[----------] 2 tests from PThreadBarrierTest
[ RUN      ] PThreadBarrierTest.SingleThreadWinsBarrierObject
[       OK ] PThreadBarrierTest.SingleThreadWinsBarrierObject (315 ms)
[ RUN      ] PThreadBarrierTest.InitWithNoThreadsReturnsInval
[       OK ] PThreadBarrierTest.InitWithNoThreadsReturnsInval (0 ms)
[----------] 2 tests from PThreadBarrierTest (315 ms total)

[----------] 1 test from PthreadTls
[ RUN      ] PthreadTls.PthreadTls
creating thread: 2
creating thread: 3
do_work for thread: 2
do_work for thread: 3
tls_test completed for thread: 1
joining thread: 2
tls_test completed for thread: 2
tls_test completed for thread: 3
joining thread: 3
creating thread: 4
creating thread: 5
do_work for thread: 4
do_work for thread: 5
tls_test completed for thread: 1
joining thread: 4
tls_test completed for thread: 4
tls_test completed for thread: 5
joining thread: 5
creating thread: 6
creating thread: 7
do_work for thread: 6
do_work for thread: 7
tls_test completed for thread: 1
joining thread: 6
tls_test completed for thread: 6
tls_test completed for thread: 7
joining thread: 7
creating thread: 8
creating thread: 9
do_work for thread: 8
do_work for thread: 9
tls_test completed for thread: 1
joining thread: 8
tls_test completed for thread: 8
tls_test completed for thread: 9
joining thread: 9
creating thread: 10
creating thread: 11
do_work for thread: 10
do_work for thread: 11
tls_test completed for thread: 1
joining thread: 10
tls_test completed for thread: 10
tls_test completed for thread: 11
joining thread: 11
creating thread: 12
creating thread: 13
do_work for thread: 12
do_work for thread: 13
tls_test completed for thread: 1
joining thread: 12
tls_test completed for thread: 12
tls_test completed for thread: 13
joining thread: 13
creating thread: 14
creating thread: 15
do_work for thread: 14
do_work for thread: 15
tls_test completed for thread: 1
joining thread: 14
tls_test completed for thread: 14
tls_test completed for thread: 15
joining thread: 15
creating thread: 16
creating thread: 17
do_work for thread: 16
do_work for thread: 17
tls_test completed for thread: 1
joining thread: 16
tls_test completed for thread: 16
tls_test completed for thread: 17
joining thread: 17
creating thread: 18
creating thread: 19
do_work for thread: 18
do_work for thread: 19
tls_test completed for thread: 1
joining thread: 18
tls_test completed for thread: 18
tls_test completed for thread: 19
joining thread: 19
creating thread: 20
creating thread: 21
do_work for thread: 20
do_work for thread: 21
tls_test completed for thread: 1
joining thread: 20
tls_test completed for thread: 20
tls_test completed for thread: 21
joining thread: 21
creating thread: 22
creating thread: 23
do_work for thread: 22
do_work for thread: 23
tls_test completed for thread: 1
joining thread: 22
tls_test completed for thread: 22
tls_test completed for thread: 23
joining thread: 23
creating thread: 24
creating thread: 25
do_work for thread: 24
do_work for thread: 25
tls_test completed for thread: 1
joining thread: 24
tls_test completed for thread: 24
tls_test completed for thread: 25
joining thread: 25
creating thread: 26
creating thread: 27
do_work for thread: 26
do_work for thread: 27
tls_test completed for thread: 1
joining thread: 26
tls_test completed for thread: 26
tls_test completed for thread: 27
joining thread: 27
creating thread: 28
creating thread: 29
do_work for thread: 28
do_work for thread: 29
tls_test completed for thread: 1
joining thread: 28
tls_test completed for thread: 28
tls_test completed for thread: 29
joining thread: 29
creating thread: 30
creating thread: 31
do_work for thread: 30
do_work for thread: 31
tls_test completed for thread: 1
joining thread: 30
tls_test completed for thread: 30
tls_test completed for thread: 31
joining thread: 31
creating thread: 32
creating thread: 33
do_work for thread: 32
do_work for thread: 33
tls_test completed for thread: 1
joining thread: 32
tls_test completed for thread: 32
tls_test completed for thread: 33
joining thread: 33
creating thread: 34
creating thread: 35
do_work for thread: 34
do_work for thread: 35
tls_test completed for thread: 1
joining thread: 34
tls_test completed for thread: 34
tls_test completed for thread: 35
joining thread: 35
creating thread: 36
creating thread: 37
do_work for thread: 36
do_work for thread: 37
tls_test completed for thread: 1
joining thread: 36
tls_test completed for thread: 36
tls_test completed for thread: 37
joining thread: 37
creating thread: 38
creating thread: 39
do_work for thread: 38
do_work for thread: 39
tls_test completed for thread: 1
joining thread: 38
tls_test completed for thread: 38
tls_test completed for thread: 39
joining thread: 39
creating thread: 40
creating thread: 41
do_work for thread: 40
do_work for thread: 41
tls_test completed for thread: 1
joining thread: 40
tls_test completed for thread: 40
tls_test completed for thread: 41
joining thread: 41
[       OK ] PthreadTls.PthreadTls (3676 ms)
[----------] 1 test from PthreadTls (3676 ms total)

[----------] 26 tests from SocketTest
[ RUN      ] SocketTest.EndpointsAreRelated
[       OK ] SocketTest.EndpointsAreRelated (0 ms)
[ RUN      ] SocketTest.EmptySocketShouldWait
[       OK ] SocketTest.EmptySocketShouldWait (0 ms)
[ RUN      ] SocketTest.WriteReadDataVerify
[       OK ] SocketTest.WriteReadDataVerify (1 ms)
[ RUN      ] SocketTest.PeerClosedError
[       OK ] SocketTest.PeerClosedError (0 ms)
[ RUN      ] SocketTest.PeekingLeavesData
[       OK ] SocketTest.PeekingLeavesData (0 ms)
[ RUN      ] SocketTest.PeekingIntoEmpty
[       OK ] SocketTest.PeekingIntoEmpty (0 ms)
[ RUN      ] SocketTest.Signals
[       OK ] SocketTest.Signals (63 ms)
[ RUN      ] SocketTest.SetThreshholdsProp
[       OK ] SocketTest.SetThreshholdsProp (0 ms)
[ RUN      ] SocketTest.SetThreshholdsAndCheckSignals
[       OK ] SocketTest.SetThreshholdsAndCheckSignals (68 ms)
[ RUN      ] SocketTest.SignalClosedPeer
[       OK ] SocketTest.SignalClosedPeer (0 ms)
[ RUN      ] SocketTest.PeerClosedSetProperty
[       OK ] SocketTest.PeerClosedSetProperty (0 ms)
[ RUN      ] SocketTest.ShutdownWrite
[       OK ] SocketTest.ShutdownWrite (0 ms)
[ RUN      ] SocketTest.ShutdownRead
[       OK ] SocketTest.ShutdownRead (0 ms)
[ RUN      ] SocketTest.BytesOutstanding
[       OK ] SocketTest.BytesOutstanding (0 ms)
[ RUN      ] SocketTest.ShutdownWriteBytesOutstanding
[       OK ] SocketTest.ShutdownWriteBytesOutstanding (0 ms)
[ RUN      ] SocketTest.ShutdownReadBytesOutstanding
[       OK ] SocketTest.ShutdownReadBytesOutstanding (0 ms)
[ RUN      ] SocketTest.ShortWrite
[       OK ] SocketTest.ShortWrite (62 ms)
[ RUN      ] SocketTest.Datagram
[       OK ] SocketTest.Datagram (0 ms)
[ RUN      ] SocketTest.DatagramPeek
[       OK ] SocketTest.DatagramPeek (0 ms)
[ RUN      ] SocketTest.DatagramPeekEmpty
[       OK ] SocketTest.DatagramPeekEmpty (0 ms)
[ RUN      ] SocketTest.DatagramNoShortWrite
[       OK ] SocketTest.DatagramNoShortWrite (2 ms)
[ RUN      ] SocketTest.ZeroSize
[       OK ] SocketTest.ZeroSize (0 ms)
[ RUN      ] SocketTest.ReadIntoNullBuffer
[       OK ] SocketTest.ReadIntoNullBuffer (0 ms)
[ RUN      ] SocketTest.ReadIntoBadBuffer
../../zircon/system/utest/core/socket/socket.cc:715: Failure: Expected zx::vmar::root_self()->map(0, vmo, 0, kSize, 0, &addr) is ZX_OK. 
    Expected: ZX_OK
    Which is: ZX_OK(0)
    Actual  : zx::vmar::root_self()->map(0, vmo, 0, kSize, 0, &addr)
    Which is: ZX_ERR_INVALID_ARGS(-10)
[  FAILED  ] SocketTest.ReadIntoBadBuffer (1 ms)
[ RUN      ] SocketTest.WriteFromNullBuffer
[       OK ] SocketTest.WriteFromNullBuffer (61 ms)
[ RUN      ] SocketTest.WriteFromBadBuffer
../../zircon/system/utest/core/socket/socket.cc:750: Failure: Expected zx::vmar::root_self()->map(0, vmo, 0, kSize, 0, &addr) is ZX_OK. 
    Expected: ZX_OK
    Which is: ZX_OK(0)
    Actual  : zx::vmar::root_self()->map(0, vmo, 0, kSize, 0, &addr)
    Which is: ZX_ERR_INVALID_ARGS(-10)
[  FAILED  ] SocketTest.WriteFromBadBuffer (1 ms)
[----------] 26 tests from SocketTest (276 ms total)

[----------] 2 tests from StackTest
[ RUN      ] StackTest.MainThreadStack
[       OK ] StackTest.MainThreadStack (4 ms)
[ RUN      ] StackTest.ThreadStack
[       OK ] StackTest.ThreadStack (124 ms)
[----------] 2 tests from StackTest (129 ms total)

[----------] 11 tests from StreamTestCase
[ RUN      ] StreamTestCase.Create
CheckRights: Default
CheckRights: ZX_STREAM_MODE_READ
CheckRights: ZX_STREAM_MODE_WRITE
CheckRights: ZX_STREAM_MODE_READ | ZX_STREAM_MODE_WRITE
CheckRights: read_only: Default
CheckRights: read_only: ZX_STREAM_MODE_READ
CheckRights: write_only: Default
CheckRights: write_only: ZX_STREAM_MODE_WRITE
CheckRights: none: Default
[       OK ] StreamTestCase.Create (2 ms)
[ RUN      ] StreamTestCase.Seek
[       OK ] StreamTestCase.Seek (2 ms)
[ RUN      ] StreamTestCase.ReadV
[       OK ] StreamTestCase.ReadV (62 ms)
[ RUN      ] StreamTestCase.WriteV
[       OK ] StreamTestCase.WriteV (1 ms)
[ RUN      ] StreamTestCase.WriteExtendsContentSize
[       OK ] StreamTestCase.WriteExtendsContentSize (1 ms)
[ RUN      ] StreamTestCase.WriteExtendsVMOSize
[       OK ] StreamTestCase.WriteExtendsVMOSize (1 ms)
[ RUN      ] StreamTestCase.ReadVAt
[       OK ] StreamTestCase.ReadVAt (0 ms)
[ RUN      ] StreamTestCase.WriteVAt
[       OK ] StreamTestCase.WriteVAt (62 ms)
[ RUN      ] StreamTestCase.ReadVectorAlias
[       OK ] StreamTestCase.ReadVectorAlias (0 ms)
[ RUN      ] StreamTestCase.Append
[       OK ] StreamTestCase.Append (1 ms)
[ RUN      ] StreamTestCase.ExtendFillsWithZeros
[       OK ] StreamTestCase.ExtendFillsWithZeros (2 ms)
[----------] 11 tests from StreamTestCase (142 ms total)

[----------] 11 tests from SyncCompletionTest
[ RUN      ] SyncCompletionTest.Initializer
[       OK ] SyncCompletionTest.Initializer (0 ms)
[ RUN      ] SyncCompletionTest.SingleWait
[       OK ] SyncCompletionTest.SingleWait (185 ms)
[ RUN      ] SyncCompletionTest.MultiWait
[       OK ] SyncCompletionTest.MultiWait (192 ms)
[ RUN      ] SyncCompletionTest.TimeoutSingleWait
[       OK ] SyncCompletionTest.TimeoutSingleWait (305 ms)
[ RUN      ] SyncCompletionTest.TimeoutMultiWait
[       OK ] SyncCompletionTest.TimeoutMultiWait (316 ms)
[ RUN      ] SyncCompletionTest.PresignalSingleWait
[       OK ] SyncCompletionTest.PresignalSingleWait (58 ms)
[ RUN      ] SyncCompletionTest.PresignalMultiWait
[       OK ] SyncCompletionTest.PresignalMultiWait (130 ms)
[ RUN      ] SyncCompletionTest.ResetCycleSingleWait
[       OK ] SyncCompletionTest.ResetCycleSingleWait (122 ms)
[ RUN      ] SyncCompletionTest.ResetCycleMultiWait
[       OK ] SyncCompletionTest.ResetCycleMultiWait (192 ms)
[ RUN      ] SyncCompletionTest.SignalRequeue
[       OK ] SyncCompletionTest.SignalRequeue (314 ms)
[ RUN      ] SyncCompletionTest.SpuriousWakeupHandled
[       OK ] SyncCompletionTest.SpuriousWakeupHandled (243 ms)
[----------] 11 tests from SyncCompletionTest (2062 ms total)

[----------] 2 tests from SyncCondition
[ RUN      ] SyncCondition.ConditionTest
[       OK ] SyncCondition.ConditionTest (305 ms)
[ RUN      ] SyncCondition.TimeoutTest
[       OK ] SyncCondition.TimeoutTest (60 ms)
[----------] 2 tests from SyncCondition (367 ms total)

[----------] 3 tests from SyncMutex
[ RUN      ] SyncMutex.Mutexes
[00000024.341134503]: thread 1 started
[00000024.342310306]: thread 1 done
[00000024.342670707]: thread 2 started
[00000024.342978788]: thread 3 started
[00000026.548122806]: thread 2 done
[00000029.551040837]: thread 3 done
[       OK ] SyncMutex.Mutexes (5271 ms)
[ RUN      ] SyncMutex.TryMutexes
[00000029.612409625]: thread 1 started
[00000029.613379578]: thread 1 done
[00000029.613653626]: thread 2 started
[00000029.613884848]: thread 3 started
[00000029.980834122]: thread 2 done
[00000029.982259482]: thread 3 done
[       OK ] SyncMutex.TryMutexes (431 ms)
[ RUN      ] SyncMutex.TimeoutElapsed
[       OK ] SyncMutex.TimeoutElapsed (732 ms)
[----------] 3 tests from SyncMutex (6435 ms total)

[----------] 34 tests from Threads
[ RUN      ] Threads.Basics
[       OK ] Threads.Basics (121 ms)
[ RUN      ] Threads.InvalidRights
[       OK ] Threads.InvalidRights (0 ms)
[ RUN      ] Threads.Detach
[       OK ] Threads.Detach (60 ms)
[ RUN      ] Threads.EmptyNameSucceeds
[       OK ] Threads.EmptyNameSucceeds (0 ms)
[ RUN      ] Threads.LongNameSucceeds
[       OK ] Threads.LongNameSucceeds (0 ms)
[ RUN      ] Threads.ThreadStartOnInitialThread
[       OK ] Threads.ThreadStartOnInitialThread (0 ms)
[ RUN      ] Threads.ThreadStartWithZeroInstructionPointer
[31m[30.961191101s ERROR 0 0:0] User mode exception: FatalPageFault UserContext {
    general: GeneralRegs {
        rax: 0x0,
        rbx: 0x0,
        rcx: 0x0,
        rdx: 0x0,
        rsi: 0x0,
        rdi: 0x3,
        rbp: 0x0,
        rsp: 0x0,
        r8: 0x0,
        r9: 0x0,
        r10: 0x0,
        r11: 0x0,
        r12: 0x0,
        r13: 0x0,
        r14: 0x0,
        r15: 0x0,
        rip: 0x0,
        rflags: 0x3202,
        fsbase: 0x0,
        gsbase: 0x0,
    },
    trap_num: 0xe,
    error_code: 0x14,
}
[0m[       OK ] Threads.ThreadStartWithZeroInstructionPointer (121 ms)
[ RUN      ] Threads.NonstartedThread
[       OK ] Threads.NonstartedThread (0 ms)
[ RUN      ] Threads.InfoTaskStatsFails
[       OK ] Threads.InfoTaskStatsFails (121 ms)
[ RUN      ] Threads.InfoThreadStatsFails
[31m[31.26774677s ERROR 0 0:0] not supported info topic: ThreadStats
[0m../../zircon/system/utest/core/threads/threads.cc:362: Failure: Expected ZX_ERR_BAD_STATE == zx_object_get_info(thandle, ZX_INFO_THREAD_STATS, &info, sizeof(info), NULL, NULL). THREAD_STATS shouldn't work after a thread exit
s
    Expected: zx_object_get_info(thandle, ((zx_object_info_topic_t) 15u), &info, sizeof(info), __null, __null)
    Which is: -2
    Actual  : (-20)
    Which is: -20
[  FAILED  ] Threads.InfoThreadStatsFails (123 ms)
[ RUN      ] Threads.GetLastScheduledCpu
[31m[31.269764211s ERROR 0 0:0] not supported info topic: ThreadStats
[0m../../zircon/system/utest/core/threads/threads.cc:385: Failure: Expected ZX_OK == zx_object_get_info(thread_h, ZX_INFO_THREAD_STATS, &info, sizeof(info), nullptr, nullptr). 
    Expected: zx_object_get_info(thread_h, ((zx_object_info_topic_t) 15u), &info, sizeof(info), nullptr, nullptr)
    Which is: -2
    Actual  : (0)
    Which is: 0
[  FAILED  ] Threads.GetLastScheduledCpu (2 ms)
[ RUN      ] Threads.GetInfoRuntime
../../zircon/system/utest/core/threads/threads.cc:439: Failure: Expected ZX_OK == thread_h.get_info(ZX_INFO_TASK_RUNTIME, &info, sizeof(info), nullptr, nullptr). 
    Expected: thread_h.get_info(((zx_object_info_topic_t) 30u), &info, sizeof(info), nullptr, nullptr)
    Which is: -10
    Actual  : (0)
    Which is: 0
[  FAILED  ] Threads.GetInfoRuntime (2 ms)
[ RUN      ] Threads.GetAffinity
../../zircon/system/utest/core/threads/threads.cc:501: Failure: Expected num_cpus > 0. 
    Expected: 0
    Actual  : num_cpus
    Which is: 0
[  FAILED  ] Threads.GetAffinity (62 ms)
[ RUN      ] Threads.ResumeSuspended
[       OK ] Threads.ResumeSuspended (244 ms)
[ RUN      ] Threads.SuspendSleeping
[       OK ] Threads.SuspendSleeping (122 ms)
[ RUN      ] Threads.SuspendChannelCall
[       OK ] Threads.SuspendChannelCall (122 ms)
[ RUN      ] Threads.SuspendPortCall
[       OK ] Threads.SuspendPortCall (245 ms)
[ RUN      ] Threads.SuspendStopsThread
[       OK ] Threads.SuspendStopsThread (260 ms)
[ RUN      ] Threads.SuspendMultiple
[31m[32.455167896s ERROR 0 0:0] User mode exception: SoftwareBreakpoint UserContext {
    general: GeneralRegs {
        rax: 0x0,
        rbx: 0x7fffffffffffffff,
        rcx: 0x182000b6cfb,
        rdx: 0x7fffffffffffffff,
        rsi: 0x1000000,
        rdi: 0x57087,
        rbp: 0x182004abfd0,
        rsp: 0x182004abfc0,
        r8: 0x0,
        r9: 0x0,
        r10: 0x0,
        r11: 0x3246,
        r12: 0x0,
        r13: 0x0,
        r14: 0x0,
        r15: 0x0,
        rip: 0x10200451f12,
        rflags: 0x3217,
        fsbase: 0x0,
        gsbase: 0x0,
    },
    trap_num: 0x3,
    error_code: 0x0,
}
[0m[       OK ] Threads.SuspendMultiple (245 ms)
[ RUN      ] Threads.SuspendSelf
[       OK ] Threads.SuspendSelf (0 ms)
[ RUN      ] Threads.KillSuspendedThread
[       OK ] Threads.KillSuspendedThread (129 ms)
[ RUN      ] Threads.StartSuspendedAndResumedThread
[       OK ] Threads.StartSuspendedAndResumedThread (130 ms)
[ RUN      ] Threads.SuspendSingleWaitAsyncSignalDelivery
[31m[32.83914826s ERROR 0 0:0] Skip PORT_CANCEL
[0m../../zircon/system/utest/core/threads/threads.cc:964: Failure: Expected ZX_THREAD_RUNNING == packet.signal.observed & run_susp_mask. 
    Expected: packet.signal.observed & run_susp_mask
    Which is: 32
    Actual  : ((zx_signals_t)1u << 4)
    Which is: 16
[  FAILED  ] Threads.SuspendSingleWaitAsyncSignalDelivery (2 ms)
[ RUN      ] Threads.SuspendRepeatingWaitAsyncSignalDelivery
[31m[32.841725792s ERROR 0 0:0] Skip PORT_CANCEL
[0m../../zircon/system/utest/core/threads/threads.cc:964: Failure: Expected ZX_THREAD_RUNNING == packet.signal.observed & run_susp_mask. 
    Expected: packet.signal.observed & run_susp_mask
    Which is: 32
    Actual  : ((zx_signals_t)1u << 4)
    Which is: 16
[  FAILED  ] Threads.SuspendRepeatingWaitAsyncSignalDelivery (1 ms)
[ RUN      ] Threads.WritingGeneralRegisterState
[       OK ] Threads.WritingGeneralRegisterState (125 ms)
[ RUN      ] Threads.WritingSingleStepState
../../zircon/system/utest/core/threads/threads.cc:1211: Failure: Expected ZX_OK == zx_thread_write_state(setup.thread_handle(), ZX_THREAD_STATE_SINGLE_STEP, &single_step, sizeof(single_step)). 
    Expected: zx_thread_write_state(setup.thread_handle(), ((uint32_t)5), &single_step, sizeof(single_step))
    Which is: -2
    Actual  : (0)
    Which is: 0
[  FAILED  ] Threads.WritingSingleStepState (69 ms)
[ RUN      ] Threads.WritingFpRegisterState
../../zircon/system/utest/core/threads/threads.cc:1253: Failure: Expected ZX_OK == status. 
    Expected: status
    Which is: -2
    Actual  : (0)
    Which is: 0
[  FAILED  ] Threads.WritingFpRegisterState (68 ms)
[ RUN      ] Threads.WritingVectorRegisterState
../../zircon/system/utest/core/threads/threads.cc:1275: Failure: Expected ZX_OK == zx_thread_write_state(setup.thread_handle(), ZX_THREAD_STATE_VECTOR_REGS, &regs_to_set, sizeof(regs_to_set)). 
    Expected: zx_thread_write_state(setup.thread_handle(), ((uint32_t)2), &regs_to_set, sizeof(regs_to_set))
    Which is: -2
    Actual  : (0)
    Which is: 0
[  FAILED  ] Threads.WritingVectorRegisterState (69 ms)
[ RUN      ] Threads.WritingVectorRegisterState_UnsupportedFieldsIgnored
../../zircon/system/utest/core/threads/threads.cc:1306: Failure: Expected ZX_OK == zx_thread_write_state(setup.thread_handle(), ZX_THREAD_STATE_VECTOR_REGS, &regs, sizeof(regs)). 
    Expected: zx_thread_write_state(setup.thread_handle(), ((uint32_t)2), &regs, sizeof(regs))
    Which is: -2
    Actual  : (0)
    Which is: 0
[  FAILED  ] Threads.WritingVectorRegisterState_UnsupportedFieldsIgnored (68 ms)
[ RUN      ] Threads.WriteThreadStateWithInvalidMxcsrIsInvalidArgs
../../zircon/system/utest/core/threads/threads.cc:1327: Failure: Expected zx_thread_read_state(setup.thread_handle(), ZX_THREAD_STATE_VECTOR_REGS, &start_values, sizeof(start_values)) is ZX_OK. 
    Expected: ZX_OK
    Which is: ZX_OK(0)
    Actual  : zx_thread_read_state(setup.thread_handle(), ((uint32_t)2), &start_values, sizeof(start_values))
    Which is: ZX_ERR_NOT_SUPPORTED(-2)
[  FAILED  ] Threads.WriteThreadStateWithInvalidMxcsrIsInvalidArgs (69 ms)
[ RUN      ] Threads.ThreadLocalRegisterState
[       OK ] Threads.ThreadLocalRegisterState (128 ms)
[ RUN      ] Threads.NoncanonicalRipAddressSyscall
../../zircon/system/utest/core/threads/threads.cc:1429: Failure: Expected ZX_ERR_INVALID_ARGS == zx_thread_write_state(thread_handle, ZX_THREAD_STATE_GENERAL_REGS, &regs_modified, sizeof(regs_modified)). 
    Expected: zx_thread_write_state(thread_handle, ((uint32_t)0), &regs_modified, sizeof(regs_modified))
    Which is: 0
    Actual  : (-10)
    Which is: -10
[  FAILED  ] Threads.NoncanonicalRipAddressSyscall (62 ms)
[ RUN      ] Threads.WritingArmFlagsRegister
[       OK ] Threads.WritingArmFlagsRegister (0 ms)
[ RUN      ] Threads.WriteReadDebugRegisterState
../../zircon/system/utest/core/threads/threads.cc:1579: Failure: Expected ZX_OK == zx_thread_write_state(setup.thread_handle(), ZX_THREAD_STATE_DEBUG_REGS, &debug_regs_to_write, sizeof(debug_regs_to_write)). 
    Expected: zx_thread_write_state(setup.thread_handle(), ((uint32_t)4), &debug_regs_to_write, sizeof(debug_regs_to_write))
    Which is: -2
    Actual  : (0)
    Which is: 0
[  FAILED  ] Threads.WriteReadDebugRegisterState (128 ms)
[----------] 34 tests from Threads (2918 ms total)

[----------] 1 test from Thread
[ RUN      ] Thread.SuspendAfterDeath
[       OK ] Thread.SuspendAfterDeath (60 ms)
[----------] 1 test from Thread (61 ms total)

[----------] 1 test from TicksTest
[ RUN      ] TicksTest.ElapsedTimeUsingTicks
[       OK ] TicksTest.ElapsedTimeUsingTicks (0 ms)
[----------] 1 test from TicksTest (0 ms total)

[----------] 29 tests from Vmar
[ RUN      ] Vmar.DestroyTest
[       OK ] Vmar.DestroyTest (0 ms)
[ RUN      ] Vmar.BasicAllocateTest
[       OK ] Vmar.BasicAllocateTest (0 ms)
[ RUN      ] Vmar.MapInCompactTest
[       OK ] Vmar.MapInCompactTest (0 ms)
[ RUN      ] Vmar.MapInUppderLimitTest
../../zircon/system/utest/core/vmar/vmar.cc:188: Failure: Expected ZX_OK == zx_vmar_map(parent_region, ZX_VM_PERM_READ | ZX_VM_PERM_WRITE | ZX_VM_OFFSET_IS_UPPER_LIMIT, upper_limit, vmo, 0, map_size, &map_addr). 
    Expected: zx_vmar_map(parent_region, ((zx_vm_option_t)(1u << 0)) | ((zx_vm_option_t)(1u << 1)) | ((zx_vm_option_t)(1u << 13)), upper_limit, vmo, 0, map_size, &map_addr)
    Which is: -10
    Actual  : (0)
    Which is: 0
[  FAILED  ] Vmar.MapInUppderLimitTest (1 ms)
[ RUN      ] Vmar.AllocateOobTest
[       OK ] Vmar.AllocateOobTest (0 ms)
[ RUN      ] Vmar.AllocateUnsatisfiableTest
../../zircon/system/utest/core/vmar/vmar.cc:263: Failure: Expected ZX_ERR_INVALID_ARGS == zx_vmar_allocate(region1, ZX_VM_CAN_MAP_READ | ZX_VM_CAN_MAP_WRITE, 0, region1_size + PAGE_SIZE, &region2, &region2_addr). 
    Expected: zx_vmar_allocate(region1, ((zx_vm_option_t)(1u << 7)) | ((zx_vm_option_t)(1u << 8)), 0, region1_size + 4096, &region2, &region2_addr)
    Which is: -4
    Actual  : (-10)
    Which is: -10
[  FAILED  ] Vmar.AllocateUnsatisfiableTest (63 ms)
[ RUN      ] Vmar.DestroyedVmarTest
../../zircon/system/utest/core/vmar/vmar.cc:322: Failure: Expected 1U == len. 
    Expected: len
    Which is: 12297829379609722881
    Actual  : 1U
    Which is: 1
../../zircon/system/utest/core/vmar/vmar.cc:326: Failure: Expected 1U == len. 
    Expected: len
    Which is: 12297829379609722881
    Actual  : 1U
    Which is: 1
[  FAILED  ] Vmar.DestroyedVmarTest (2 ms)
[ RUN      ] Vmar.AlignmentVmarMapTest
../../zircon/system/utest/core/vmar/vmar.cc:510: Failure: Expected ZX_OK == zx_vmar_map(vmar, ZX_VM_PERM_READ | ZX_VM_PERM_WRITE | ZX_VM_ALIGN_64KB | ZX_VM_SPECIFIC, 64 * 1024, vmo, 0, size, &dummy). 
    Expected: zx_vmar_map(vmar, ((zx_vm_option_t)(1u << 0)) | ((zx_vm_option_t)(1u << 1)) | ((zx_vm_option_t)(16u << 24)) | ((zx_vm_option_t)(1u << 4)), 64 * 1024, vmo, 0, size, &dummy)
    Which is: -10
    Actual  : (0)
    Which is: 0
../../zircon/system/utest/core/vmar/vmar.cc:511: Failure: Expected ZX_OK == zx_vmar_unmap(vmar, dummy, 64 * 1024). 
    Expected: zx_vmar_unmap(vmar, dummy, 64 * 1024)
    Which is: -10
    Actual  : (0)
    Which is: 0
[  FAILED  ] Vmar.AlignmentVmarMapTest (3 ms)
[ RUN      ] Vmar.AlignmentVmarAllocateTest
../../zircon/system/utest/core/vmar/vmar.cc:563: Failure: Expected ZX_OK == zx_vmar_allocate( vmar, ZX_VM_CAN_MAP_READ | ZX_VM_CAN_MAP_WRITE | ZX_VM_ALIGN_64KB | ZX_VM_SPECIFIC, 64 * 1024, size, &dummy_h, &dummy_a). 
    Expected: zx_vmar_allocate( vmar, ((zx_vm_option_t)(1u << 7)) | ((zx_vm_option_t)(1u << 8)) | ((zx_vm_option_t)(16u << 24)) | ((zx_vm_option_t)(1u << 4)), 64 * 1024, size, &dummy_h, &dummy_a)
    Which is: -10
    Actual  : (0)
    Which is: 0
../../zircon/system/utest/core/vmar/vmar.cc:564: Failure: Expected ZX_OK == zx_vmar_destroy(dummy_h). 
    Expected: zx_vmar_destroy(dummy_h)
    Which is: -11
    Actual  : (0)
    Which is: 0
[  FAILED  ] Vmar.AlignmentVmarAllocateTest (63 ms)
[ RUN      ] Vmar.VmarMapRangeOffsetTest
../../zircon/system/utest/core/vmar/vmar.cc:608: Failure: Expected ZX_OK == vmar.map(0, vmo, 0x2000, 0x1000, ZX_VM_MAP_RANGE, &mapping). 
    Expected: vmar.map(0, vmo, 0x2000, 0x1000, ((zx_vm_option_t)(1u << 10)), &mapping)
    Which is: -10
    Actual  : (0)
    Which is: 0
[  FAILED  ] Vmar.VmarMapRangeOffsetTest (1 ms)
[ RUN      ] Vmar.OvermappingTest
../../zircon/system/utest/core/vmar/vmar.cc:635: Failure: Expected ZX_OK == zx_vmar_map(region[0], ZX_VM_PERM_READ | ZX_VM_PERM_WRITE | ZX_VM_SPECIFIC, PAGE_SIZE, vmo, 0, 2 * PAGE_SIZE, &map_addr[0]). 
    Expected: zx_vmar_map(region[0], ((zx_vm_option_t)(1u << 0)) | ((zx_vm_option_t)(1u << 1)) | ((zx_vm_option_t)(1u << 4)), 4096, vmo, 0, 2 * 4096, &map_addr[0])
    Which is: -10
    Actual  : (0)
    Which is: 0
[  FAILED  ] Vmar.OvermappingTest (2 ms)
[ RUN      ] Vmar.InvalidArgsTest
../../zircon/system/utest/core/vmar/vmar.cc:759: Failure: Expected ZX_ERR_INVALID_ARGS == zx_vmar_map(vmar, ZX_VM_PERM_READ | ZX_VM_SPECIFIC_OVERWRITE | ZX_VM_MAP_RANGE, PAGE_SIZE, vmo, 0, 4 * PAGE_SIZE, &map_addr). 
    Expected: zx_vmar_map(vmar, ((zx_vm_option_t)(1u << 0)) | ((zx_vm_option_t)(1u << 5)) | ((zx_vm_option_t)(1u << 10)), 4096, vmo, 0, 4 * 4096, &map_addr)
    Which is: 0
    Actual  : (-10)
    Which is: -10
../../zircon/system/utest/core/vmar/vmar.cc:777: Failure: Expected ZX_ERR_INVALID_ARGS == zx_vmar_allocate(vmar, ZX_VM_CAN_MAP_READ | ZX_VM_CAN_MAP_WRITE, 0, PAGE_SIZE - 1, &region, &region_addr). 
    Expected: zx_vmar_allocate(vmar, ((zx_vm_option_t)(1u << 7)) | ((zx_vm_option_t)(1u << 8)), 0, 4096 - 1, &region, &region_addr)
    Which is: 0
    Actual  : (-10)
    Which is: -10
../../zircon/system/utest/core/vmar/vmar.cc:802: Failure: Expected ZX_ERR_INVALID_ARGS == zx_vmar_protect(vmar, ZX_VM_PERM_READ, map_addr + 1, PAGE_SIZE). 
    Expected: zx_vmar_protect(vmar, ((zx_vm_option_t)(1u << 0)), map_addr + 1, 4096)
    Which is: -25
    Actual  : (-10)
    Which is: -10
../../zircon/system/utest/core/vmar/vmar.cc:811: Failure: Expected ZX_OK == zx_vmar_map(vmar, ZX_VM_PERM_READ | ZX_VM_PERM_WRITE, 0, vmo, UINT64_MAX + 1 - 2 * PAGE_SIZE, PAGE_SIZE, &map_addr). 
    Expected: zx_vmar_map(vmar, ((zx_vm_option_t)(1u << 0)) | ((zx_vm_option_t)(1u << 1)), 0, vmo, 18446744073709551615UL + 1 - 2 * 4096, 4096, &map_addr)
    Which is: -10
    Actual  : (0)
    Which is: 0
../../zircon/system/utest/core/vmar/vmar.cc:819: Failure: Expected ZX_ERR_INVALID_ARGS == zx_vmar_map(vmar, ZX_VM_PERM_READ | ZX_VM_PERM_WRITE, 0, vmo, 0, 0, &map_addr). 
    Expected: zx_vmar_map(vmar, ((zx_vm_option_t)(1u << 0)) | ((zx_vm_option_t)(1u << 1)), 0, vmo, 0, 0, &map_addr)
    Which is: 0
    Actual  : (-10)
    Which is: -10
../../zircon/system/utest/core/vmar/vmar.cc:834: Failure: Expected ZX_ERR_INVALID_ARGS == zx_vmar_map(vmar, ZX_VM_PERM_READ | ZX_VM_PERM_WRITE, 0, vmo, 0, bad_size, &map_addr). 
    Expected: zx_vmar_map(vmar, ((zx_vm_option_t)(1u << 0)) | ((zx_vm_option_t)(1u << 1)), 0, vmo, 0, bad_size, &map_addr)
    Which is: 0
    Actual  : (-10)
    Which is: -10
../../zircon/system/utest/core/vmar/vmar.cc:836: Failure: Expected ZX_ERR_INVALID_ARGS == zx_vmar_map(vmar, ZX_VM_PERM_READ | ZX_VM_MAP_RANGE, 0, vmo, 0, bad_size, &map_addr). 
    Expected: zx_vmar_map(vmar, ((zx_vm_option_t)(1u << 0)) | ((zx_vm_option_t)(1u << 10)), 0, vmo, 0, bad_size, &map_addr)
    Which is: 0
    Actual  : (-10)
    Which is: -10
../../zircon/system/utest/core/vmar/vmar.cc:840: Failure: Expected ZX_OK == zx_vmar_map(vmar, ZX_VM_PERM_READ | ZX_VM_PERM_WRITE | ZX_VM_SPECIFIC, PAGE_SIZE, vmo, 0, 4 * PAGE_SIZE, &map_addr). 
    Expected: zx_vmar_map(vmar, ((zx_vm_option_t)(1u << 0)) | ((zx_vm_option_t)(1u << 1)) | ((zx_vm_option_t)(1u << 4)), 4096, vmo, 0, 4 * 4096, &map_addr)
    Which is: -10
    Actual  : (0)
    Which is: 0
../../zircon/system/utest/core/vmar/vmar.cc:851: Failure: Expected ZX_ERR_INVALID_ARGS == zx_vmar_allocate(vmar, ZX_VM_PERM_READ | ZX_VM_CAN_MAP_READ | ZX_VM_CAN_MAP_WRITE, 0, 4 * PAGE_SIZE, &region, &region_addr). 
    Expected: zx_vmar_allocate(vmar, ((zx_vm_option_t)(1u << 0)) | ((zx_vm_option_t)(1u << 7)) | ((zx_vm_option_t)(1u << 8)), 0, 4 * 4096, &region, &region_addr)
    Which is: 0
    Actual  : (-10)
    Which is: -10
../../zircon/system/utest/core/vmar/vmar.cc:857: Failure: Expected ZX_ERR_INVALID_ARGS == zx_vmar_map(vmar, ZX_VM_PERM_READ | ZX_VM_PERM_WRITE | ZX_VM_CAN_MAP_EXECUTE, 0, vmo, 0, 4 * PAGE_SIZE, &map_addr). 
    Expected: zx_vmar_map(vmar, ((zx_vm_option_t)(1u << 0)) | ((zx_vm_option_t)(1u << 1)) | ((zx_vm_option_t)(1u << 9)), 0, vmo, 0, 4 * 4096, &map_addr)
    Which is: 0
    Actual  : (-10)
    Which is: -10
../../zircon/system/utest/core/vmar/vmar.cc:865: Failure: Expected ZX_ERR_INVALID_ARGS == zx_vmar_protect(vmar, ZX_VM_PERM_READ | ZX_VM_CAN_MAP_WRITE, map_addr, 4 * PAGE_SIZE). 
    Expected: zx_vmar_protect(vmar, ((zx_vm_option_t)(1u << 0)) | ((zx_vm_option_t)(1u << 8)), map_addr, 4 * 4096)
    Which is: 0
    Actual  : (-10)
    Which is: -10
[  FAILED  ] Vmar.InvalidArgsTest (139 ms)
[ RUN      ] Vmar.UnalignedLenTest
[       OK ] Vmar.UnalignedLenTest (62 ms)
[ RUN      ] Vmar.UnalignedLenMapTest
[       OK ] Vmar.UnalignedLenMapTest (0 ms)
[ RUN      ] Vmar.RightsDropTest
../../zircon/system/utest/core/vmar/vmar.cc:974: Failure: Expected ZX_ERR_ACCESS_DENIED == zx_vmar_map(new_h, kRwxMapPerm, 0, vmo, 0, PAGE_SIZE, &map_addr). 
    Expected: zx_vmar_map(new_h, kRwxMapPerm, 0, vmo, 0, 4096, &map_addr)
    Which is: 0
    Actual  : (-30)
    Which is: -30
../../zircon/system/utest/core/vmar/vmar.cc:980: Failure: Expected ZX_ERR_ACCESS_DENIED == zx_vmar_protect(new_h, kRwxMapPerm, map_addr, PAGE_SIZE). 
    Expected: zx_vmar_protect(new_h, kRwxMapPerm, map_addr, 4096)
    Which is: 0
    Actual  : (-30)
    Which is: -30
../../zircon/system/utest/core/vmar/vmar.cc:974: Failure: Expected ZX_ERR_ACCESS_DENIED == zx_vmar_map(new_h, kRwxMapPerm, 0, vmo, 0, PAGE_SIZE, &map_addr). 
    Expected: zx_vmar_map(new_h, kRwxMapPerm, 0, vmo, 0, 4096, &map_addr)
    Which is: 0
    Actual  : (-30)
    Which is: -30
../../zircon/system/utest/core/vmar/vmar.cc:980: Failure: Expected ZX_ERR_ACCESS_DENIED == zx_vmar_protect(new_h, kRwxMapPerm, map_addr, PAGE_SIZE). 
    Expected: zx_vmar_protect(new_h, kRwxMapPerm, map_addr, 4096)
    Which is: 0
    Actual  : (-30)
    Which is: -30
../../zircon/system/utest/core/vmar/vmar.cc:974: Failure: Expected ZX_ERR_ACCESS_DENIED == zx_vmar_map(new_h, kRwxMapPerm, 0, vmo, 0, PAGE_SIZE, &map_addr). 
    Expected: zx_vmar_map(new_h, kRwxMapPerm, 0, vmo, 0, 4096, &map_addr)
    Which is: 0
    Actual  : (-30)
    Which is: -30
../../zircon/system/utest/core/vmar/vmar.cc:980: Failure: Expected ZX_ERR_ACCESS_DENIED == zx_vmar_protect(new_h, kRwxMapPerm, map_addr, PAGE_SIZE). 
    Expected: zx_vmar_protect(new_h, kRwxMapPerm, map_addr, 4096)
    Which is: 0
    Actual  : (-30)
    Which is: -30
[  FAILED  ] Vmar.RightsDropTest (5 ms)
[ RUN      ] Vmar.ProtectTest
../../zircon/system/utest/core/vmar/vmar.cc:1025: Failure: Expected ZX_ERR_ACCESS_DENIED == zx_vmar_map(vmar, kRwxMapPerm, 0, new_h, 0, PAGE_SIZE, &map_addr). 
    Expected: zx_vmar_map(vmar, kRwxMapPerm, 0, new_h, 0, 4096, &map_addr)
    Which is: 0
    Actual  : (-30)
    Which is: -30
../../zircon/system/utest/core/vmar/vmar.cc:1032: Failure: Expected ZX_ERR_ACCESS_DENIED == zx_vmar_protect(vmar, kRwxMapPerm, map_addr, PAGE_SIZE). 
    Expected: zx_vmar_protect(vmar, kRwxMapPerm, map_addr, 4096)
    Which is: 0
    Actual  : (-30)
    Which is: -30
../../zircon/system/utest/core/vmar/vmar.cc:1037: Failure: Expected ZX_ERR_ACCESS_DENIED == zx_vmar_protect(vmar, kRwxMapPerm, map_addr, PAGE_SIZE). 
    Expected: zx_vmar_protect(vmar, kRwxMapPerm, map_addr, 4096)
    Which is: 0
    Actual  : (-30)
    Which is: -30
../../zircon/system/utest/core/vmar/vmar.cc:1025: Failure: Expected ZX_ERR_ACCESS_DENIED == zx_vmar_map(vmar, kRwxMapPerm, 0, new_h, 0, PAGE_SIZE, &map_addr). 
    Expected: zx_vmar_map(vmar, kRwxMapPerm, 0, new_h, 0, 4096, &map_addr)
    Which is: 0
    Actual  : (-30)
    Which is: -30
../../zircon/system/utest/core/vmar/vmar.cc:1032: Failure: Expected ZX_ERR_ACCESS_DENIED == zx_vmar_protect(vmar, kRwxMapPerm, map_addr, PAGE_SIZE). 
    Expected: zx_vmar_protect(vmar, kRwxMapPerm, map_addr, 4096)
    Which is: 0
    Actual  : (-30)
    Which is: -30
../../zircon/system/utest/core/vmar/vmar.cc:1037: Failure: Expected ZX_ERR_ACCESS_DENIED == zx_vmar_protect(vmar, kRwxMapPerm, map_addr, PAGE_SIZE). 
    Expected: zx_vmar_protect(vmar, kRwxMapPerm, map_addr, 4096)
    Which is: 0
    Actual  : (-30)
    Which is: -30
../../zircon/system/utest/core/vmar/vmar.cc:1025: Failure: Expected ZX_ERR_ACCESS_DENIED == zx_vmar_map(vmar, kRwxMapPerm, 0, new_h, 0, PAGE_SIZE, &map_addr). 
    Expected: zx_vmar_map(vmar, kRwxMapPerm, 0, new_h, 0, 4096, &map_addr)
    Which is: 0
    Actual  : (-30)
    Which is: -30
../../zircon/system/utest/core/vmar/vmar.cc:1032: Failure: Expected ZX_ERR_ACCESS_DENIED == zx_vmar_protect(vmar, kRwxMapPerm, map_addr, PAGE_SIZE). 
    Expected: zx_vmar_protect(vmar, kRwxMapPerm, map_addr, 4096)
    Which is: 0
    Actual  : (-30)
    Which is: -30
../../zircon/system/utest/core/vmar/vmar.cc:1037: Failure: Expected ZX_ERR_ACCESS_DENIED == zx_vmar_protect(vmar, kRwxMapPerm, map_addr, PAGE_SIZE). 
    Expected: zx_vmar_protect(vmar, kRwxMapPerm, map_addr, 4096)
    Which is: 0
    Actual  : (-30)
    Which is: -30
[  FAILED  ] Vmar.ProtectTest (68 ms)
[ RUN      ] Vmar.ObjectInfoTest
[       OK ] Vmar.ObjectInfoTest (0 ms)
[ RUN      ] Vmar.UnmapSplitTest
[       OK ] Vmar.UnmapSplitTest (1 ms)
[ RUN      ] Vmar.UnmapMultipleTest
[       OK ] Vmar.UnmapMultipleTest (2 ms)
[ RUN      ] Vmar.UnmapBaseNotMappedTest
[       OK ] Vmar.UnmapBaseNotMappedTest (0 ms)
[ RUN      ] Vmar.ProtectSplitTest
../../zircon/system/utest/core/vmar/vmar.cc:1483: Failure: Expected ZX_OK == zx_vmar_protect(vmar, ZX_VM_PERM_READ, mapping_addr, 2 * PAGE_SIZE). 
    Expected: zx_vmar_protect(vmar, ((zx_vm_option_t)(1u << 0)), mapping_addr, 2 * 4096)
    Which is: -25
    Actual  : (0)
    Which is: 0
../../zircon/system/utest/core/vmar/vmar.cc:1495: Failure: Expected ZX_OK == zx_vmar_protect(vmar, ZX_VM_PERM_READ, mapping_addr + 2 * PAGE_SIZE, 2 * PAGE_SIZE). 
    Expected: zx_vmar_protect(vmar, ((zx_vm_option_t)(1u << 0)), mapping_addr + 2 * 4096, 2 * 4096)
    Which is: -25
    Actual  : (0)
    Which is: 0
../../zircon/system/utest/core/vmar/vmar.cc:1506: Failure: Expected ZX_OK == zx_vmar_protect(vmar, ZX_VM_PERM_READ, mapping_addr + PAGE_SIZE, 2 * PAGE_SIZE). 
    Expected: zx_vmar_protect(vmar, ((zx_vm_option_t)(1u << 0)), mapping_addr + 4096, 2 * 4096)
    Which is: -25
    Actual  : (0)
    Which is: 0
[  FAILED  ] Vmar.ProtectSplitTest (65 ms)
[ RUN      ] Vmar.ProtectMultipleTest
../../zircon/system/utest/core/vmar/vmar.cc:1548: Failure: Expected ZX_OK == zx_vmar_protect(vmar, ZX_VM_PERM_READ, mapping_addr[0] + PAGE_SIZE, 3 * mapping_size - 2 * PAGE_SIZE). 
    Expected: zx_vmar_protect(vmar, ((zx_vm_option_t)(1u << 0)), mapping_addr[0] + 4096, 3 * mapping_size - 2 * 4096)
    Which is: -25
    Actual  : (0)
    Which is: 0
../../zircon/system/utest/core/vmar/vmar.cc:1567: Failure: Expected ZX_ERR_ACCESS_DENIED == zx_vmar_protect(vmar, ZX_VM_PERM_READ | ZX_VM_PERM_WRITE, mapping_addr[0] + PAGE_SIZE, 3 * mapping_size - 2 * PAGE_SIZE). 
    Expected: zx_vmar_protect(vmar, ((zx_vm_option_t)(1u << 0)) | ((zx_vm_option_t)(1u << 1)), mapping_addr[0] + 4096, 3 * mapping_size - 2 * 4096)
    Which is: -25
    Actual  : (-30)
    Which is: -30
../../zircon/system/utest/core/vmar/vmar.cc:1602: Failure: Expected ZX_ERR_INVALID_ARGS == zx_vmar_protect(vmar, ZX_VM_PERM_READ, mapping_addr[0] + PAGE_SIZE, 3 * mapping_size - 2 * PAGE_SIZE). 
    Expected: zx_vmar_protect(vmar, ((zx_vm_option_t)(1u << 0)), mapping_addr[0] + 4096, 3 * mapping_size - 2 * 4096)
    Which is: -25
    Actual  : (-10)
    Which is: -10
../../zircon/system/utest/core/vmar/vmar.cc:1627: Failure: Expected ZX_ERR_INVALID_ARGS == zx_vmar_protect(vmar, ZX_VM_PERM_READ, mapping_addr[0] + PAGE_SIZE, 3 * mapping_size - 2 * PAGE_SIZE). 
    Expected: zx_vmar_protect(vmar, ((zx_vm_option_t)(1u << 0)), mapping_addr[0] + 4096, 3 * mapping_size - 2 * 4096)
    Which is: -25
    Actual  : (-10)
    Which is: -10
[  FAILED  ] Vmar.ProtectMultipleTest (67 ms)
[ RUN      ] Vmar.RangeOpCommitVmoPages
[31m[34.317991751s ERROR 0 0:0] syscall unimplemented: VMAR_OP_RANGE
[0m../../zircon/system/utest/core/vmar/vmar.cc:1750: Failure: Expected ZX_OK == zx_vmar_op_range(vmar, ZX_VMO_OP_DECOMMIT, vmar_base, PAGE_SIZE, nullptr, 0u). 
    Expected: zx_vmar_op_range(vmar, ((uint32_t)2u), vmar_base, 4096, nullptr, 0u)
    Which is: -2
    Actual  : (0)
    Which is: 0
../../zircon/system/utest/core/vmar/vmar.cc:1751: Failure: Expected 0u == target[0].load(). 
    Expected: target[0].load()
    Which is: 05
    Actual  : 0u
    Which is: 0
[31m[34.321036298s ERROR 0 0:0] syscall unimplemented: VMAR_OP_RANGE
[0m../../zircon/system/utest/core/vmar/vmar.cc:1755: Failure: Expected ZX_OK == zx_vmar_op_range(vmar, ZX_VMO_OP_DECOMMIT, vmar_base + PAGE_SIZE, PAGE_SIZE, nullptr, 0u). 
    Expected: zx_vmar_op_range(vmar, ((uint32_t)2u), vmar_base + 4096, 4096, nullptr, 0u)
    Which is: -2
    Actual  : (0)
    Which is: 0
../../zircon/system/utest/core/vmar/vmar.cc:1756: Failure: Expected 0u == target[PAGE_SIZE].load(). 
    Expected: target[4096].load()
    Which is: 07
    Actual  : 0u
    Which is: 0
[31m[34.32377639s ERROR 0 0:0] syscall unimplemented: VMAR_OP_RANGE
[0m../../zircon/system/utest/core/vmar/vmar.cc:1764: Failure: Expected ZX_OK == zx_vmar_op_range(vmar, ZX_VMO_OP_DECOMMIT, vmar_base + PAGE_SIZE, PAGE_SIZE * 2, nullptr, 0u). 
    Expected: zx_vmar_op_range(vmar, ((uint32_t)2u), vmar_base + 4096, 4096 * 2, nullptr, 0u)
    Which is: -2
    Actual  : (0)
    Which is: 0
../../zircon/system/utest/core/vmar/vmar.cc:1765: Failure: Expected 0u == target[PAGE_SIZE].load(). 
    Expected: target[4096].load()
    Which is: 05
    Actual  : 0u
    Which is: 0
../../zircon/system/utest/core/vmar/vmar.cc:1766: Failure: Expected 0u == target[PAGE_SIZE * 2].load(). 
    Expected: target[4096 * 2].load()
    Which is: 06
    Actual  : 0u
    Which is: 0
../../zircon/system/utest/core/vmar/vmar.cc:1767: Failure: Expected 0u == target[PAGE_SIZE * 4].load(). 
    Expected: target[4096 * 4].load()
    Which is: 05
    Actual  : 0u
    Which is: 0
[31m[34.388759316s ERROR 0 0:0] syscall unimplemented: VMAR_OP_RANGE
[0m../../zircon/system/utest/core/vmar/vmar.cc:1772: Failure: Expected ZX_ERR_BAD_STATE == zx_vmar_op_range(vmar, ZX_VMO_OP_DECOMMIT, vmar_base + PAGE_SIZE, PAGE_SIZE * 3, nullptr, 0u). 
    Expected: zx_vmar_op_range(vmar, ((uint32_t)2u), vmar_base + 4096, 4096 * 3, nullptr, 0u)
    Which is: -2
    Actual  : (-20)
    Which is: -20
[31m[34.389809381s ERROR 0 0:0] syscall unimplemented: VMAR_OP_RANGE
[0m../../zircon/system/utest/core/vmar/vmar.cc:1778: Failure: Expected ZX_OK == zx_vmar_op_range(vmar, ZX_VMO_OP_DECOMMIT, vmar_base + (PAGE_SIZE * 4), PAGE_SIZE, nullptr, 0u). 
    Expected: zx_vmar_op_range(vmar, ((uint32_t)2u), vmar_base + (4096 * 4), 4096, nullptr, 0u)
    Which is: -2
    Actual  : (0)
    Which is: 0
[31m[34.390851279s ERROR 0 0:0] syscall unimplemented: VMAR_OP_RANGE
[0m../../zircon/system/utest/core/vmar/vmar.cc:1790: Failure: Expected ZX_ERR_ACCESS_DENIED == zx_vmar_op_range(zx_vmar_root_self(), ZX_VMO_OP_DECOMMIT, readonly_mapping_addr, PAGE_SIZE, nullptr, 0u). 
    Expected: zx_vmar_op_range(zx_vmar_root_self(), ((uint32_t)2u), readonly_mapping_addr, 4096, nullptr, 0u)
    Which is: -2
    Actual  : (-30)
    Which is: -30
[  FAILED  ] Vmar.RangeOpCommitVmoPages (74 ms)
[ RUN      ] Vmar.RangeOpMapRange
[31m[34.39243237s ERROR 0 0:0] syscall unimplemented: VMAR_OP_RANGE
[0m../../zircon/system/utest/core/vmar/vmar.cc:1821: Failure: Expected ZX_OK == zx_vmar_op_range(vmar, ZX_VMAR_OP_MAP_RANGE, map_base, vmo_size, nullptr, 0). 
    Expected: zx_vmar_op_range(vmar, ((uint32_t)3u), map_base, vmo_size, nullptr, 0)
    Which is: -2
    Actual  : (0)
    Which is: 0
[  FAILED  ] Vmar.RangeOpMapRange (62 ms)
[ RUN      ] Vmar.PartialUnmapAndRead
../../zircon/system/utest/core/vmar/vmar.cc:1914: Failure: Expected PAGE_SIZE == actual_read. 
    Expected: actual_read
    Which is: 12297829379609726976
    Actual  : 4096
../../zircon/system/utest/core/vmar/vmar.cc:1925: Failure: Expected PAGE_SIZE == actual_read. 
    Expected: actual_read
    Which is: 12297829379609731072
    Actual  : 4096
../../zircon/system/utest/core/vmar/vmar.cc:1931: Failure: Expected 1 == actual_read. 
    Expected: actual_read
    Which is: 12297829379609722882
    Actual  : 1
[  FAILED  ] Vmar.PartialUnmapAndRead (2 ms)
[ RUN      ] Vmar.PartialUnmapAndWrite
../../zircon/system/utest/core/vmar/vmar.cc:1961: Failure: Expected PAGE_SIZE == actual_written. 
    Expected: actual_written
    Which is: 12297829379609726976
    Actual  : 4096
../../zircon/system/utest/core/vmar/vmar.cc:1972: Failure: Expected PAGE_SIZE == actual_written. 
    Expected: actual_written
    Which is: 12297829379609731072
    Actual  : 4096
../../zircon/system/utest/core/vmar/vmar.cc:1978: Failure: Expected 1 == actual_written. 
    Expected: actual_written
    Which is: 12297829379609722882
    Actual  : 1
[  FAILED  ] Vmar.PartialUnmapAndWrite (3 ms)
[ RUN      ] Vmar.PartialUnmapWithVmarOffset
../../zircon/system/utest/core/vmar/vmar.cc:2005: Failure: Expected kVmoSize - kOffset == actual. 
    Expected: actual
    Which is: 12297829379609759744
    Actual  : kVmoSize - kOffset
    Which is: 36864
../../zircon/system/utest/core/vmar/vmar.cc:2010: Failure: Expected kVmoSize - kOffset == actual. 
    Expected: actual
    Which is: 12297829379609759744
    Actual  : kVmoSize - kOffset
    Which is: 36864
../../zircon/system/utest/core/vmar/vmar.cc:2032: Failure: Expected 1 == actual. 
    Expected: actual
    Which is: 12297829379609722882
    Actual  : 1
../../zircon/system/utest/core/vmar/vmar.cc:2036: Failure: Expected 1 == actual. 
    Expected: actual
    Which is: 12297829379609722882
    Actual  : 1
[  FAILED  ] Vmar.PartialUnmapWithVmarOffset (65 ms)
[ RUN      ] Vmar.AllowFaultsTest
[       OK ] Vmar.AllowFaultsTest (0 ms)
[ RUN      ] Vmar.ConcurrentUnmapReadMemory
[       OK ] Vmar.ConcurrentUnmapReadMemory (211 ms)
[----------] 29 tests from Vmar (1040 ms total)

[----------] 6 tests from VmoCloneTestCase
[ RUN      ] VmoCloneTestCase.SizeAlign
[       OK ] VmoCloneTestCase.SizeAlign (1247 ms)
[ RUN      ] VmoCloneTestCase.NameProperty
[       OK ] VmoCloneTestCase.NameProperty (61 ms)
[ RUN      ] VmoCloneTestCase.Decommit
[       OK ] VmoCloneTestCase.Decommit (0 ms)
[ RUN      ] VmoCloneTestCase.Commit
[       OK ] VmoCloneTestCase.Commit (2 ms)
[ RUN      ] VmoCloneTestCase.Rights
[       OK ] VmoCloneTestCase.Rights (0 ms)
[ RUN      ] VmoCloneTestCase.NoResize
[       OK ] VmoCloneTestCase.NoResize (0 ms)
[----------] 6 tests from VmoCloneTestCase (1313 ms total)

[----------] 38 tests from VmoClone2TestCase
[ RUN      ] VmoClone2TestCase.Info
[       OK ] VmoClone2TestCase.Info (0 ms)
[ RUN      ] VmoClone2TestCase.Read
[       OK ] VmoClone2TestCase.Read (1 ms)
[ RUN      ] VmoClone2TestCase.CloneVmoWrite
[       OK ] VmoClone2TestCase.CloneVmoWrite (62 ms)
[ RUN      ] VmoClone2TestCase.ParentVmoWrite
[       OK ] VmoClone2TestCase.ParentVmoWrite (0 ms)
[ RUN      ] VmoClone2TestCase.CloneVmarWrite
[       OK ] VmoClone2TestCase.CloneVmarWrite (1 ms)
[ RUN      ] VmoClone2TestCase.ParentVmarWrite
[       OK ] VmoClone2TestCase.ParentVmarWrite (0 ms)
[ RUN      ] VmoClone2TestCase.CloseOriginal
[       OK ] VmoClone2TestCase.CloseOriginal (0 ms)
[ RUN      ] VmoClone2TestCase.CloseClone
[       OK ] VmoClone2TestCase.CloseClone (0 ms)
[ RUN      ] VmoClone2TestCase.ObjMemAccounting
[       OK ] VmoClone2TestCase.ObjMemAccounting (1 ms)
[ RUN      ] VmoClone2TestCase.ZeroPageWrite
[       OK ] VmoClone2TestCase.ZeroPageWrite (1 ms)
[ RUN      ] VmoClone2TestCase.SplitPageClosure
[       OK ] VmoClone2TestCase.SplitPageClosure (63 ms)
[ RUN      ] VmoClone2TestCase.Offset
[       OK ] VmoClone2TestCase.Offset (0 ms)
[ RUN      ] VmoClone2TestCase.OffsetTest2
[       OK ] VmoClone2TestCase.OffsetTest2 (0 ms)
[ RUN      ] VmoClone2TestCase.OffsetProgressiveWrite
[       OK ] VmoClone2TestCase.OffsetProgressiveWrite (0 ms)
[ RUN      ] VmoClone2TestCase.Overflow
[       OK ] VmoClone2TestCase.Overflow (1 ms)
[ RUN      ] VmoClone2TestCase.OutOfBounds
[       OK ] VmoClone2TestCase.OutOfBounds (0 ms)
[ RUN      ] VmoClone2TestCase.SmallClone
[       OK ] VmoClone2TestCase.SmallClone (0 ms)
[ RUN      ] VmoClone2TestCase.SmallCloneChild
[       OK ] VmoClone2TestCase.SmallCloneChild (0 ms)
[ RUN      ] VmoClone2TestCase.SmallClones
[       OK ] VmoClone2TestCase.SmallClones (0 ms)
[ RUN      ] VmoClone2TestCase.DisjointCloneTest2
[       OK ] VmoClone2TestCase.DisjointCloneTest2 (65 ms)
[ RUN      ] VmoClone2TestCase.DisjointCloneProgressive
[       OK ] VmoClone2TestCase.DisjointCloneProgressive (1 ms)
[ RUN      ] VmoClone2TestCase.ResizeGrow
[       OK ] VmoClone2TestCase.ResizeGrow (0 ms)
[ RUN      ] VmoClone2TestCase.ResizeOffsetChild
[       OK ] VmoClone2TestCase.ResizeOffsetChild (0 ms)
[ RUN      ] VmoClone2TestCase.ResizeDisjointChild
[       OK ] VmoClone2TestCase.ResizeDisjointChild (62 ms)
[ RUN      ] VmoClone2TestCase.ResizeMultipleProgressive
[       OK ] VmoClone2TestCase.ResizeMultipleProgressive (1 ms)
[ RUN      ] VmoClone2TestCase.ResizeOverSiblingRange
[       OK ] VmoClone2TestCase.ResizeOverSiblingRange (1 ms)
[ RUN      ] VmoClone2TestCase.Children
[       OK ] VmoClone2TestCase.Children (0 ms)
[ RUN      ] VmoClone2TestCase.ManyChildren
[       OK ] VmoClone2TestCase.ManyChildren (0 ms)
[ RUN      ] VmoClone2TestCase.ManyChildrenRevClose
[       OK ] VmoClone2TestCase.ManyChildrenRevClose (0 ms)
[ RUN      ] VmoClone2TestCase.ManyCloneMapping
[       OK ] VmoClone2TestCase.ManyCloneMapping (66 ms)
[ RUN      ] VmoClone2TestCase.ManyCloneOffset
[       OK ] VmoClone2TestCase.ManyCloneOffset (0 ms)
[ RUN      ] VmoClone2TestCase.ManyCloneMappingOffset
../../zircon/system/utest/core/vmo/vmo-clone2.cc:1242: Failure: Expected (i != 2) * ZX_PAGE_SIZE == VmoCommittedBytes(vmos[i]). 
    Expected: VmoCommittedBytes(vmos[i])
    Which is: 4096
    Actual  : (i != 2) * ((uintptr_t)(1u << ((uint32_t)12u)))
    Which is: 0
[  FAILED  ] VmoClone2TestCase.ManyCloneMappingOffset (2 ms)
[ RUN      ] VmoClone2TestCase.ForbidContiguousVmo
[       OK ] VmoClone2TestCase.ForbidContiguousVmo (65 ms)
[ RUN      ] VmoClone2TestCase.PinBeforeCreateFailure
[       OK ] VmoClone2TestCase.PinBeforeCreateFailure (0 ms)
[ RUN      ] VmoClone2TestCase.NoPhysical
../../zircon/system/utest/core/vmo/helpers.cc:39: Failure: Expected reserved_ram_info non null pointer. 
    Expected: nullptr
    Which is: 00 00 00 00 00 00 00 00
    Actual  : reserved_ram_info
    Which is: <nullptr>
[  FAILED  ] VmoClone2TestCase.NoPhysical (1 ms)
[ RUN      ] VmoClone2TestCase.NoSnapshotPager
[31m[36.468651891s ERROR 0 0:0] syscall unimplemented: PAGER_CREATE
[0m../../zircon/system/utest/core/vmo/vmo-clone2.cc:1494: Failure: Expected zx::pager::create(0, &pager) is ZX_OK. 
    Expected: ZX_OK
    Which is: ZX_OK(0)
    Actual  : zx::pager::create(0, &pager)
    Which is: ZX_ERR_NOT_SUPPORTED(-2)
[  FAILED  ] VmoClone2TestCase.NoSnapshotPager (62 ms)
[ RUN      ] VmoClone2TestCase.Uncached
[       OK ] VmoClone2TestCase.Uncached (0 ms)
[ RUN      ] VmoClone2TestCase.ParentStartLimitRegression
[       OK ] VmoClone2TestCase.ParentStartLimitRegression (0 ms)
[----------] 38 tests from VmoClone2TestCase (480 ms total)

[----------] 2 tests from VmoCloneDisjointClonesTests
[ RUN      ] VmoCloneDisjointClonesTests.DisjointCloneEarlyClose
[       OK ] VmoCloneDisjointClonesTests.DisjointCloneEarlyClose (1 ms)
[ RUN      ] VmoCloneDisjointClonesTests.DisjointCloneLateClose
[       OK ] VmoCloneDisjointClonesTests.DisjointCloneLateClose (0 ms)
[----------] 2 tests from VmoCloneDisjointClonesTests (2 ms total)

[----------] 2 tests from VmoCloneResizeTests
[ RUN      ] VmoCloneResizeTests.ResizeChild
[       OK ] VmoCloneResizeTests.ResizeChild (1 ms)
[ RUN      ] VmoCloneResizeTests.ResizeOriginal
[       OK ] VmoCloneResizeTests.ResizeOriginal (62 ms)
[----------] 2 tests from VmoCloneResizeTests (64 ms total)

[----------] 2 tests from ProgressiveCloneDiscardTests
[ RUN      ] ProgressiveCloneDiscardTests.ProgressiveCloneClose
[       OK ] ProgressiveCloneDiscardTests.ProgressiveCloneClose (1 ms)
[ RUN      ] ProgressiveCloneDiscardTests.ProgressiveCloneTruncate
[       OK ] ProgressiveCloneDiscardTests.ProgressiveCloneTruncate (2 ms)
[----------] 2 tests from ProgressiveCloneDiscardTests (4 ms total)

[----------] 3 tests from VmoSignalTestCase
[ RUN      ] VmoSignalTestCase.SignalSanity
[       OK ] VmoSignalTestCase.SignalSanity (0 ms)
[ RUN      ] VmoSignalTestCase.ChildSignalClone
[       OK ] VmoSignalTestCase.ChildSignalClone (1 ms)
[ RUN      ] VmoSignalTestCase.ChildSignalMap
[       OK ] VmoSignalTestCase.ChildSignalMap (1 ms)
[----------] 3 tests from VmoSignalTestCase (65 ms total)

[----------] 16 tests from VmoSliceTestCase
[ RUN      ] VmoSliceTestCase.WriteThrough
[       OK ] VmoSliceTestCase.WriteThrough (1 ms)
[ RUN      ] VmoSliceTestCase.DecommitParent
[       OK ] VmoSliceTestCase.DecommitParent (0 ms)
[ RUN      ] VmoSliceTestCase.Nested
[       OK ] VmoSliceTestCase.Nested (0 ms)
[ RUN      ] VmoSliceTestCase.NonSlice
[       OK ] VmoSliceTestCase.NonSlice (0 ms)
[ RUN      ] VmoSliceTestCase.NonResizable
[       OK ] VmoSliceTestCase.NonResizable (0 ms)
[ RUN      ] VmoSliceTestCase.CommitChild
[       OK ] VmoSliceTestCase.CommitChild (0 ms)
[ RUN      ] VmoSliceTestCase.DecommitChild
[       OK ] VmoSliceTestCase.DecommitChild (0 ms)
[ RUN      ] VmoSliceTestCase.ZeroSized
[       OK ] VmoSliceTestCase.ZeroSized (0 ms)
[ RUN      ] VmoSliceTestCase.ChildSliceOfContiguousParentIsContiguous
[       OK ] VmoSliceTestCase.ChildSliceOfContiguousParentIsContiguous (61 ms)
[ RUN      ] VmoSliceTestCase.ZeroChildren
[       OK ] VmoSliceTestCase.ZeroChildren (0 ms)
[ RUN      ] VmoSliceTestCase.ZeroChildrenGrandchildClosedLast
[       OK ] VmoSliceTestCase.ZeroChildrenGrandchildClosedLast (0 ms)
[ RUN      ] VmoSliceTestCase.CowPageSourceThroughSlices
[       OK ] VmoSliceTestCase.CowPageSourceThroughSlices (0 ms)
[ RUN      ] VmoSliceTestCase.RoundUpSizePhysical
[       OK ] VmoSliceTestCase.RoundUpSizePhysical (0 ms)
[ RUN      ] VmoSliceTestCase.RoundUpSize
[       OK ] VmoSliceTestCase.RoundUpSize (0 ms)
[ RUN      ] VmoSliceTestCase.NotCoWType
[       OK ] VmoSliceTestCase.NotCoWType (0 ms)
[ RUN      ] VmoSliceTestCase.Pin
../../zircon/system/utest/core/vmo/vmo-slice.cc:427: Failure: Expected bti.pin(ZX_BTI_PERM_READ, slice_vmo, 0, PAGE_SIZE, &paddr, 1, &pmt) is ZX_OK. 
    Expected: ZX_OK
    Which is: ZX_OK(0)
    Actual  : bti.pin(((uint32_t)1u << 0), slice_vmo, 0, 4096, &paddr, 1, &pmt)
    Which is: ZX_ERR_OUT_OF_RANGE(-14)
[  FAILED  ] VmoSliceTestCase.Pin (1 ms)
[----------] 16 tests from VmoSliceTestCase (71 ms total)

[----------] 15 tests from VmoZeroTestCase
[ RUN      ] VmoZeroTestCase.UnalignedSubPage
[       OK ] VmoZeroTestCase.UnalignedSubPage (0 ms)
[ RUN      ] VmoZeroTestCase.UnalignedCommitted
[       OK ] VmoZeroTestCase.UnalignedCommitted (0 ms)
[ RUN      ] VmoZeroTestCase.UnalignedUnCommitted
[       OK ] VmoZeroTestCase.UnalignedUnCommitted (0 ms)
[ RUN      ] VmoZeroTestCase.DecommitMiddle
[       OK ] VmoZeroTestCase.DecommitMiddle (62 ms)
[ RUN      ] VmoZeroTestCase.Contiguous
[       OK ] VmoZeroTestCase.Contiguous (2 ms)
[ RUN      ] VmoZeroTestCase.ContentInParentAndChild
[       OK ] VmoZeroTestCase.ContentInParentAndChild (0 ms)
[ RUN      ] VmoZeroTestCase.EmptyCowChildren
[       OK ] VmoZeroTestCase.EmptyCowChildren (0 ms)
[ RUN      ] VmoZeroTestCase.MergeZeroChildren
[       OK ] VmoZeroTestCase.MergeZeroChildren (0 ms)
[ RUN      ] VmoZeroTestCase.AllocateAfterMerge
[       OK ] VmoZeroTestCase.AllocateAfterMerge (1 ms)
[ RUN      ] VmoZeroTestCase.AllocateAfterMergeHiddenChild
[       OK ] VmoZeroTestCase.AllocateAfterMergeHiddenChild (63 ms)
[ RUN      ] VmoZeroTestCase.WriteCowParent
[       OK ] VmoZeroTestCase.WriteCowParent (0 ms)
[ RUN      ] VmoZeroTestCase.ChildZeroThenWrite
[       OK ] VmoZeroTestCase.ChildZeroThenWrite (0 ms)
[ RUN      ] VmoZeroTestCase.Nested
[       OK ] VmoZeroTestCase.Nested (0 ms)
[ RUN      ] VmoZeroTestCase.ZeroLengths
[       OK ] VmoZeroTestCase.ZeroLengths (0 ms)
[ RUN      ] VmoZeroTestCase.ResizeOverHiddenMarkers
[       OK ] VmoZeroTestCase.ResizeOverHiddenMarkers (0 ms)
[----------] 15 tests from VmoZeroTestCase (138 ms total)

[----------] 1 test from VmoZeroTestcase
[ RUN      ] VmoZeroTestcase.ZeroFreesAndAllocates
[       OK ] VmoZeroTestcase.ZeroFreesAndAllocates (0 ms)
[----------] 1 test from VmoZeroTestcase (0 ms total)

[----------] 21 tests from VmoTestCase
[ RUN      ] VmoTestCase.Create
[       OK ] VmoTestCase.Create (0 ms)
[ RUN      ] VmoTestCase.ReadWriteBadLen
[       OK ] VmoTestCase.ReadWriteBadLen (0 ms)
[ RUN      ] VmoTestCase.ReadWrite
[       OK ] VmoTestCase.ReadWrite (62 ms)
[ RUN      ] VmoTestCase.ReadWriteRange
[       OK ] VmoTestCase.ReadWriteRange (0 ms)
[ RUN      ] VmoTestCase.Map
[       OK ] VmoTestCase.Map (0 ms)
[ RUN      ] VmoTestCase.MapRead
[       OK ] VmoTestCase.MapRead (0 ms)
[ RUN      ] VmoTestCase.ParallelRead
[       OK ] VmoTestCase.ParallelRead (69 ms)
[ RUN      ] VmoTestCase.Resize
[       OK ] VmoTestCase.Resize (0 ms)
[ RUN      ] VmoTestCase.NoResize
[       OK ] VmoTestCase.NoResize (0 ms)
[ RUN      ] VmoTestCase.Info
../../zircon/system/utest/core/vmo/vmo.cc:477: Failure: Expected 1 == actual. 
    Expected: actual
    Which is: 12297829382473034410
    Actual  : 1
../../zircon/system/utest/core/vmo/vmo.cc:478: Failure: Expected 1 == avail. 
    Expected: avail
    Which is: 12297829382473034410
    Actual  : 1
[  FAILED  ] VmoTestCase.Info (2 ms)
[ RUN      ] VmoTestCase.SizeAlign
[       OK ] VmoTestCase.SizeAlign (894 ms)
[ RUN      ] VmoTestCase.ResizeAlign
[       OK ] VmoTestCase.ResizeAlign (481 ms)
[ RUN      ] VmoTestCase.ContentSize
[       OK ] VmoTestCase.ContentSize (0 ms)
[ RUN      ] VmoTestCase.Rights
../../zircon/system/utest/core/vmo/vmo.cc:593: Failure: Expected r is ZX_OK. 
    Expected: ZX_OK
    Which is: ZX_OK(0)
    Actual  : r
    Which is: ZX_ERR_INVALID_ARGS(-10)
../../zircon/system/utest/core/vmo/vmo.cc:596: Failure: Expected r is ZX_OK. unmap
    Expected: ZX_OK
    Which is: ZX_OK(0)
    Actual  : r
    Which is: ZX_ERR_INVALID_ARGS(-10)
../../zircon/system/utest/core/vmo/vmo.cc:598: Failure: Expected r == fail_err_code. 
    Expected: fail_err_code
    Which is: -10
    Actual  : r
    Which is: 0
../../zircon/system/utest/core/vmo/vmo.cc:593: Failure: Expected r is ZX_OK. 
    Expected: ZX_OK
    Which is: ZX_OK(0)
    Actual  : r
    Which is: ZX_ERR_INVALID_ARGS(-10)
../../zircon/system/utest/core/vmo/vmo.cc:596: Failure: Expected r is ZX_OK. unmap
    Expected: ZX_OK
    Which is: ZX_OK(0)
    Actual  : r
    Which is: ZX_ERR_INVALID_ARGS(-10)
../../zircon/system/utest/core/vmo/vmo.cc:598: Failure: Expected r == fail_err_code. 
    Expected: fail_err_code
    Which is: -10
    Actual  : r
    Which is: 0
../../zircon/system/utest/core/vmo/vmo.cc:598: Failure: Expected r == fail_err_code. 
    Expected: fail_err_code
    Which is: -30
    Actual  : r
    Which is: 0
../../zircon/system/utest/core/vmo/vmo.cc:598: Failure: Expected r == fail_err_code. 
    Expected: fail_err_code
    Which is: -30
    Actual  : r
    Which is: 0
../../zircon/system/utest/core/vmo/vmo.cc:598: Failure: Expected r == fail_err_code. 
    Expected: fail_err_code
    Which is: -30
    Actual  : r
    Which is: 0
../../zircon/system/utest/core/vmo/vmo.cc:593: Failure: Expected r is ZX_OK. 
    Expected: ZX_OK
    Which is: ZX_OK(0)
    Actual  : r
    Which is: ZX_ERR_INVALID_ARGS(-10)
../../zircon/system/utest/core/vmo/vmo.cc:596: Failure: Expected r is ZX_OK. unmap
    Expected: ZX_OK
    Which is: ZX_OK(0)
    Actual  : r
    Which is: ZX_ERR_INVALID_ARGS(-10)
../../zircon/system/utest/core/vmo/vmo.cc:598: Failure: Expected r == fail_err_code. 
    Expected: fail_err_code
    Which is: -30
    Actual  : r
    Which is: 0
../../zircon/system/utest/core/vmo/vmo.cc:598: Failure: Expected r == fail_err_code. 
    Expected: fail_err_code
    Which is: -10
    Actual  : r
    Which is: 0
../../zircon/system/utest/core/vmo/vmo.cc:598: Failure: Expected r == fail_err_code. 
    Expected: fail_err_code
    Which is: -30
    Actual  : r
    Which is: 0
../../zircon/system/utest/core/vmo/vmo.cc:598: Failure: Expected r == fail_err_code. 
    Expected: fail_err_code
    Which is: -30
    Actual  : r
    Which is: 0
../../zircon/system/utest/core/vmo/vmo.cc:598: Failure: Expected r == fail_err_code. 
    Expected: fail_err_code
    Which is: -30
    Actual  : r
    Which is: 0
../../zircon/system/utest/core/vmo/vmo.cc:593: Failure: Expected r is ZX_OK. 
    Expected: ZX_OK
    Which is: ZX_OK(0)
    Actual  : r
    Which is: ZX_ERR_INVALID_ARGS(-10)
../../zircon/system/utest/core/vmo/vmo.cc:596: Failure: Expected r is ZX_OK. unmap
    Expected: ZX_OK
    Which is: ZX_OK(0)
    Actual  : r
    Which is: ZX_ERR_INVALID_ARGS(-10)
../../zircon/system/utest/core/vmo/vmo.cc:598: Failure: Expected r == fail_err_code. 
    Expected: fail_err_code
    Which is: -10
    Actual  : r
    Which is: 0
../../zircon/system/utest/core/vmo/vmo.cc:598: Failure: Expected r == fail_err_code. 
    Expected: fail_err_code
    Which is: -30
    Actual  : r
    Which is: 0
../../zircon/system/utest/core/vmo/vmo.cc:598: Failure: Expected r == fail_err_code. 
    Expected: fail_err_code
    Which is: -30
    Actual  : r
    Which is: 0
../../zircon/system/utest/core/vmo/vmo.cc:593: Failure: Expected r is ZX_OK. 
    Expected: ZX_OK
    Which is: ZX_OK(0)
    Actual  : r
    Which is: ZX_ERR_INVALID_ARGS(-10)
../../zircon/system/utest/core/vmo/vmo.cc:596: Failure: Expected r is ZX_OK. unmap
    Expected: ZX_OK
    Which is: ZX_OK(0)
    Actual  : r
    Which is: ZX_ERR_INVALID_ARGS(-10)
../../zircon/system/utest/core/vmo/vmo.cc:598: Failure: Expected r == fail_err_code. 
    Expected: fail_err_code
    Which is: -10
    Actual  : r
    Which is: 0
../../zircon/system/utest/core/vmo/vmo.cc:598: Failure: Expected r == fail_err_code. 
    Expected: fail_err_code
    Which is: -30
    Actual  : r
    Which is: 0
../../zircon/system/utest/core/vmo/vmo.cc:598: Failure: Expected r == fail_err_code. 
    Expected: fail_err_code
    Which is: -30
    Actual  : r
    Which is: 0
../../zircon/system/utest/core/vmo/vmo.cc:593: Failure: Expected r is ZX_OK. 
    Expected: ZX_OK
    Which is: ZX_OK(0)
    Actual  : r
    Which is: ZX_ERR_INVALID_ARGS(-10)
../../zircon/system/utest/core/vmo/vmo.cc:596: Failure: Expected r is ZX_OK. unmap
    Expected: ZX_OK
    Which is: ZX_OK(0)
    Actual  : r
    Which is: ZX_ERR_INVALID_ARGS(-10)
../../zircon/system/utest/core/vmo/vmo.cc:598: Failure: Expected r == fail_err_code. 
    Expected: fail_err_code
    Which is: -10
    Actual  : r
    Which is: 0
../../zircon/system/utest/core/vmo/vmo.cc:831: Failure: Expected status == ZX_ERR_WRONG_TYPE. vmo_read wrong type
    Expected: (-12)
    Which is: -12
    Actual  : status
    Which is: -30
[  FAILED  ] VmoTestCase.Rights (207 ms)
[ RUN      ] VmoTestCase.ZeroPage
[       OK ] VmoTestCase.ZeroPage (0 ms)
[ RUN      ] VmoTestCase.PhysicalSlice
../../zircon/system/utest/core/vmo/helpers.cc:39: Failure: Expected reserved_ram_info non null pointer. 
    Expected: nullptr
    Which is: 00 00 00 00 00 00 00 00
    Actual  : reserved_ram_info
    Which is: <nullptr>
[  FAILED  ] VmoTestCase.PhysicalSlice (0 ms)
[ RUN      ] VmoTestCase.DecommitMisaligned
../../zircon/system/utest/core/vmo/vmo.cc:1235: Failure: Expected status is ZX_OK. committing memory
    Expected: ZX_OK
    Which is: ZX_OK(0)
    Actual  : status
    Which is: ZX_ERR_INVALID_ARGS(-10)
[  FAILED  ] VmoTestCase.DecommitMisaligned (62 ms)
[ RUN      ] VmoTestCase.CompressedContiguous
[93m[38.669604513s  WARN 0 0:0] bti.pin addrs_count = 1, but encoded_addrs.len = 2
[0m../../zircon/system/utest/core/vmo/helpers.h:71: Failure: Expected info.pmo_count == 0. 
    Expected: 0
    Actual  : info.pmo_count
    Which is: 1
../../zircon/system/utest/core/vmo/helpers.h:72: Failure: Expected info.quarantine_count == 0. 
    Expected: 0
    Actual  : info.quarantine_count
    Which is: 1
[  FAILED  ] VmoTestCase.CompressedContiguous (2 ms)
[ RUN      ] VmoTestCase.UncachedContiguous
[       OK ] VmoTestCase.UncachedContiguous (0 ms)
[ RUN      ] VmoTestCase.PinTests
../../zircon/system/utest/core/vmo/vmo.cc:1451: Failure: Expected bti.pin(ZX_BTI_PERM_READ, level.vmo, start, size, paddrs, expected_addrs, &pmt) is expected_status. Op was pin offset 0x0 size 0x4000 in VMO (offset 0x1000 si
ze 0x4000 spe 0x1000)
    Expected: expected_status
    Which is: ZX_OK(0)
    Actual  : bti.pin(((uint32_t)1u << 0), level.vmo, start, size, paddrs, expected_addrs, &pmt)
    Which is: ZX_ERR_OUT_OF_RANGE(-14)
../../zircon/system/utest/core/vmo/vmo.cc:1451: Failure: Expected bti.pin(ZX_BTI_PERM_READ, level.vmo, start, size, paddrs, expected_addrs, &pmt) is expected_status. Op was pin offset 0x1000 size 0x3000 in VMO (offset 0x1000
 size 0x4000 spe 0x1000)
    Expected: expected_status
    Which is: ZX_OK(0)
    Actual  : bti.pin(((uint32_t)1u << 0), level.vmo, start, size, paddrs, expected_addrs, &pmt)
    Which is: ZX_ERR_OUT_OF_RANGE(-14)
../../zircon/system/utest/core/vmo/vmo.cc:1451: Failure: Expected bti.pin(ZX_BTI_PERM_READ, level.vmo, start, size, paddrs, expected_addrs, &pmt) is expected_status. Op was pin offset 0x2000 size 0x2000 in VMO (offset 0x1000
 size 0x4000 spe 0x1000)
    Expected: expected_status
    Which is: ZX_OK(0)
    Actual  : bti.pin(((uint32_t)1u << 0), level.vmo, start, size, paddrs, expected_addrs, &pmt)
    Which is: ZX_ERR_OUT_OF_RANGE(-14)
../../zircon/system/utest/core/vmo/vmo.cc:1451: Failure: Expected bti.pin(ZX_BTI_PERM_READ, level.vmo, start, size, paddrs, expected_addrs, &pmt) is expected_status. Op was pin offset 0x3000 size 0x1000 in VMO (offset 0x1000
 size 0x4000 spe 0x1000)
    Expected: expected_status
    Which is: ZX_OK(0)
    Actual  : bti.pin(((uint32_t)1u << 0), level.vmo, start, size, paddrs, expected_addrs, &pmt)
    Which is: ZX_ERR_OUT_OF_RANGE(-14)
../../zircon/system/utest/core/vmo/vmo.cc:1451: Failure: Expected bti.pin(ZX_BTI_PERM_READ, level.vmo, start, size, paddrs, expected_addrs, &pmt) is expected_status. Op was pin offset 0x0 size 0x2000 in VMO (offset 0x1000 si
ze 0x2000 spe 0x2000)
    Expected: expected_status
    Which is: ZX_OK(0)
    Actual  : bti.pin(((uint32_t)1u << 0), level.vmo, start, size, paddrs, expected_addrs, &pmt)
    Which is: ZX_ERR_OUT_OF_RANGE(-14)
../../zircon/system/utest/core/vmo/vmo.cc:1451: Failure: Expected bti.pin(ZX_BTI_PERM_READ, level.vmo, start, size, paddrs, expected_addrs, &pmt) is expected_status. Op was pin offset 0x1000 size 0x1000 in VMO (offset 0x1000
 size 0x2000 spe 0x2000)
    Expected: expected_status
    Which is: ZX_OK(0)
    Actual  : bti.pin(((uint32_t)1u << 0), level.vmo, start, size, paddrs, expected_addrs, &pmt)
    Which is: ZX_ERR_OUT_OF_RANGE(-14)
../../zircon/system/utest/core/vmo/vmo.cc:1451: Failure: Expected bti.pin(ZX_BTI_PERM_READ, level.vmo, start, size, paddrs, expected_addrs, &pmt) is expected_status. Op was pin offset 0x0 size 0x4000 in VMO (offset 0x1000 si
ze 0x4000 spe 0x1000)
    Expected: expected_status
    Which is: ZX_OK(0)
    Actual  : bti.pin(((uint32_t)1u << 0), level.vmo, start, size, paddrs, expected_addrs, &pmt)
    Which is: ZX_ERR_OUT_OF_RANGE(-14)
../../zircon/system/utest/core/vmo/vmo.cc:1451: Failure: Expected bti.pin(ZX_BTI_PERM_READ, level.vmo, start, size, paddrs, expected_addrs, &pmt) is expected_status. Op was pin offset 0x1000 size 0x3000 in VMO (offset 0x1000
 size 0x4000 spe 0x1000)
    Expected: expected_status
    Which is: ZX_OK(0)
    Actual  : bti.pin(((uint32_t)1u << 0), level.vmo, start, size, paddrs, expected_addrs, &pmt)
    Which is: ZX_ERR_OUT_OF_RANGE(-14)
../../zircon/system/utest/core/vmo/vmo.cc:1451: Failure: Expected bti.pin(ZX_BTI_PERM_READ, level.vmo, start, size, paddrs, expected_addrs, &pmt) is expected_status. Op was pin offset 0x2000 size 0x2000 in VMO (offset 0x1000
 size 0x4000 spe 0x1000)
    Expected: expected_status
    Which is: ZX_OK(0)
    Actual  : bti.pin(((uint32_t)1u << 0), level.vmo, start, size, paddrs, expected_addrs, &pmt)
    Which is: ZX_ERR_OUT_OF_RANGE(-14)
../../zircon/system/utest/core/vmo/vmo.cc:1451: Failure: Expected bti.pin(ZX_BTI_PERM_READ, level.vmo, start, size, paddrs, expected_addrs, &pmt) is expected_status. Op was pin offset 0x3000 size 0x1000 in VMO (offset 0x1000
 size 0x4000 spe 0x1000)
    Expected: expected_status
    Which is: ZX_OK(0)
    Actual  : bti.pin(((uint32_t)1u << 0), level.vmo, start, size, paddrs, expected_addrs, &pmt)
    Which is: ZX_ERR_OUT_OF_RANGE(-14)
../../zircon/system/utest/core/vmo/vmo.cc:1451: Failure: Expected bti.pin(ZX_BTI_PERM_READ, level.vmo, start, size, paddrs, expected_addrs, &pmt) is expected_status. Op was pin offset 0x0 size 0x2000 in VMO (offset 0x1000 si
ze 0x2000 spe 0x2000)
    Expected: expected_status
    Which is: ZX_OK(0)
    Actual  : bti.pin(((uint32_t)1u << 0), level.vmo, start, size, paddrs, expected_addrs, &pmt)
    Which is: ZX_ERR_OUT_OF_RANGE(-14)
../../zircon/system/utest/core/vmo/vmo.cc:1451: Failure: Expected bti.pin(ZX_BTI_PERM_READ, level.vmo, start, size, paddrs, expected_addrs, &pmt) is expected_status. Op was pin offset 0x1000 size 0x1000 in VMO (offset 0x1000
 size 0x2000 spe 0x2000)
    Expected: expected_status
    Which is: ZX_OK(0)
    Actual  : bti.pin(((uint32_t)1u << 0), level.vmo, start, size, paddrs, expected_addrs, &pmt)
    Which is: ZX_ERR_OUT_OF_RANGE(-14)
../../zircon/system/utest/core/vmo/helpers.cc:39: Failure: Expected reserved_ram_info non null pointer. 
    Expected: nullptr
    Which is: 00 00 00 00 00 00 00 00
    Actual  : reserved_ram_info
    Which is: <nullptr>
../../zircon/system/utest/core/vmo/vmo.cc:1411: Failure: Expected res.error_value() is ZX_OK. 
    Expected: ZX_OK
    Which is: ZX_OK(0)
    Actual  : res.error_value()
    Which is: ZX_ERR_NO_RESOURCES(-3)
[  FAILED  ] VmoTestCase.PinTests (140 ms)
[ RUN      ] VmoTestCase.DecommitChildSliceTests
../../zircon/system/utest/core/vmo/vmo.cc:1532: Failure: Expected level.vmo.op_range(ZX_VMO_OP_DECOMMIT, start, size, nullptr, 0) is expected_status. Decommit op was offset 0x7000 size 0x1000 in VMO (offset 0x0 size 0x6000 s
pe 0x0)
    Expected: expected_status
    Which is: ZX_ERR_OUT_OF_RANGE(-14)
    Actual  : level.vmo.op_range(((uint32_t)2u), start, size, nullptr, 0)
    Which is: ZX_OK(0)
../../zircon/system/utest/core/vmo/vmo.cc:1532: Failure: Expected level.vmo.op_range(ZX_VMO_OP_DECOMMIT, start, size, nullptr, 0) is expected_status. Decommit op was offset 0x5000 size 0x1000 in VMO (offset 0x1000 size 0x400
0 spe 0x1000)
    Expected: expected_status
    Which is: ZX_ERR_OUT_OF_RANGE(-14)
    Actual  : level.vmo.op_range(((uint32_t)2u), start, size, nullptr, 0)
    Which is: ZX_OK(0)
../../zircon/system/utest/core/vmo/vmo.cc:1532: Failure: Expected level.vmo.op_range(ZX_VMO_OP_DECOMMIT, start, size, nullptr, 0) is expected_status. Decommit op was offset 0x5000 size 0x2000 in VMO (offset 0x1000 size 0x400
0 spe 0x1000)
    Expected: expected_status
    Which is: ZX_ERR_OUT_OF_RANGE(-14)
    Actual  : level.vmo.op_range(((uint32_t)2u), start, size, nullptr, 0)
    Which is: ZX_OK(0)
../../zircon/system/utest/core/vmo/vmo.cc:1532: Failure: Expected level.vmo.op_range(ZX_VMO_OP_DECOMMIT, start, size, nullptr, 0) is expected_status. Decommit op was offset 0x6000 size 0x1000 in VMO (offset 0x1000 size 0x400
0 spe 0x1000)
    Expected: expected_status
    Which is: ZX_ERR_OUT_OF_RANGE(-14)
    Actual  : level.vmo.op_range(((uint32_t)2u), start, size, nullptr, 0)
    Which is: ZX_OK(0)
../../zircon/system/utest/core/vmo/vmo.cc:1532: Failure: Expected level.vmo.op_range(ZX_VMO_OP_DECOMMIT, start, size, nullptr, 0) is expected_status. Decommit op was offset 0x3000 size 0x1000 in VMO (offset 0x1000 size 0x200
0 spe 0x2000)
    Expected: expected_status
    Which is: ZX_ERR_OUT_OF_RANGE(-14)
    Actual  : level.vmo.op_range(((uint32_t)2u), start, size, nullptr, 0)
    Which is: ZX_OK(0)
../../zircon/system/utest/core/vmo/vmo.cc:1532: Failure: Expected level.vmo.op_range(ZX_VMO_OP_DECOMMIT, start, size, nullptr, 0) is expected_status. Decommit op was offset 0x3000 size 0x2000 in VMO (offset 0x1000 size 0x200
0 spe 0x2000)
    Expected: expected_status
    Which is: ZX_ERR_OUT_OF_RANGE(-14)
    Actual  : level.vmo.op_range(((uint32_t)2u), start, size, nullptr, 0)
    Which is: ZX_OK(0)
../../zircon/system/utest/core/vmo/vmo.cc:1532: Failure: Expected level.vmo.op_range(ZX_VMO_OP_DECOMMIT, start, size, nullptr, 0) is expected_status. Decommit op was offset 0x3000 size 0x3000 in VMO (offset 0x1000 size 0x200
0 spe 0x2000)
    Expected: expected_status
    Which is: ZX_ERR_OUT_OF_RANGE(-14)
    Actual  : level.vmo.op_range(((uint32_t)2u), start, size, nullptr, 0)
    Which is: ZX_OK(0)
../../zircon/system/utest/core/vmo/vmo.cc:1532: Failure: Expected level.vmo.op_range(ZX_VMO_OP_DECOMMIT, start, size, nullptr, 0) is expected_status. Decommit op was offset 0x4000 size 0x1000 in VMO (offset 0x1000 size 0x200
0 spe 0x2000)
    Expected: expected_status
    Which is: ZX_ERR_OUT_OF_RANGE(-14)
    Actual  : level.vmo.op_range(((uint32_t)2u), start, size, nullptr, 0)
    Which is: ZX_OK(0)
../../zircon/system/utest/core/vmo/vmo.cc:1532: Failure: Expected level.vmo.op_range(ZX_VMO_OP_DECOMMIT, start, size, nullptr, 0) is expected_status. Decommit op was offset 0x4000 size 0x2000 in VMO (offset 0x1000 size 0x200
0 spe 0x2000)
    Expected: expected_status
    Which is: ZX_ERR_OUT_OF_RANGE(-14)
    Actual  : level.vmo.op_range(((uint32_t)2u), start, size, nullptr, 0)
    Which is: ZX_OK(0)
../../zircon/system/utest/core/vmo/vmo.cc:1532: Failure: Expected level.vmo.op_range(ZX_VMO_OP_DECOMMIT, start, size, nullptr, 0) is expected_status. Decommit op was offset 0x5000 size 0x1000 in VMO (offset 0x1000 size 0x200
0 spe 0x2000)
    Expected: expected_status
    Which is: ZX_ERR_OUT_OF_RANGE(-14)
    Actual  : level.vmo.op_range(((uint32_t)2u), start, size, nullptr, 0)
    Which is: ZX_OK(0)
[  FAILED  ] VmoTestCase.DecommitChildSliceTests (75 ms)
[----------] 21 tests from VmoTestCase (2069 ms total)

[----------] 7 tests from Bti
[ RUN      ] Bti.Create
[       OK ] Bti.Create (0 ms)
[ RUN      ] Bti.Pin
[       OK ] Bti.Pin (62 ms)
[ RUN      ] Bti.PinContiguous
[       OK ] Bti.PinContiguous (1 ms)
[ RUN      ] Bti.PinContigFlag
[       OK ] Bti.PinContigFlag (1 ms)
[ RUN      ] Bti.Resize
[       OK ] Bti.Resize (0 ms)
[ RUN      ] Bti.Clone
[       OK ] Bti.Clone (0 ms)
[ RUN      ] Bti.GetInfoTest
[       OK ] Bti.GetInfoTest (0 ms)
[----------] 7 tests from Bti (68 ms total)

[----------] 2 tests from DefaultExceptionHandlerTest
[ RUN      ] DefaultExceptionHandlerTest.UnhandledHardwareException
[31m[39.135947171s ERROR 0 0:0] User mode exception: UndefinedInstruction UserContext {
    general: GeneralRegs {
        rax: 0x0,
        rbx: 0x3c0200003fc4,
        rcx: 0x3c020000ba90,
        rdx: 0x3c0200003fb8,
        rsi: 0x0,
        rdi: 0x3,
        rbp: 0x3c0200003ff0,
        rsp: 0x3c0200003f00,
        r8: 0x8,
        r9: 0x0,
        r10: 0x0,
        r11: 0x3246,
        r12: 0x40,
        r13: 0x3c0200003fb8,
        r14: 0x3,
        r15: 0x3c0200003fa0,
        rip: 0x3c02000005d2,
        rflags: 0x3202,
        fsbase: 0x0,
        gsbase: 0x0,
    },
    trap_num: 0x6,
    error_code: 0x0,
}
[0m[       OK ] DefaultExceptionHandlerTest.UnhandledHardwareException (118 ms)
[ RUN      ] DefaultExceptionHandlerTest.UnhandledPolicyException
../../zircon/system/utest/core/default-exception-handler/default-exception-handler.cc:53: Failure: Expected mini_process_cmd(control.get(), minip_cmd, handle.reset_and_get_address()) is ZX_ERR_PEER_CLOSED. 
    Expected: (-24)
    Which is: ZX_ERR_PEER_CLOSED(-24)
    Actual  : mini_process_cmd(control.get(), minip_cmd, handle.reset_and_get_address())
    Which is: ZX_OK(0)
../../zircon/system/utest/core/default-exception-handler/default-exception-handler.cc:106: Failure: Test registered failures in RunMiniProcessTestHelper(job, MINIP_CMD_CREATE_EVENT, &exit_code). 
[  FAILED  ] DefaultExceptionHandlerTest.UnhandledPolicyException (123 ms)
[----------] 2 tests from DefaultExceptionHandlerTest (241 ms total)

[----------] 1 test from DebugLogTest
[ RUN      ] DebugLogTest.WriteRead
Debuglog test message.
 
[       OK ] DebugLogTest.WriteRead (0 ms)
[----------] 1 test from DebugLogTest (1 ms total)

[----------] 6 tests from InterruptTest
[ RUN      ] InterruptTest.NonBindablePort
[       OK ] InterruptTest.NonBindablePort (1 ms)
[ RUN      ] InterruptTest.BindPort
[       OK ] InterruptTest.BindPort (64 ms)
[ RUN      ] InterruptTest.UnBindPort
[       OK ] InterruptTest.UnBindPort (120 ms)
[ RUN      ] InterruptTest.VirtualInterrupts
[       OK ] InterruptTest.VirtualInterrupts (1 ms)
[ RUN      ] InterruptTest.UnableToBindVirtualInterruptToVcpu
[31m[39.452495353s ERROR 0 0:0] syscall unimplemented: GUEST_CREATE
[0mGuest creation not supported
[       OK ] InterruptTest.UnableToBindVirtualInterruptToVcpu (0 ms)
[ RUN      ] InterruptTest.NullOutputTimestamp
[       OK ] InterruptTest.NullOutputTimestamp (0 ms)
[----------] 6 tests from InterruptTest (190 ms total)

[----------] 3 tests from MsiTest
[ RUN      ] MsiTest.AllocateSyscall
[31m[39.454149958s ERROR 0 0:0] syscall unimplemented: MSI_ALLOCATE
[0m[       OK ] MsiTest.AllocateSyscall (0 ms)
[ RUN      ] MsiTest.CreateSyscallArgs
[31m[39.454801654s ERROR 0 0:0] syscall unimplemented: MSI_ALLOCATE
[0m[       OK ] MsiTest.CreateSyscallArgs (0 ms)
[ RUN      ] MsiTest.Msi
[31m[39.455662448s ERROR 0 0:0] syscall unimplemented: MSI_ALLOCATE
[0m[       OK ] MsiTest.Msi (0 ms)
[----------] 3 tests from MsiTest (2 ms total)

[----------] Global test environment tear-down.
[==========] 737 tests from 61 test cases ran (35869 ms total).
[  PASSED  ] 506 tests
[  FAILED  ] 231 tests, listed below:
[  FAILED  ] MemoryMappingTest.AddressSpaceLimitsTest
[  FAILED  ] MemoryMappingTest.MmapProtTest
[  FAILED  ] MemoryMappingTest.MprotectTest
[  FAILED  ] JobGetInfoTest.InfoJobProcessesNullAvailSucceeds
[  FAILED  ] JobGetInfoTest.InfoJobProcessesNullActualSucceeds
[  FAILED  ] JobGetInfoTest.InfoJobProcessesNullActualAndAvailSucceeds
[  FAILED  ] JobGetInfoTest.InfoJobProcessesInvalidBufferPointerFails
[  FAILED  ] JobGetInfoTest.InfoJobProcessesBadActualgIsInvalidArg
[  FAILED  ] JobGetInfoTest.InfoJobProcessesBadAvailIsInvalidArg
[  FAILED  ] JobGetInfoTest.InfoJobChildrenNullAvailSucceeds
[  FAILED  ] JobGetInfoTest.InfoJobChildrenNullActualSucceeds
[  FAILED  ] JobGetInfoTest.InfoJobChildrenNullActualAndAvailSucceeds
[  FAILED  ] JobGetInfoTest.InfoJobChildrenInvalidBufferPointerFails
[  FAILED  ] JobGetInfoTest.InfoJobChildrenBadActualgIsInvalidArg
[  FAILED  ] JobGetInfoTest.InfoJobChildrenBadAvailIsInvalidArg
[  FAILED  ] JobGetInfoTest.InfoHandleBasicZeroSizedBufferFails
[  FAILED  ] ProcessGetInfoTest.InfoProcessMapsUnstartedSuceeds
[  FAILED  ] ProcessGetInfoTest.InfoProcessMapsSmokeTest
[  FAILED  ] ProcessGetInfoTest.InfoProcessHandleStats
[  FAILED  ] ProcessGetInfoTest.InfoProcessHandleTable
[  FAILED  ] ProcessGetInfoTest.InfoProcessHandleTableInsufficientRights
[  FAILED  ] ProcessGetInfoTest.InfoProcessHandleTableEmpty
[  FAILED  ] ProcessGetInfoTest.InfoProcessHandleTableSelf
[  FAILED  ] ProcessGetInfoTest.InfoProcessHandleTableInvalidHandleFails
[  FAILED  ] ProcessGetInfoTest.InfoProcessHandleTableNullAvailSuceeds
[  FAILED  ] ProcessGetInfoTest.InfoProcessHandleTableNullActualAvailSuceeds
[  FAILED  ] ProcessGetInfoTest.InfoProcessHandleTableInvalidBufferPointerFails
[  FAILED  ] ProcessGetInfoTest.InfoProcessMapsOnSelfFails
[  FAILED  ] ProcessGetInfoTest.InfoProcessMapsInvalidHandleFails
[  FAILED  ] ProcessGetInfoTest.InfoProcessMapsNullAvailSucceeds
[  FAILED  ] ProcessGetInfoTest.InfoProcessMapsNullActualSucceeds
[  FAILED  ] ProcessGetInfoTest.InfoProcessMapsNullActualAndAvailSucceeds
[  FAILED  ] ProcessGetInfoTest.InfoProcessMapsInvalidBufferPointerFails
[  FAILED  ] ProcessGetInfoTest.InfoProcessMapsBadActualgIsInvalidArg
[  FAILED  ] ProcessGetInfoTest.InfoProcessMapsBadAvailIsInvalidArg
[  FAILED  ] ProcessGetInfoTest.InfoProcessMapsZeroSizedBufferIsOk
[  FAILED  ] ProcessGetInfoTest.InfoProcessMapsSmallBufferIsOk
[  FAILED  ] ProcessGetInfoTest.InfoProcessMapsPartiallyUnmappedBufferIsInvalidArgs
[  FAILED  ] ProcessGetInfoTest.InfoProcessMapsRequiresInspectRights
[  FAILED  ] ProcessGetInfoTest.InfoProcessVmosSmokeTest
[  FAILED  ] ProcessGetInfoTest.InfoProcessVmosInvalidHandleFails
[  FAILED  ] ProcessGetInfoTest.InfoProcessVmosNullAvailSucceeds
[  FAILED  ] ProcessGetInfoTest.InfoProcessVmosNullActualSucceeds
[  FAILED  ] ProcessGetInfoTest.InfoProcessVmosNullActualAndAvailSucceeds
[  FAILED  ] ProcessGetInfoTest.InfoProcessVmosInvalidBufferPointerFails
[  FAILED  ] ProcessGetInfoTest.InfoProcessVmosBadActualgIsInvalidArg
[  FAILED  ] ProcessGetInfoTest.InfoProcessVmosBadAvailIsInvalidArg
[  FAILED  ] ProcessGetInfoTest.InfoProcessVmosZeroSizedBufferIsOk
[  FAILED  ] ProcessGetInfoTest.InfoProcessVmosSmallBufferIsOk
[  FAILED  ] ProcessGetInfoTest.InfoProcessVmosPartiallyUnmappedBufferIsInvalidArgs
[  FAILED  ] ProcessGetInfoTest.InfoProcessVmosRequiresInspectRights
[  FAILED  ] ProcessGetInfoTest.InfoProcessVmosJobHandleIsBadHandle
[  FAILED  ] ProcessGetInfoTest.InfoProcessVmosThreadHandleIsBadHandle
[  FAILED  ] ProcessGetInfoTest.InfoHandleBasicZeroSizedFails
[  FAILED  ] ProcessGetInfoTest.InfoProcessZeroSizedBufferFails
[  FAILED  ] ProcessGetInfoTest.InfoProcessThreadsNullAvailSucceeds
[  FAILED  ] ProcessGetInfoTest.InfoProcessThreadsNullActualSucceeds
[  FAILED  ] ProcessGetInfoTest.InfoProcessThreadsNullActualAndAvailSucceeds
[  FAILED  ] ProcessGetInfoTest.InfoProcessThreadsInvalidBufferPointerFails
[  FAILED  ] ProcessGetInfoTest.InfoProcessThreadsBadActualgIsInvalidArg
[  FAILED  ] ProcessGetInfoTest.InfoProcessThreadsBadAvailIsInvalidArg
[  FAILED  ] TaskGetInfoTest.InfoTaskStatsZeroSizedBufferIsTooSmall
[  FAILED  ] TaskGetInfoTest.InfoTaskRuntimeInvalidHandle
[  FAILED  ] ThreadGetInfoTest.InfoHandleBasicZeroSizedBufferFails
[  FAILED  ] ThreadGetInfoTest.InfoHandleCountZeroSizedBufferFails
[  FAILED  ] ThreadGetInfoTest.InfoThreadZeroSizedBufferFails
[  FAILED  ] ThreadGetInfoTest.InfoThreadStatsOnSelfSuceeds
[  FAILED  ] ThreadGetInfoTest.InfoThreadStatsInvalidHandleFails
[  FAILED  ] ThreadGetInfoTest.InfoThreadStatsNullAvailSucceeds
[  FAILED  ] ThreadGetInfoTest.InfoThreadStatsNullActualSucceeds
[  FAILED  ] ThreadGetInfoTest.InfoThreadStatsNullActualAndAvailSucceeds
[  FAILED  ] ThreadGetInfoTest.InfoThreadStatsInvalidBufferPointerFails
[  FAILED  ] ThreadGetInfoTest.InfoThreadStatsBadActualgIsInvalidArg
[  FAILED  ] ThreadGetInfoTest.InfoThreadStatsBadAvailIsInvalidArg
[  FAILED  ] ThreadGetInfoTest.InfoThreadStatsZeroSizedBufferFails
[  FAILED  ] VmarGetInfoTest.InfoHandleBasicZeroSizedBufferFails
[  FAILED  ] VmarGetInfoTest.InfoVmarZeroSizedBufferFails
[  FAILED  ] Pager.SinglePageTest_vmar
[  FAILED  ] Pager.SinglePageTest_vmo
[  FAILED  ] Pager.UncommittedSinglePageTest_vmar
[  FAILED  ] Pager.UncommittedSinglePageTest_vmo
[  FAILED  ] Pager.PresupplyTest_vmar
[  FAILED  ] Pager.PresupplyTest_vmo
[  FAILED  ] Pager.EarlySupplyTest_vmar
[  FAILED  ] Pager.EarlySupplyTest_vmo
[  FAILED  ] Pager.SequentialMultipageTest_vmar
[  FAILED  ] Pager.SequentialMultipageTest_vmo
[  FAILED  ] Pager.ConcurrentMultipageAccessTest_vmar
[  FAILED  ] Pager.ConcurrentMultipageAccessTest_vmo
[  FAILED  ] Pager.ConcurrentOverlappingAccessTest_vmar
[  FAILED  ] Pager.ConcurrentOverlappingAccessTest_vmo
[  FAILED  ] Pager.BulkSingleSupplyTest_vmar
[  FAILED  ] Pager.BulkSingleSupplyTest_vmo
[  FAILED  ] Pager.BulkOddLengthSupplyTest_vmar
[  FAILED  ] Pager.BulkOddLengthSupplyTest_vmo
[  FAILED  ] Pager.BulkOddOffsetSupplyTest_vmar
[  FAILED  ] Pager.BulkOddOffsetSupplyTest_vmo
[  FAILED  ] Pager.OverlapSupplyTest_vmar
[  FAILED  ] Pager.OverlapSupplyTest_vmo
[  FAILED  ] Pager.ManyRequestTest_vmar
[  FAILED  ] Pager.ManyRequestTest_vmo
[  FAILED  ] Pager.SuccessiveVmoTest
[  FAILED  ] Pager.MultipleConcurrentVmoTest
[  FAILED  ] Pager.VmarUnmapTest
[  FAILED  ] Pager.VmarRemapTest
[  FAILED  ] Pager.VmarMapRangeTest
[  FAILED  ] Pager.ReadResizeTest_vmar
[  FAILED  ] Pager.ReadResizeTest_vmo
[  FAILED  ] Pager.SuspendReadTest_vmar
[  FAILED  ] Pager.SuspendReadTest_vmo
[  FAILED  ] Pager.VmoInfoPagerTest
[  FAILED  ] Pager.DetachPageCompleteTest
[  FAILED  ] Pager.ClosePageCompleteTest
[  FAILED  ] Pager.ReadCloseInterruptLateTest_vmar
[  FAILED  ] Pager.ReadCloseInterruptLateTest_vmo
[  FAILED  ] Pager.ReadDetachInterruptLateTest_vmar
[  FAILED  ] Pager.ReadDetachInterruptLateTest_vmo
[  FAILED  ] Pager.ReadCloseInterruptEarlyTest_vmar
[  FAILED  ] Pager.ReadCloseInterruptEarlyTest_vmo
[  FAILED  ] Pager.ReadDetachInterruptEarlyTest_vmar
[  FAILED  ] Pager.ReadDetachInterruptEarlyTest_vmo
[  FAILED  ] Pager.ClosePagerTest
[  FAILED  ] Pager.DetachClosePagerTest
[  FAILED  ] Pager.ClosePortTest
[  FAILED  ] Pager.CloneReadFromCloneTest_vmar
[  FAILED  ] Pager.CloneReadFromCloneTest_vmo
[  FAILED  ] Pager.CloneReadFromParentTest_vmar
[  FAILED  ] Pager.CloneReadFromParentTest_vmo
[  FAILED  ] Pager.CloneSimultaneousReadTest_vmar
[  FAILED  ] Pager.CloneSimultaneousReadTest_vmo
[  FAILED  ] Pager.CloneSimultaneousChildReadTest_vmar
[  FAILED  ] Pager.CloneSimultaneousChildReadTest_vmo
[  FAILED  ] Pager.CloneWriteToCloneTest_vmar
[  FAILED  ] Pager.CloneWriteToCloneTest_vmo
[  FAILED  ] Pager.CloneDetachTest
[  FAILED  ] Pager.CloneCommitTest
[  FAILED  ] Pager.CloneSplitCommitTest
[  FAILED  ] Pager.CloneResizeCloneHazard
[  FAILED  ] Pager.CloneResizeParentOK
[  FAILED  ] Pager.CloneShrinkGrowParent
[  FAILED  ] Pager.SimpleCommitTest
[  FAILED  ] Pager.SplitCommitTest
[  FAILED  ] Pager.OverlapCommitTest
[  FAILED  ] Pager.OverlapCommitSupplyTest
[  FAILED  ] Pager.MultisupplyCommitTest
[  FAILED  ] Pager.MulticommitSupplyTest
[  FAILED  ] Pager.CommitRedundantSupplyTest
[  FAILED  ] Pager.ResizeCommitTest
[  FAILED  ] Pager.SuspendCommitTest
[  FAILED  ] Pager.InvalidPagerCreate
[  FAILED  ] Pager.InvalidPagerCreateVmo
[  FAILED  ] Pager.InvalidPagerDetachVmo
[  FAILED  ] Pager.InvalidPagerSupplyPages
[  FAILED  ] Pager.ResizeNonresizableVmo
[  FAILED  ] Pager.DecommitTest
[  FAILED  ] Pager.UncommittedSupply
[  FAILED  ] Pager.InvalidPagerOpRange
[  FAILED  ] Pager.FailSinglePage_vmar
[  FAILED  ] Pager.FailSinglePage_vmo
[  FAILED  ] Pager.FailExactRange
[  FAILED  ] Pager.FailMultipleCommits
[  FAILED  ] Pager.FailMultipleVmos
[  FAILED  ] Pager.FailOverlappingRange
[  FAILED  ] Pager.FailRedundant
[  FAILED  ] Pager.FailAfterDetach
[  FAILED  ] Pager.SupplyAfterFail
[  FAILED  ] Pager.FailErrorCode
[  FAILED  ] Pager.WritingZeroFork
[  FAILED  ] Pager.CleanThreadKill
[  FAILED  ] PortTest.EventAsyncSignalWaitSingle
[  FAILED  ] PortTest.CancelEventKey
[  FAILED  ] PortTest.CancelEventKeyAfter
[  FAILED  ] ProcessTest.GetRuntimeNoPermission
[  FAILED  ] ProcessTest.InfoReflectsProcessState
[  FAILED  ] ProcessTest.Suspend
[  FAILED  ] ProcessTest.SuspendMultipleThreads
[  FAILED  ] ProcessTest.SuspendBeforeCreatingThreads
[  FAILED  ] ProcessTest.SuspendBeforeStartingThreads
[  FAILED  ] ProcessTest.SuspendProcessThenThread
[  FAILED  ] ProcessTest.SuspendThreadThenProcess
[  FAILED  ] ProcessTest.SuspendThreadAndProcessBeforeStartingProcess
[  FAILED  ] ProcessTest.SuspendTwice
[  FAILED  ] ProcessTest.SuspendTwiceBeforeCreatingThreads
[  FAILED  ] ProcessTest.SuspendWithDyingThread
[  FAILED  ] ProcessTest.GetTaskRuntime
[  FAILED  ] ProcessTest.ForbidDestroyRootVmar
[  FAILED  ] ProcessTest.ProcessHwTraceContextIdProperty
[  FAILED  ] SocketTest.ReadIntoBadBuffer
[  FAILED  ] SocketTest.WriteFromBadBuffer
[  FAILED  ] Threads.InfoThreadStatsFails
[  FAILED  ] Threads.GetLastScheduledCpu
[  FAILED  ] Threads.GetInfoRuntime
[  FAILED  ] Threads.GetAffinity
[  FAILED  ] Threads.SuspendSingleWaitAsyncSignalDelivery
[  FAILED  ] Threads.SuspendRepeatingWaitAsyncSignalDelivery
[  FAILED  ] Threads.WritingSingleStepState
[  FAILED  ] Threads.WritingFpRegisterState
[  FAILED  ] Threads.WritingVectorRegisterState
[  FAILED  ] Threads.WritingVectorRegisterState_UnsupportedFieldsIgnored
[  FAILED  ] Threads.WriteThreadStateWithInvalidMxcsrIsInvalidArgs
[  FAILED  ] Threads.NoncanonicalRipAddressSyscall
[  FAILED  ] Threads.WriteReadDebugRegisterState
[  FAILED  ] Vmar.MapInUppderLimitTest
[  FAILED  ] Vmar.AllocateUnsatisfiableTest
[  FAILED  ] Vmar.DestroyedVmarTest
[  FAILED  ] Vmar.AlignmentVmarMapTest
[  FAILED  ] Vmar.AlignmentVmarAllocateTest
[  FAILED  ] Vmar.VmarMapRangeOffsetTest
[  FAILED  ] Vmar.OvermappingTest
[  FAILED  ] Vmar.InvalidArgsTest
[  FAILED  ] Vmar.RightsDropTest
[  FAILED  ] Vmar.ProtectTest
[  FAILED  ] Vmar.ProtectSplitTest
[  FAILED  ] Vmar.ProtectMultipleTest
[  FAILED  ] Vmar.RangeOpCommitVmoPages
[  FAILED  ] Vmar.RangeOpMapRange
[  FAILED  ] Vmar.PartialUnmapAndRead
[  FAILED  ] Vmar.PartialUnmapAndWrite
[  FAILED  ] Vmar.PartialUnmapWithVmarOffset
[  FAILED  ] VmoClone2TestCase.ManyCloneMappingOffset
[  FAILED  ] VmoClone2TestCase.NoPhysical
[  FAILED  ] VmoClone2TestCase.NoSnapshotPager
[  FAILED  ] VmoSliceTestCase.Pin
[  FAILED  ] VmoTestCase.Info
[  FAILED  ] VmoTestCase.Rights
[  FAILED  ] VmoTestCase.PhysicalSlice
[  FAILED  ] VmoTestCase.DecommitMisaligned
[  FAILED  ] VmoTestCase.CompressedContiguous
[  FAILED  ] VmoTestCase.PinTests
[  FAILED  ] VmoTestCase.DecommitChildSliceTests
[  FAILED  ] DefaultExceptionHandlerTest.UnhandledPolicyException
231 FAILED TESTS
userboot: loader-service channel peer closed
userboot: finished!
FINISHED
All checked case passed!
